WARNING:tensorflow:From /home/adityad/HyTE/HyTE-master/time_proj_tdns_scope.py:512: calling reduce_sum (from tensorflow.python.ops.math_ops) with keep_dims is deprecated and will be removed in a future version.
Instructions for updating:
keep_dims is deprecated, use keepdims instead
WARNING:tensorflow:From /home/adityad/HyTE/HyTE-master/time_proj_tdns_scope.py:531: calling l2_normalize (from tensorflow.python.ops.nn_impl) with dim is deprecated and will be removed in a future version.
Instructions for updating:
dim is deprecated, use axis instead
2023-12-06 22:09:05.577326: I tensorflow/core/platform/cpu_feature_guard.cc:141] Your CPU supports instructions that this TensorFlow binary was not compiled to use: AVX2 AVX512F FMA
here in main
model done
model object created
enter fitting
start fitting
Epoch 0	Loss 489488.84375	 model lit_comb_classes_temporal_06_12_2023_22:03:46
Epoch 10	Loss 278177.84375	 model lit_comb_classes_temporal_06_12_2023_22:03:46
Epoch 20	Loss 229753.5625	 model lit_comb_classes_temporal_06_12_2023_22:03:46
Epoch 30	Loss 216276.59375	 model lit_comb_classes_temporal_06_12_2023_22:03:46
Epoch 40	Loss 205605.109375	 model lit_comb_classes_temporal_06_12_2023_22:03:46
Epoch 50	Loss 194593.671875	 model lit_comb_classes_temporal_06_12_2023_22:03:46
0. no of valid_triples complete
1000. no of valid_triples complete
2000. no of valid_triples complete
3000. no of valid_triples complete
4000. no of valid_triples complete
Validation Ended
Epoch 60	Loss 182347.0625	 model lit_comb_classes_temporal_06_12_2023_22:03:46
Epoch 70	Loss 172540.96875	 model lit_comb_classes_temporal_06_12_2023_22:03:46
Epoch 80	Loss 165113.6875	 model lit_comb_classes_temporal_06_12_2023_22:03:46
Epoch 90	Loss 160385.21875	 model lit_comb_classes_temporal_06_12_2023_22:03:46
Epoch 100	Loss 156913.796875	 model lit_comb_classes_temporal_06_12_2023_22:03:46
0. no of valid_triples complete
1000. no of valid_triples complete
2000. no of valid_triples complete
3000. no of valid_triples complete
4000. no of valid_triples complete
Validation Ended
Epoch 110	Loss 154103.15625	 model lit_comb_classes_temporal_06_12_2023_22:03:46
Epoch 120	Loss 151622.1875	 model lit_comb_classes_temporal_06_12_2023_22:03:46
Epoch 130	Loss 149424.3125	 model lit_comb_classes_temporal_06_12_2023_22:03:46
Epoch 140	Loss 147472.9375	 model lit_comb_classes_temporal_06_12_2023_22:03:46
Epoch 150	Loss 145690.578125	 model lit_comb_classes_temporal_06_12_2023_22:03:46
0. no of valid_triples complete
1000. no of valid_triples complete
2000. no of valid_triples complete
3000. no of valid_triples complete
4000. no of valid_triples complete
Validation Ended
Epoch 160	Loss 144109.921875	 model lit_comb_classes_temporal_06_12_2023_22:03:46
Epoch 170	Loss 142684.46875	 model lit_comb_classes_temporal_06_12_2023_22:03:46
Epoch 180	Loss 141401.0625	 model lit_comb_classes_temporal_06_12_2023_22:03:46
Epoch 190	Loss 140245.734375	 model lit_comb_classes_temporal_06_12_2023_22:03:46
Epoch 200	Loss 139219.5625	 model lit_comb_classes_temporal_06_12_2023_22:03:46
0. no of valid_triples complete
1000. no of valid_triples complete
2000. no of valid_triples complete
3000. no of valid_triples complete
4000. no of valid_triples complete
Validation Ended
Epoch 210	Loss 138305.265625	 model lit_comb_classes_temporal_06_12_2023_22:03:46
Epoch 220	Loss 137404.6875	 model lit_comb_classes_temporal_06_12_2023_22:03:46
Epoch 230	Loss 136618.78125	 model lit_comb_classes_temporal_06_12_2023_22:03:46
Epoch 240	Loss 135894.09375	 model lit_comb_classes_temporal_06_12_2023_22:03:46
Epoch 250	Loss 135169.984375	 model lit_comb_classes_temporal_06_12_2023_22:03:46
0. no of valid_triples complete
1000. no of valid_triples complete
2000. no of valid_triples complete
3000. no of valid_triples complete
4000. no of valid_triples complete
Validation Ended
Epoch 260	Loss 134533.171875	 model lit_comb_classes_temporal_06_12_2023_22:03:46
Epoch 270	Loss 133876.5625	 model lit_comb_classes_temporal_06_12_2023_22:03:46
Epoch 280	Loss 133298.8125	 model lit_comb_classes_temporal_06_12_2023_22:03:46
Epoch 290	Loss 132723.453125	 model lit_comb_classes_temporal_06_12_2023_22:03:46
Epoch 300	Loss 132174.625	 model lit_comb_classes_temporal_06_12_2023_22:03:46
0. no of valid_triples complete
1000. no of valid_triples complete
2000. no of valid_triples complete
3000. no of valid_triples complete
4000. no of valid_triples complete
Validation Ended
Epoch 310	Loss 131657.640625	 model lit_comb_classes_temporal_06_12_2023_22:03:46
Epoch 320	Loss 131154.984375	 model lit_comb_classes_temporal_06_12_2023_22:03:46
Epoch 330	Loss 130662.8359375	 model lit_comb_classes_temporal_06_12_2023_22:03:46
Epoch 340	Loss 130192.3359375	 model lit_comb_classes_temporal_06_12_2023_22:03:46
Epoch 350	Loss 129743.140625	 model lit_comb_classes_temporal_06_12_2023_22:03:46
0. no of valid_triples complete
1000. no of valid_triples complete
2000. no of valid_triples complete
3000. no of valid_triples complete
4000. no of valid_triples complete
Validation Ended
Epoch 360	Loss 129315.8359375	 model lit_comb_classes_temporal_06_12_2023_22:03:46
Epoch 370	Loss 128907.9609375	 model lit_comb_classes_temporal_06_12_2023_22:03:46
Epoch 380	Loss 128521.4140625	 model lit_comb_classes_temporal_06_12_2023_22:03:46
Epoch 390	Loss 128159.3046875	 model lit_comb_classes_temporal_06_12_2023_22:03:46
Epoch 400	Loss 127782.140625	 model lit_comb_classes_temporal_06_12_2023_22:03:46
0. no of valid_triples complete
1000. no of valid_triples complete
2000. no of valid_triples complete
3000. no of valid_triples complete
4000. no of valid_triples complete
Validation Ended
Epoch 410	Loss 127452.484375	 model lit_comb_classes_temporal_06_12_2023_22:03:46
Epoch 420	Loss 127102.0859375	 model lit_comb_classes_temporal_06_12_2023_22:03:46
Epoch 430	Loss 126770.5859375	 model lit_comb_classes_temporal_06_12_2023_22:03:46
Epoch 440	Loss 126466.46875	 model lit_comb_classes_temporal_06_12_2023_22:03:46
Epoch 450	Loss 126177.3046875	 model lit_comb_classes_temporal_06_12_2023_22:03:46
0. no of valid_triples complete
1000. no of valid_triples complete
2000. no of valid_triples complete
3000. no of valid_triples complete
4000. no of valid_triples complete
Validation Ended
Epoch 460	Loss 125859.4140625	 model lit_comb_classes_temporal_06_12_2023_22:03:46
Epoch 470	Loss 125575.4296875	 model lit_comb_classes_temporal_06_12_2023_22:03:46
Epoch 480	Loss 125315.9609375	 model lit_comb_classes_temporal_06_12_2023_22:03:46
Epoch 490	Loss 125037.1640625	 model lit_comb_classes_temporal_06_12_2023_22:03:46
Epoch 500	Loss 124765.9296875	 model lit_comb_classes_temporal_06_12_2023_22:03:46
0. no of valid_triples complete
1000. no of valid_triples complete
2000. no of valid_triples complete
3000. no of valid_triples complete
4000. no of valid_triples complete
Validation Ended
Epoch 510	Loss 124532.125	 model lit_comb_classes_temporal_06_12_2023_22:03:46
Epoch 520	Loss 124288.6953125	 model lit_comb_classes_temporal_06_12_2023_22:03:46
Epoch 530	Loss 124054.5859375	 model lit_comb_classes_temporal_06_12_2023_22:03:46
Epoch 540	Loss 123817.5546875	 model lit_comb_classes_temporal_06_12_2023_22:03:46
Epoch 550	Loss 123604.4296875	 model lit_comb_classes_temporal_06_12_2023_22:03:46
0. no of valid_triples complete
1000. no of valid_triples complete
2000. no of valid_triples complete
3000. no of valid_triples complete
4000. no of valid_triples complete
Validation Ended
Epoch 560	Loss 123397.015625	 model lit_comb_classes_temporal_06_12_2023_22:03:46
Epoch 570	Loss 123188.5859375	 model lit_comb_classes_temporal_06_12_2023_22:03:46
Epoch 580	Loss 122977.765625	 model lit_comb_classes_temporal_06_12_2023_22:03:46
Epoch 590	Loss 122791.75	 model lit_comb_classes_temporal_06_12_2023_22:03:46
