yago_type1_lit_data_temporal_scoping_model_30_11_2023_12:31:17
Epoch 25 :  time_rank 64.31771428571429
Epoch 50 :  time_rank 64.11171428571429
Epoch 75 :  time_rank 62.901714285714284
Epoch 100 :  time_rank 61.74314285714286
Epoch 125 :  time_rank 61.703714285714284
Epoch 150 :  time_rank 61.45628571428571
Epoch 175 :  time_rank 60.77428571428572
Epoch 200 :  time_rank 60.214285714285715
Epoch 225 :  time_rank 59.668285714285716
Epoch 250 :  time_rank 59.04714285714286
Epoch 275 :  time_rank 58.460857142857144
Epoch 300 :  time_rank 57.78257142857143
Epoch 325 :  time_rank 57.132
Epoch 350 :  time_rank 56.44
Epoch 375 :  time_rank 55.777142857142856
Epoch 400 :  time_rank 55.078857142857146
Epoch 425 :  time_rank 54.37685714285714
Epoch 450 :  time_rank 53.74057142857143
Epoch 475 :  time_rank 53.142857142857146
Epoch 500 :  time_rank 52.55914285714286
Epoch 525 :  time_rank 52.09
Epoch 550 :  time_rank 51.66742857142857
Epoch 575 :  time_rank 51.323142857142855
Epoch 600 :  time_rank 50.99628571428571
Epoch 625 :  time_rank 50.71742857142857
Epoch 650 :  time_rank 50.399142857142856
Epoch 675 :  time_rank 50.09942857142857
Epoch 700 :  time_rank 49.876285714285714
Epoch 725 :  time_rank 49.658857142857144
Epoch 750 :  time_rank 49.45857142857143
Epoch 775 :  time_rank 49.24485714285714
Epoch 800 :  time_rank 49.03171428571429
Epoch 825 :  time_rank 48.8
Epoch 850 :  time_rank 48.64657142857143
Epoch 875 :  time_rank 48.51857142857143
Epoch 900 :  time_rank 48.360285714285716
Epoch 925 :  time_rank 48.19914285714286
Epoch 950 :  time_rank 48.034571428571425
Epoch 975 :  time_rank 47.876
Epoch 1000 :  time_rank 47.74628571428571
Epoch 1025 :  time_rank 47.57971428571429
Epoch 1050 :  time_rank 47.43
Epoch 1075 :  time_rank 47.274857142857144
Epoch 1100 :  time_rank 47.12657142857143
Epoch 1125 :  time_rank 47.00857142857143
Epoch 1150 :  time_rank 46.86714285714286
Epoch 1175 :  time_rank 46.72257142857143
Epoch 1200 :  time_rank 46.587714285714284
Epoch 1225 :  time_rank 46.44171428571428
Epoch 1250 :  time_rank 46.303714285714285
Epoch 1275 :  time_rank 46.127428571428574
Epoch 1300 :  time_rank 45.96771428571429
Epoch 1325 :  time_rank 45.808
Epoch 1350 :  time_rank 45.684285714285714
Epoch 1375 :  time_rank 45.548
Epoch 1400 :  time_rank 45.417142857142856
Epoch 1425 :  time_rank 45.315714285714286
Epoch 1450 :  time_rank 45.214285714285715
Epoch 1475 :  time_rank 45.122
Epoch 1500 :  time_rank 45.024857142857144
Epoch 1525 :  time_rank 44.928
Epoch 1550 :  time_rank 44.84542857142857
Epoch 1575 :  time_rank 44.782
Epoch 1600 :  time_rank 44.70885714285714
Epoch 1625 :  time_rank 44.654857142857146
Epoch 1650 :  time_rank 44.578857142857146
Epoch 1675 :  time_rank 44.52057142857143
Epoch 1700 :  time_rank 44.468
Epoch 1725 :  time_rank 44.41942857142857
Epoch 1750 :  time_rank 44.39657142857143
Epoch 1775 :  time_rank 44.36257142857143
Epoch 1800 :  time_rank 44.34885714285714
Epoch 1825 :  time_rank 44.33428571428571
Epoch 1850 :  time_rank 44.313428571428574
Epoch 1875 :  time_rank 44.298
Epoch 1900 :  time_rank 44.28885714285714
Epoch 1925 :  time_rank 44.25942857142857
Epoch 1950 :  time_rank 44.252
Epoch 1975 :  time_rank 44.244571428571426
Traceback (most recent call last):
  File "/home/adityad/HyTE/HyTE-master/result_eval_time.py", line 16, in <module>
    model_time = open('/home/adityad/temp_scope/'+args.model+'/valid_time_pred_{}.txt'.format(k))
FileNotFoundError: [Errno 2] No such file or directory: '/home/adityad/temp_scope/yago_type1_lit_data_temporal_scoping_model_30_11_2023_12:31:17/valid_time_pred_2000.txt'
