lit_comb_classes_yago_data_model
Epoch 5 :  test_rel rank 2.56
Epoch 10 :  test_rel rank 2.4452
Epoch 15 :  test_rel rank 2.4856
Epoch 20 :  test_rel rank 2.5036
Epoch 25 :  test_rel rank 2.4776
Epoch 30 :  test_rel rank 2.4522
Epoch 35 :  test_rel rank 2.4699999999999998
Epoch 40 :  test_rel rank 2.5061999999999998
Epoch 45 :  test_rel rank 2.5187999999999997
Epoch 50 :  test_rel rank 2.5068
Epoch 55 :  test_rel rank 2.4618
Epoch 60 :  test_rel rank 2.4442
Epoch 65 :  test_rel rank 2.3979999999999997
Epoch 70 :  test_rel rank 2.3514
Epoch 75 :  test_rel rank 2.2788
Epoch 80 :  test_rel rank 2.223
Epoch 85 :  test_rel rank 2.1698
Epoch 90 :  test_rel rank 2.1352
Epoch 95 :  test_rel rank 2.1042
Epoch 100 :  test_rel rank 2.0460000000000003
Epoch 105 :  test_rel rank 1.9552
Epoch 110 :  test_rel rank 1.9285999999999999
Epoch 115 :  test_rel rank 1.9180000000000001
Epoch 120 :  test_rel rank 1.9104
Epoch 125 :  test_rel rank 1.9038
Epoch 130 :  test_rel rank 1.8963999999999999
Epoch 135 :  test_rel rank 1.8944
Epoch 140 :  test_rel rank 1.8925999999999998
Epoch 145 :  test_rel rank 1.8866
Epoch 150 :  test_rel rank 1.8848
Epoch 155 :  test_rel rank 1.8798
Epoch 160 :  test_rel rank 1.8756
Epoch 165 :  test_rel rank 1.8698000000000001
Epoch 170 :  test_rel rank 1.8683999999999998
Epoch 175 :  test_rel rank 1.862
Epoch 180 :  test_rel rank 1.8558
Epoch 185 :  test_rel rank 1.8508
Epoch 190 :  test_rel rank 1.8488
Epoch 195 :  test_rel rank 1.8454000000000002
Epoch 200 :  test_rel rank 1.8397999999999999
Epoch 205 :  test_rel rank 1.8394
Epoch 210 :  test_rel rank 1.839
Epoch 215 :  test_rel rank 1.8372000000000002
Epoch 220 :  test_rel rank 1.8364
Epoch 225 :  test_rel rank 1.835
Epoch 230 :  test_rel rank 1.8326
Epoch 235 :  test_rel rank 1.8344
Epoch 240 :  test_rel rank 1.8334000000000001
Epoch 245 :  test_rel rank 1.8344
Epoch 250 :  test_rel rank 1.8342
Epoch 255 :  test_rel rank 1.8344
Epoch 260 :  test_rel rank 1.8326
Epoch 265 :  test_rel rank 1.8317999999999999
Epoch 270 :  test_rel rank 1.8314
Epoch 275 :  test_rel rank 1.833
Epoch 280 :  test_rel rank 1.8336000000000001
Epoch 285 :  test_rel rank 1.8342
Epoch 290 :  test_rel rank 1.833
Epoch 295 :  test_rel rank 1.8328
Epoch 300 :  test_rel rank 1.8346
Epoch 305 :  test_rel rank 1.8354
Epoch 310 :  test_rel rank 1.8376000000000001
Epoch 315 :  test_rel rank 1.8352
Epoch 320 :  test_rel rank 1.8362
Epoch 325 :  test_rel rank 1.8359999999999999
Epoch 330 :  test_rel rank 1.8357999999999999
Epoch 335 :  test_rel rank 1.8374000000000001
Epoch 340 :  test_rel rank 1.8382
Epoch 345 :  test_rel rank 1.8406
Epoch 350 :  test_rel rank 1.8418
Epoch 355 :  test_rel rank 1.8424
Epoch 360 :  test_rel rank 1.8428
Epoch 365 :  test_rel rank 1.8441999999999998
Epoch 370 :  test_rel rank 1.8477999999999999
Epoch 375 :  test_rel rank 1.8486
Epoch 380 :  test_rel rank 1.8492
Epoch 385 :  test_rel rank 1.8484
Epoch 390 :  test_rel rank 1.8502
Epoch 395 :  test_rel rank 1.8518
Epoch 400 :  test_rel rank 1.8538000000000001
Epoch 405 :  test_rel rank 1.8534000000000002
Epoch 410 :  test_rel rank 1.8534000000000002
Epoch 415 :  test_rel rank 1.8542
Epoch 420 :  test_rel rank 1.853
Epoch 425 :  test_rel rank 1.853
Epoch 430 :  test_rel rank 1.8532
Epoch 435 :  test_rel rank 1.8544
Epoch 440 :  test_rel rank 1.857
Epoch 445 :  test_rel rank 1.858
Epoch 450 :  test_rel rank 1.8596
Epoch 455 :  test_rel rank 1.8588
Epoch 460 :  test_rel rank 1.858
Epoch 465 :  test_rel rank 1.8582
Epoch 470 :  test_rel rank 1.8608
Epoch 475 :  test_rel rank 1.8608
Epoch 480 :  test_rel rank 1.8599999999999999
Epoch 485 :  test_rel rank 1.8604
Epoch 490 :  test_rel rank 1.8598
Epoch 495 :  test_rel rank 1.8598
Epoch 500 :  test_rel rank 1.8608
Epoch 505 :  test_rel rank 1.8606
Epoch 510 :  test_rel rank 1.8626
Epoch 515 :  test_rel rank 1.8608
Epoch 520 :  test_rel rank 1.8616000000000001
Epoch 525 :  test_rel rank 1.857
Epoch 530 :  test_rel rank 1.859
Epoch 535 :  test_rel rank 1.858
Epoch 540 :  test_rel rank 1.859
Epoch 545 :  test_rel rank 1.8592
Epoch 550 :  test_rel rank 1.8596
Epoch 555 :  test_rel rank 1.8632
Epoch 560 :  test_rel rank 1.8626
Epoch 565 :  test_rel rank 1.8646
Epoch 570 :  test_rel rank 1.8636
Epoch 575 :  test_rel rank 1.8641999999999999
Epoch 580 :  test_rel rank 1.8643999999999998
Epoch 585 :  test_rel rank 1.8616000000000001
Epoch 590 :  test_rel rank 1.8608
Epoch 595 :  test_rel rank 1.8599999999999999
Epoch 600 :  test_rel rank 1.8618000000000001
Epoch 605 :  test_rel rank 1.8614000000000002
Epoch 610 :  test_rel rank 1.8606
Epoch 615 :  test_rel rank 1.8616000000000001
Epoch 620 :  test_rel rank 1.8598
Epoch 625 :  test_rel rank 1.8616000000000001
Epoch 630 :  test_rel rank 1.861
Epoch 635 :  test_rel rank 1.8582
Epoch 640 :  test_rel rank 1.8594
Epoch 645 :  test_rel rank 1.8618000000000001
Epoch 650 :  test_rel rank 1.8622
Epoch 655 :  test_rel rank 1.8618000000000001
Epoch 660 :  test_rel rank 1.8612
Epoch 665 :  test_rel rank 1.8612
Epoch 670 :  test_rel rank 1.8612
Epoch 675 :  test_rel rank 1.8612
Epoch 680 :  test_rel rank 1.8612
Epoch 685 :  test_rel rank 1.8612
Epoch 690 :  test_rel rank 1.8612
Epoch 695 :  test_rel rank 1.8612
Epoch 700 :  test_rel rank 1.8612
Epoch 705 :  test_rel rank 1.8612
Epoch 710 :  test_rel rank 1.8612
Epoch 715 :  test_rel rank 1.8612
Epoch 720 :  test_rel rank 1.8612
Epoch 725 :  test_rel rank 1.8612
Epoch 730 :  test_rel rank 1.8612
Epoch 735 :  test_rel rank 1.8612
Epoch 740 :  test_rel rank 1.8612
Epoch 745 :  test_rel rank 1.8612
Epoch 750 :  test_rel rank 1.8612
Epoch 755 :  test_rel rank 1.8612
Epoch 760 :  test_rel rank 1.8612
Epoch 765 :  test_rel rank 1.8612
Epoch 770 :  test_rel rank 1.8612
Epoch 775 :  test_rel rank 1.8612
Epoch 780 :  test_rel rank 1.8612
Epoch 785 :  test_rel rank 1.8612
Epoch 790 :  test_rel rank 1.8612
Epoch 795 :  test_rel rank 1.8612
Epoch 800 :  test_rel rank 1.8612
Epoch 805 :  test_rel rank 1.8612
Epoch 810 :  test_rel rank 1.8612
Epoch 815 :  test_rel rank 1.8612
Epoch 820 :  test_rel rank 1.8612
Epoch 825 :  test_rel rank 1.8612
Epoch 830 :  test_rel rank 1.8612
Epoch 835 :  test_rel rank 1.8612
Epoch 840 :  test_rel rank 1.8612
Epoch 845 :  test_rel rank 1.8612
Epoch 850 :  test_rel rank 1.8612
Epoch 855 :  test_rel rank 1.8612
Epoch 860 :  test_rel rank 1.8612
Epoch 865 :  test_rel rank 1.8612
Epoch 870 :  test_rel rank 1.8612
Epoch 875 :  test_rel rank 1.8612
Epoch 880 :  test_rel rank 1.8612
Epoch 885 :  test_rel rank 1.8612
Epoch 890 :  test_rel rank 1.8612
Epoch 895 :  test_rel rank 1.8612
Epoch 900 :  test_rel rank 1.8612
Epoch 905 :  test_rel rank 1.8612
Epoch 910 :  test_rel rank 1.8612
Epoch 915 :  test_rel rank 1.8612
Epoch 920 :  test_rel rank 1.8612
Epoch 925 :  test_rel rank 1.8612
Epoch 930 :  test_rel rank 1.8612
Epoch 935 :  test_rel rank 1.8612
Epoch 940 :  test_rel rank 1.8612
Epoch 945 :  test_rel rank 1.8612
Epoch 950 :  test_rel rank 1.8612
Epoch 955 :  test_rel rank 1.8612
Epoch 960 :  test_rel rank 1.8612
Epoch 965 :  test_rel rank 1.8612
Epoch 970 :  test_rel rank 1.8612
Epoch 975 :  test_rel rank 1.8612
Epoch 980 :  test_rel rank 1.8612
Epoch 985 :  test_rel rank 1.8612
Epoch 990 :  test_rel rank 1.8612
Epoch 995 :  test_rel rank 1.8612
Traceback (most recent call last):
  File "/home/adityad/HyTE/HyTE-master/result_eval_relation.py", line 16, in <module>
    model_output_rel = open('results/'+args.model+'/valid_rel_pred_{}.txt'.format(k))
FileNotFoundError: [Errno 2] No such file or directory: 'results/lit_comb_classes_yago_data_model/valid_rel_pred_1000.txt'
