yago_data_neg_sample_5_mar_10_l2_0.00_model
Epoch 50 : valid_tail rank 201.06793743890518	 valid_head rank 1295.4423264907136
Epoch 50 : valid_tail HIT@10 22.043010752688172	 valid_head HIT@10 4.1544477028347995
Epoch 50 : valid_tail HIT@20 31.085043988269796	 valid_head HIT@20 6.158357771260997
------------------------------------------
Best Validation Epoch till now Epoch 50, tail rank: 201.06793743890518, head rank: 1295.4423264907136
------------------------------------------
Epoch 100 : valid_tail rank 124.35092864125122	 valid_head rank 1151.4017595307919
Epoch 100 : valid_tail HIT@10 33.62658846529814	 valid_head HIT@10 14.613880742913002
Epoch 100 : valid_tail HIT@20 43.54838709677419	 valid_head HIT@20 18.132942326490713
------------------------------------------
Best Validation Epoch till now Epoch 100, tail rank: 124.35092864125122, head rank: 1151.4017595307919
------------------------------------------
Epoch 150 : valid_tail rank 115.01270772238514	 valid_head rank 1113.6764418377322
Epoch 150 : valid_tail HIT@10 37.29227761485826	 valid_head HIT@10 15.982404692082111
Epoch 150 : valid_tail HIT@20 47.01857282502444	 valid_head HIT@20 20.13685239491691
------------------------------------------
Best Validation Epoch till now Epoch 150, tail rank: 115.01270772238514, head rank: 1113.6764418377322
------------------------------------------
Epoch 200 : valid_tail rank 115.57233626588466	 valid_head rank 1115.8553274682306
Epoch 200 : valid_tail HIT@10 37.92766373411535	 valid_head HIT@10 16.080156402737046
Epoch 200 : valid_tail HIT@20 48.142717497556205	 valid_head HIT@20 21.21212121212121
------------------------------------------
Best Validation Epoch till now Epoch 150, tail rank: 115.01270772238514, head rank: 1113.6764418377322
------------------------------------------
Epoch 250 : valid_tail rank 128.79618768328447	 valid_head rank 1127.2956989247311
Epoch 250 : valid_tail HIT@10 38.36754643206256	 valid_head HIT@10 16.080156402737046
Epoch 250 : valid_tail HIT@20 48.28934506353861	 valid_head HIT@20 21.603128054740957
------------------------------------------
Best Validation Epoch till now Epoch 150, tail rank: 115.01270772238514, head rank: 1113.6764418377322
------------------------------------------
Epoch 300 : valid_tail rank 145.1104594330401	 valid_head rank 1143.4584555229717
Epoch 300 : valid_tail HIT@10 38.07429130009775	 valid_head HIT@10 15.835777126099707
Epoch 300 : valid_tail HIT@20 48.142717497556205	 valid_head HIT@20 22.09188660801564
------------------------------------------
Best Validation Epoch till now Epoch 150, tail rank: 115.01270772238514, head rank: 1113.6764418377322
------------------------------------------
Epoch 350 : valid_tail rank 162.44086021505376	 valid_head rank 1152.4970674486804
Epoch 350 : valid_tail HIT@10 37.683284457478	 valid_head HIT@10 16.129032258064516
Epoch 350 : valid_tail HIT@20 47.116324535679375	 valid_head HIT@20 22.385141739980448
------------------------------------------
Best Validation Epoch till now Epoch 150, tail rank: 115.01270772238514, head rank: 1113.6764418377322
------------------------------------------
Epoch 400 : valid_tail rank 171.91202346041055	 valid_head rank 1158.2448680351906
Epoch 400 : valid_tail HIT@10 37.096774193548384	 valid_head HIT@10 16.03128054740958
Epoch 400 : valid_tail HIT@20 46.48093841642228	 valid_head HIT@20 22.678396871945257
------------------------------------------
Best Validation Epoch till now Epoch 150, tail rank: 115.01270772238514, head rank: 1113.6764418377322
------------------------------------------
Epoch 450 : valid_tail rank 177.0654936461388	 valid_head rank 1165.8885630498535
Epoch 450 : valid_tail HIT@10 37.24340175953079	 valid_head HIT@10 15.982404692082111
Epoch 450 : valid_tail HIT@20 46.774193548387096	 valid_head HIT@20 22.434017595307918
------------------------------------------
Best Validation Epoch till now Epoch 150, tail rank: 115.01270772238514, head rank: 1113.6764418377322
------------------------------------------
Epoch 500 : valid_tail rank 178.07184750733137	 valid_head rank 1169.1774193548388
Epoch 500 : valid_tail HIT@10 36.90127077223851	 valid_head HIT@10 15.835777126099707
Epoch 500 : valid_tail HIT@20 46.774193548387096	 valid_head HIT@20 22.531769305962854
------------------------------------------
Best Validation Epoch till now Epoch 150, tail rank: 115.01270772238514, head rank: 1113.6764418377322
------------------------------------------
Epoch 550 : valid_tail rank 176.2800586510264	 valid_head rank 1171.5723362658846
Epoch 550 : valid_tail HIT@10 37.24340175953079	 valid_head HIT@10 15.982404692082111
Epoch 550 : valid_tail HIT@20 46.774193548387096	 valid_head HIT@20 22.678396871945257
------------------------------------------
Best Validation Epoch till now Epoch 150, tail rank: 115.01270772238514, head rank: 1113.6764418377322
------------------------------------------
Epoch 600 : valid_tail rank 175.97507331378299	 valid_head rank 1175.275659824047
Epoch 600 : valid_tail HIT@10 37.14565004887586	 valid_head HIT@10 15.982404692082111
Epoch 600 : valid_tail HIT@20 47.06744868035191	 valid_head HIT@20 22.678396871945257
------------------------------------------
Best Validation Epoch till now Epoch 150, tail rank: 115.01270772238514, head rank: 1113.6764418377322
------------------------------------------
Epoch 650 : valid_tail rank 175.74193548387098	 valid_head rank 1175.8856304985338
Epoch 650 : valid_tail HIT@10 36.80351906158358	 valid_head HIT@10 15.884652981427175
Epoch 650 : valid_tail HIT@20 46.676441837732156	 valid_head HIT@20 22.58064516129032
------------------------------------------
Best Validation Epoch till now Epoch 150, tail rank: 115.01270772238514, head rank: 1113.6764418377322
------------------------------------------
Epoch 700 : valid_tail rank 175.79912023460412	 valid_head rank 1177.4266862170089
Epoch 700 : valid_tail HIT@10 36.99902248289345	 valid_head HIT@10 15.933528836754643
Epoch 700 : valid_tail HIT@20 46.676441837732156	 valid_head HIT@20 22.58064516129032
------------------------------------------
Best Validation Epoch till now Epoch 150, tail rank: 115.01270772238514, head rank: 1113.6764418377322
------------------------------------------
Epoch 750 : valid_tail rank 175.4384164222874	 valid_head rank 1177.6446725317694
Epoch 750 : valid_tail HIT@10 37.04789833822092	 valid_head HIT@10 15.933528836754643
Epoch 750 : valid_tail HIT@20 46.9208211143695	 valid_head HIT@20 22.531769305962854
------------------------------------------
Best Validation Epoch till now Epoch 150, tail rank: 115.01270772238514, head rank: 1113.6764418377322
------------------------------------------
Epoch 800 : valid_tail rank 175.7605083088954	 valid_head rank 1177.6676441837733
Epoch 800 : valid_tail HIT@10 36.70576735092864	 valid_head HIT@10 15.884652981427175
Epoch 800 : valid_tail HIT@20 46.96969696969697	 valid_head HIT@20 22.531769305962854
------------------------------------------
Best Validation Epoch till now Epoch 150, tail rank: 115.01270772238514, head rank: 1113.6764418377322
------------------------------------------
Epoch 850 : valid_tail rank 176.2145650048876	 valid_head rank 1179.3587487781035
Epoch 850 : valid_tail HIT@10 36.99902248289345	 valid_head HIT@10 15.835777126099707
Epoch 850 : valid_tail HIT@20 46.82306940371456	 valid_head HIT@20 22.482893450635384
------------------------------------------
Best Validation Epoch till now Epoch 150, tail rank: 115.01270772238514, head rank: 1113.6764418377322
------------------------------------------
Epoch 900 : valid_tail rank 175.98973607038124	 valid_head rank 1179.1735092864126
Epoch 900 : valid_tail HIT@10 37.096774193548384	 valid_head HIT@10 15.786901270772239
Epoch 900 : valid_tail HIT@20 46.676441837732156	 valid_head HIT@20 22.531769305962854
------------------------------------------
Best Validation Epoch till now Epoch 150, tail rank: 115.01270772238514, head rank: 1113.6764418377322
------------------------------------------
Epoch 950 : valid_tail rank 175.98973607038124	 valid_head rank 1179.1735092864126
Epoch 950 : valid_tail HIT@10 37.096774193548384	 valid_head HIT@10 15.786901270772239
Epoch 950 : valid_tail HIT@20 46.676441837732156	 valid_head HIT@20 22.531769305962854
------------------------------------------
Best Validation Epoch till now Epoch 150, tail rank: 115.01270772238514, head rank: 1113.6764418377322
------------------------------------------
Epoch 1000 : valid_tail rank 175.98973607038124	 valid_head rank 1179.1735092864126
Epoch 1000 : valid_tail HIT@10 37.096774193548384	 valid_head HIT@10 15.786901270772239
Epoch 1000 : valid_tail HIT@20 46.676441837732156	 valid_head HIT@20 22.531769305962854
------------------------------------------
Best Validation Epoch till now Epoch 150, tail rank: 115.01270772238514, head rank: 1113.6764418377322
------------------------------------------
Epoch 1050 : valid_tail rank 175.98973607038124	 valid_head rank 1179.1735092864126
Epoch 1050 : valid_tail HIT@10 37.096774193548384	 valid_head HIT@10 15.786901270772239
Epoch 1050 : valid_tail HIT@20 46.676441837732156	 valid_head HIT@20 22.531769305962854
------------------------------------------
Best Validation Epoch till now Epoch 150, tail rank: 115.01270772238514, head rank: 1113.6764418377322
------------------------------------------
Epoch 1100 : valid_tail rank 175.98973607038124	 valid_head rank 1179.1735092864126
Epoch 1100 : valid_tail HIT@10 37.096774193548384	 valid_head HIT@10 15.786901270772239
Epoch 1100 : valid_tail HIT@20 46.676441837732156	 valid_head HIT@20 22.531769305962854
------------------------------------------
Best Validation Epoch till now Epoch 150, tail rank: 115.01270772238514, head rank: 1113.6764418377322
------------------------------------------
Epoch 1150 : valid_tail rank 175.98973607038124	 valid_head rank 1179.1735092864126
Epoch 1150 : valid_tail HIT@10 37.096774193548384	 valid_head HIT@10 15.786901270772239
Epoch 1150 : valid_tail HIT@20 46.676441837732156	 valid_head HIT@20 22.531769305962854
------------------------------------------
Best Validation Epoch till now Epoch 150, tail rank: 115.01270772238514, head rank: 1113.6764418377322
------------------------------------------
Epoch 1200 : valid_tail rank 175.98973607038124	 valid_head rank 1179.1735092864126
Epoch 1200 : valid_tail HIT@10 37.096774193548384	 valid_head HIT@10 15.786901270772239
Epoch 1200 : valid_tail HIT@20 46.676441837732156	 valid_head HIT@20 22.531769305962854
------------------------------------------
Best Validation Epoch till now Epoch 150, tail rank: 115.01270772238514, head rank: 1113.6764418377322
------------------------------------------
Epoch 1250 : valid_tail rank 175.98973607038124	 valid_head rank 1179.1735092864126
Epoch 1250 : valid_tail HIT@10 37.096774193548384	 valid_head HIT@10 15.786901270772239
Epoch 1250 : valid_tail HIT@20 46.676441837732156	 valid_head HIT@20 22.531769305962854
------------------------------------------
Best Validation Epoch till now Epoch 150, tail rank: 115.01270772238514, head rank: 1113.6764418377322
------------------------------------------
Epoch 1300 : valid_tail rank 175.98973607038124	 valid_head rank 1179.1735092864126
Epoch 1300 : valid_tail HIT@10 37.096774193548384	 valid_head HIT@10 15.786901270772239
Epoch 1300 : valid_tail HIT@20 46.676441837732156	 valid_head HIT@20 22.531769305962854
------------------------------------------
Best Validation Epoch till now Epoch 150, tail rank: 115.01270772238514, head rank: 1113.6764418377322
------------------------------------------
Epoch 1350 : valid_tail rank 175.98973607038124	 valid_head rank 1179.1735092864126
Epoch 1350 : valid_tail HIT@10 37.096774193548384	 valid_head HIT@10 15.786901270772239
Epoch 1350 : valid_tail HIT@20 46.676441837732156	 valid_head HIT@20 22.531769305962854
------------------------------------------
Best Validation Epoch till now Epoch 150, tail rank: 115.01270772238514, head rank: 1113.6764418377322
------------------------------------------
Epoch 1400 : valid_tail rank 175.98973607038124	 valid_head rank 1179.1735092864126
Epoch 1400 : valid_tail HIT@10 37.096774193548384	 valid_head HIT@10 15.786901270772239
Epoch 1400 : valid_tail HIT@20 46.676441837732156	 valid_head HIT@20 22.531769305962854
------------------------------------------
Best Validation Epoch till now Epoch 150, tail rank: 115.01270772238514, head rank: 1113.6764418377322
------------------------------------------
Epoch 1450 : valid_tail rank 175.98973607038124	 valid_head rank 1179.1735092864126
Epoch 1450 : valid_tail HIT@10 37.096774193548384	 valid_head HIT@10 15.786901270772239
Epoch 1450 : valid_tail HIT@20 46.676441837732156	 valid_head HIT@20 22.531769305962854
------------------------------------------
Best Validation Epoch till now Epoch 150, tail rank: 115.01270772238514, head rank: 1113.6764418377322
------------------------------------------
Epoch 1500 : valid_tail rank 175.98973607038124	 valid_head rank 1179.1735092864126
Epoch 1500 : valid_tail HIT@10 37.096774193548384	 valid_head HIT@10 15.786901270772239
Epoch 1500 : valid_tail HIT@20 46.676441837732156	 valid_head HIT@20 22.531769305962854
------------------------------------------
Best Validation Epoch till now Epoch 150, tail rank: 115.01270772238514, head rank: 1113.6764418377322
------------------------------------------
Epoch 1550 : valid_tail rank 175.98973607038124	 valid_head rank 1179.1735092864126
Epoch 1550 : valid_tail HIT@10 37.096774193548384	 valid_head HIT@10 15.786901270772239
Epoch 1550 : valid_tail HIT@20 46.676441837732156	 valid_head HIT@20 22.531769305962854
------------------------------------------
Best Validation Epoch till now Epoch 150, tail rank: 115.01270772238514, head rank: 1113.6764418377322
------------------------------------------
Epoch 1600 : valid_tail rank 175.98973607038124	 valid_head rank 1179.1735092864126
Epoch 1600 : valid_tail HIT@10 37.096774193548384	 valid_head HIT@10 15.786901270772239
Epoch 1600 : valid_tail HIT@20 46.676441837732156	 valid_head HIT@20 22.531769305962854
------------------------------------------
Best Validation Epoch till now Epoch 150, tail rank: 115.01270772238514, head rank: 1113.6764418377322
------------------------------------------
Epoch 1650 : valid_tail rank 175.98973607038124	 valid_head rank 1179.1735092864126
Epoch 1650 : valid_tail HIT@10 37.096774193548384	 valid_head HIT@10 15.786901270772239
Epoch 1650 : valid_tail HIT@20 46.676441837732156	 valid_head HIT@20 22.531769305962854
------------------------------------------
Best Validation Epoch till now Epoch 150, tail rank: 115.01270772238514, head rank: 1113.6764418377322
------------------------------------------
Epoch 1700 : valid_tail rank 175.98973607038124	 valid_head rank 1179.1735092864126
Epoch 1700 : valid_tail HIT@10 37.096774193548384	 valid_head HIT@10 15.786901270772239
Epoch 1700 : valid_tail HIT@20 46.676441837732156	 valid_head HIT@20 22.531769305962854
------------------------------------------
Best Validation Epoch till now Epoch 150, tail rank: 115.01270772238514, head rank: 1113.6764418377322
------------------------------------------
Epoch 1750 : valid_tail rank 175.98973607038124	 valid_head rank 1179.1735092864126
Epoch 1750 : valid_tail HIT@10 37.096774193548384	 valid_head HIT@10 15.786901270772239
Epoch 1750 : valid_tail HIT@20 46.676441837732156	 valid_head HIT@20 22.531769305962854
------------------------------------------
Best Validation Epoch till now Epoch 150, tail rank: 115.01270772238514, head rank: 1113.6764418377322
------------------------------------------
Epoch 1800 : valid_tail rank 175.98973607038124	 valid_head rank 1179.1735092864126
Epoch 1800 : valid_tail HIT@10 37.096774193548384	 valid_head HIT@10 15.786901270772239
Epoch 1800 : valid_tail HIT@20 46.676441837732156	 valid_head HIT@20 22.531769305962854
------------------------------------------
Best Validation Epoch till now Epoch 150, tail rank: 115.01270772238514, head rank: 1113.6764418377322
------------------------------------------
Epoch 1850 : valid_tail rank 175.98973607038124	 valid_head rank 1179.1735092864126
Epoch 1850 : valid_tail HIT@10 37.096774193548384	 valid_head HIT@10 15.786901270772239
Epoch 1850 : valid_tail HIT@20 46.676441837732156	 valid_head HIT@20 22.531769305962854
------------------------------------------
Best Validation Epoch till now Epoch 150, tail rank: 115.01270772238514, head rank: 1113.6764418377322
------------------------------------------
Epoch 1900 : valid_tail rank 175.98973607038124	 valid_head rank 1179.1735092864126
Epoch 1900 : valid_tail HIT@10 37.096774193548384	 valid_head HIT@10 15.786901270772239
Epoch 1900 : valid_tail HIT@20 46.676441837732156	 valid_head HIT@20 22.531769305962854
------------------------------------------
Best Validation Epoch till now Epoch 150, tail rank: 115.01270772238514, head rank: 1113.6764418377322
------------------------------------------
Epoch 1950 : valid_tail rank 175.98973607038124	 valid_head rank 1179.1735092864126
Epoch 1950 : valid_tail HIT@10 37.096774193548384	 valid_head HIT@10 15.786901270772239
Epoch 1950 : valid_tail HIT@20 46.676441837732156	 valid_head HIT@20 22.531769305962854
------------------------------------------
Best Validation Epoch till now Epoch 150, tail rank: 115.01270772238514, head rank: 1113.6764418377322
------------------------------------------
Traceback (most recent call last):
  File "/home/adityad/HyTE/HyTE-master/result_eval.py", line 16, in <module>
    model_output_head = open('results/'+args.model+'/'+args.eval_mode+'_head_pred_{}.txt'.format(k))
FileNotFoundError: [Errno 2] No such file or directory: 'results/yago_data_neg_sample_5_mar_10_l2_0.00_model/valid_head_pred_2000.txt'
