yago_type1_lit_data_model
Epoch 50 : valid_tail rank 993.1728571428572	 valid_head rank 13653.302285714286
Epoch 50 : valid_tail HIT@10 23.400000000000002	 valid_head HIT@10 0.0
Epoch 50 : valid_tail HIT@20 33.34285714285714	 valid_head HIT@20 0.0
------------------------------------------
Best Validation Epoch till now Epoch 50, tail rank: 993.1728571428572, head rank: 13653.302285714286
------------------------------------------
Epoch 100 : valid_tail rank 671.1171428571429	 valid_head rank 13080.725428571428
Epoch 100 : valid_tail HIT@10 28.999999999999996	 valid_head HIT@10 0.0
Epoch 100 : valid_tail HIT@20 38.028571428571425	 valid_head HIT@20 0.0
------------------------------------------
Best Validation Epoch till now Epoch 100, tail rank: 671.1171428571429, head rank: 13080.725428571428
------------------------------------------
Epoch 150 : valid_tail rank 483.5065714285714	 valid_head rank 12829.514
Epoch 150 : valid_tail HIT@10 28.62857142857143	 valid_head HIT@10 0.0
Epoch 150 : valid_tail HIT@20 35.6	 valid_head HIT@20 0.0
------------------------------------------
Best Validation Epoch till now Epoch 150, tail rank: 483.5065714285714, head rank: 12829.514
------------------------------------------
Epoch 200 : valid_tail rank 408.394	 valid_head rank 12675.651714285714
Epoch 200 : valid_tail HIT@10 26.94285714285714	 valid_head HIT@10 0.0
Epoch 200 : valid_tail HIT@20 33.77142857142857	 valid_head HIT@20 0.0
------------------------------------------
Best Validation Epoch till now Epoch 200, tail rank: 408.394, head rank: 12675.651714285714
------------------------------------------
Epoch 250 : valid_tail rank 372.05742857142855	 valid_head rank 12611.803142857143
Epoch 250 : valid_tail HIT@10 25.885714285714283	 valid_head HIT@10 0.0
Epoch 250 : valid_tail HIT@20 33.371428571428574	 valid_head HIT@20 0.0
------------------------------------------
Best Validation Epoch till now Epoch 250, tail rank: 372.05742857142855, head rank: 12611.803142857143
------------------------------------------
Epoch 300 : valid_tail rank 349.64542857142857	 valid_head rank 12592.087714285713
Epoch 300 : valid_tail HIT@10 25.771428571428572	 valid_head HIT@10 0.0
Epoch 300 : valid_tail HIT@20 34.57142857142857	 valid_head HIT@20 0.0
------------------------------------------
Best Validation Epoch till now Epoch 300, tail rank: 349.64542857142857, head rank: 12592.087714285713
------------------------------------------
Epoch 350 : valid_tail rank 332.768	 valid_head rank 12581.429428571428
Epoch 350 : valid_tail HIT@10 26.65714285714286	 valid_head HIT@10 0.0
Epoch 350 : valid_tail HIT@20 35.91428571428572	 valid_head HIT@20 0.0
------------------------------------------
Best Validation Epoch till now Epoch 350, tail rank: 332.768, head rank: 12581.429428571428
------------------------------------------
Epoch 400 : valid_tail rank 319.924	 valid_head rank 12561.547428571428
Epoch 400 : valid_tail HIT@10 27.257142857142856	 valid_head HIT@10 0.0
Epoch 400 : valid_tail HIT@20 38.028571428571425	 valid_head HIT@20 0.0
------------------------------------------
Best Validation Epoch till now Epoch 400, tail rank: 319.924, head rank: 12561.547428571428
------------------------------------------
Epoch 450 : valid_tail rank 310.2114285714286	 valid_head rank 12522.853428571429
Epoch 450 : valid_tail HIT@10 27.0	 valid_head HIT@10 0.0
Epoch 450 : valid_tail HIT@20 39.51428571428571	 valid_head HIT@20 0.0
------------------------------------------
Best Validation Epoch till now Epoch 450, tail rank: 310.2114285714286, head rank: 12522.853428571429
------------------------------------------
Epoch 500 : valid_tail rank 302.90514285714283	 valid_head rank 12462.069714285713
Epoch 500 : valid_tail HIT@10 26.685714285714283	 valid_head HIT@10 0.0
Epoch 500 : valid_tail HIT@20 40.714285714285715	 valid_head HIT@20 0.0
------------------------------------------
Best Validation Epoch till now Epoch 500, tail rank: 302.90514285714283, head rank: 12462.069714285713
------------------------------------------
Epoch 550 : valid_tail rank 297.5162857142857	 valid_head rank 12378.609428571428
Epoch 550 : valid_tail HIT@10 26.114285714285714	 valid_head HIT@10 0.0
Epoch 550 : valid_tail HIT@20 40.91428571428571	 valid_head HIT@20 0.0
------------------------------------------
Best Validation Epoch till now Epoch 550, tail rank: 297.5162857142857, head rank: 12378.609428571428
------------------------------------------
Epoch 600 : valid_tail rank 293.5682857142857	 valid_head rank 12277.222
Epoch 600 : valid_tail HIT@10 23.942857142857143	 valid_head HIT@10 0.0
Epoch 600 : valid_tail HIT@20 40.08571428571429	 valid_head HIT@20 0.0
------------------------------------------
Best Validation Epoch till now Epoch 600, tail rank: 293.5682857142857, head rank: 12277.222
------------------------------------------
Epoch 650 : valid_tail rank 291.21485714285717	 valid_head rank 12161.04457142857
Epoch 650 : valid_tail HIT@10 22.885714285714286	 valid_head HIT@10 0.0
Epoch 650 : valid_tail HIT@20 39.6	 valid_head HIT@20 0.0
------------------------------------------
Best Validation Epoch till now Epoch 650, tail rank: 291.21485714285717, head rank: 12161.04457142857
------------------------------------------
Epoch 700 : valid_tail rank 288.90914285714285	 valid_head rank 12033.278571428571
Epoch 700 : valid_tail HIT@10 21.714285714285715	 valid_head HIT@10 0.0
Epoch 700 : valid_tail HIT@20 39.114285714285714	 valid_head HIT@20 0.0
------------------------------------------
Best Validation Epoch till now Epoch 700, tail rank: 288.90914285714285, head rank: 12033.278571428571
------------------------------------------
Epoch 750 : valid_tail rank 288.21485714285717	 valid_head rank 11902.413714285714
Epoch 750 : valid_tail HIT@10 21.114285714285714	 valid_head HIT@10 0.0
Epoch 750 : valid_tail HIT@20 38.371428571428574	 valid_head HIT@20 0.0
------------------------------------------
Best Validation Epoch till now Epoch 750, tail rank: 288.21485714285717, head rank: 11902.413714285714
------------------------------------------
Epoch 800 : valid_tail rank 288.9937142857143	 valid_head rank 11782.479714285715
Epoch 800 : valid_tail HIT@10 20.685714285714283	 valid_head HIT@10 0.0
Epoch 800 : valid_tail HIT@20 38.48571428571429	 valid_head HIT@20 0.0
------------------------------------------
Best Validation Epoch till now Epoch 800, tail rank: 288.9937142857143, head rank: 11782.479714285715
------------------------------------------
Epoch 850 : valid_tail rank 290.408	 valid_head rank 11675.118285714285
Epoch 850 : valid_tail HIT@10 20.857142857142858	 valid_head HIT@10 0.0
Epoch 850 : valid_tail HIT@20 38.371428571428574	 valid_head HIT@20 0.0
------------------------------------------
Best Validation Epoch till now Epoch 850, tail rank: 290.408, head rank: 11675.118285714285
------------------------------------------
Epoch 900 : valid_tail rank 292.9757142857143	 valid_head rank 11582.718571428572
Epoch 900 : valid_tail HIT@10 21.085714285714285	 valid_head HIT@10 0.0
Epoch 900 : valid_tail HIT@20 39.02857142857143	 valid_head HIT@20 0.0
------------------------------------------
Best Validation Epoch till now Epoch 900, tail rank: 292.9757142857143, head rank: 11582.718571428572
------------------------------------------
Epoch 950 : valid_tail rank 295.93142857142857	 valid_head rank 11509.716
Epoch 950 : valid_tail HIT@10 21.714285714285715	 valid_head HIT@10 0.0
Epoch 950 : valid_tail HIT@20 39.74285714285714	 valid_head HIT@20 0.0
------------------------------------------
Best Validation Epoch till now Epoch 950, tail rank: 295.93142857142857, head rank: 11509.716
------------------------------------------
Epoch 1000 : valid_tail rank 298.4125714285714	 valid_head rank 11454.966285714285
Epoch 1000 : valid_tail HIT@10 22.54285714285714	 valid_head HIT@10 0.0
Epoch 1000 : valid_tail HIT@20 40.77142857142857	 valid_head HIT@20 0.0
------------------------------------------
Best Validation Epoch till now Epoch 1000, tail rank: 298.4125714285714, head rank: 11454.966285714285
------------------------------------------
Epoch 1050 : valid_tail rank 300.5822857142857	 valid_head rank 11414.820571428572
Epoch 1050 : valid_tail HIT@10 23.65714285714286	 valid_head HIT@10 0.0
Epoch 1050 : valid_tail HIT@20 41.14285714285714	 valid_head HIT@20 0.0
------------------------------------------
Best Validation Epoch till now Epoch 1050, tail rank: 300.5822857142857, head rank: 11414.820571428572
------------------------------------------
Epoch 1100 : valid_tail rank 302.3791428571429	 valid_head rank 11387.73142857143
Epoch 1100 : valid_tail HIT@10 24.942857142857143	 valid_head HIT@10 0.0
Epoch 1100 : valid_tail HIT@20 41.94285714285714	 valid_head HIT@20 0.0
------------------------------------------
Best Validation Epoch till now Epoch 1100, tail rank: 302.3791428571429, head rank: 11387.73142857143
------------------------------------------
Epoch 1150 : valid_tail rank 303.85942857142857	 valid_head rank 11368.608
Epoch 1150 : valid_tail HIT@10 26.228571428571428	 valid_head HIT@10 0.0
Epoch 1150 : valid_tail HIT@20 42.65714285714285	 valid_head HIT@20 0.0
------------------------------------------
Best Validation Epoch till now Epoch 1150, tail rank: 303.85942857142857, head rank: 11368.608
------------------------------------------
Epoch 1200 : valid_tail rank 305.4605714285714	 valid_head rank 11355.882857142857
Epoch 1200 : valid_tail HIT@10 27.485714285714284	 valid_head HIT@10 0.0
Epoch 1200 : valid_tail HIT@20 43.57142857142857	 valid_head HIT@20 0.0
------------------------------------------
Best Validation Epoch till now Epoch 1200, tail rank: 305.4605714285714, head rank: 11355.882857142857
------------------------------------------
Epoch 1250 : valid_tail rank 306.70514285714285	 valid_head rank 11349.513142857142
Epoch 1250 : valid_tail HIT@10 28.25714285714286	 valid_head HIT@10 0.0
Epoch 1250 : valid_tail HIT@20 44.08571428571428	 valid_head HIT@20 0.0
------------------------------------------
Best Validation Epoch till now Epoch 1250, tail rank: 306.70514285714285, head rank: 11349.513142857142
------------------------------------------
Epoch 1300 : valid_tail rank 308.384	 valid_head rank 11344.974857142857
Epoch 1300 : valid_tail HIT@10 29.25714285714286	 valid_head HIT@10 0.0
Epoch 1300 : valid_tail HIT@20 44.714285714285715	 valid_head HIT@20 0.0
------------------------------------------
Best Validation Epoch till now Epoch 1300, tail rank: 308.384, head rank: 11344.974857142857
------------------------------------------
Epoch 1350 : valid_tail rank 309.8477142857143	 valid_head rank 11343.54342857143
Epoch 1350 : valid_tail HIT@10 30.08571428571429	 valid_head HIT@10 0.0
Epoch 1350 : valid_tail HIT@20 45.02857142857143	 valid_head HIT@20 0.0
------------------------------------------
Best Validation Epoch till now Epoch 1300, tail rank: 308.384, head rank: 11344.974857142857
------------------------------------------
Epoch 1400 : valid_tail rank 310.75342857142857	 valid_head rank 11342.620285714285
Epoch 1400 : valid_tail HIT@10 30.342857142857145	 valid_head HIT@10 0.0
Epoch 1400 : valid_tail HIT@20 45.05714285714286	 valid_head HIT@20 0.0
------------------------------------------
Best Validation Epoch till now Epoch 1300, tail rank: 308.384, head rank: 11344.974857142857
------------------------------------------
Epoch 1450 : valid_tail rank 311.3717142857143	 valid_head rank 11342.322
Epoch 1450 : valid_tail HIT@10 30.685714285714287	 valid_head HIT@10 0.0
Epoch 1450 : valid_tail HIT@20 45.2	 valid_head HIT@20 0.0
------------------------------------------
Best Validation Epoch till now Epoch 1300, tail rank: 308.384, head rank: 11344.974857142857
------------------------------------------
Epoch 1500 : valid_tail rank 311.64542857142857	 valid_head rank 11340.052571428572
Epoch 1500 : valid_tail HIT@10 31.2	 valid_head HIT@10 0.0
Epoch 1500 : valid_tail HIT@20 45.34285714285714	 valid_head HIT@20 0.0
------------------------------------------
Best Validation Epoch till now Epoch 1500, tail rank: 311.64542857142857, head rank: 11340.052571428572
------------------------------------------
Epoch 1550 : valid_tail rank 311.5402857142857	 valid_head rank 11339.114571428572
Epoch 1550 : valid_tail HIT@10 31.228571428571428	 valid_head HIT@10 0.0
Epoch 1550 : valid_tail HIT@20 45.57142857142858	 valid_head HIT@20 0.0
------------------------------------------
Best Validation Epoch till now Epoch 1550, tail rank: 311.5402857142857, head rank: 11339.114571428572
------------------------------------------
Epoch 1600 : valid_tail rank 311.75	 valid_head rank 11336.892285714286
Epoch 1600 : valid_tail HIT@10 31.457142857142856	 valid_head HIT@10 0.0
Epoch 1600 : valid_tail HIT@20 45.54285714285714	 valid_head HIT@20 0.0
------------------------------------------
Best Validation Epoch till now Epoch 1600, tail rank: 311.75, head rank: 11336.892285714286
------------------------------------------
Epoch 1650 : valid_tail rank 312.08057142857143	 valid_head rank 11338.090285714286
Epoch 1650 : valid_tail HIT@10 31.485714285714284	 valid_head HIT@10 0.0
Epoch 1650 : valid_tail HIT@20 45.714285714285715	 valid_head HIT@20 0.0
------------------------------------------
Best Validation Epoch till now Epoch 1600, tail rank: 311.75, head rank: 11336.892285714286
------------------------------------------
Epoch 1700 : valid_tail rank 311.9151428571429	 valid_head rank 11334.850857142857
Epoch 1700 : valid_tail HIT@10 31.8	 valid_head HIT@10 0.0
Epoch 1700 : valid_tail HIT@20 45.628571428571426	 valid_head HIT@20 0.0
------------------------------------------
Best Validation Epoch till now Epoch 1700, tail rank: 311.9151428571429, head rank: 11334.850857142857
------------------------------------------
Epoch 1750 : valid_tail rank 311.88428571428574	 valid_head rank 11334.128571428571
Epoch 1750 : valid_tail HIT@10 32.028571428571425	 valid_head HIT@10 0.0
Epoch 1750 : valid_tail HIT@20 45.714285714285715	 valid_head HIT@20 0.0
------------------------------------------
Best Validation Epoch till now Epoch 1750, tail rank: 311.88428571428574, head rank: 11334.128571428571
------------------------------------------
Epoch 1800 : valid_tail rank 311.85085714285714	 valid_head rank 11332.708285714285
Epoch 1800 : valid_tail HIT@10 32.22857142857143	 valid_head HIT@10 0.0
Epoch 1800 : valid_tail HIT@20 45.971428571428575	 valid_head HIT@20 0.0
------------------------------------------
Best Validation Epoch till now Epoch 1800, tail rank: 311.85085714285714, head rank: 11332.708285714285
------------------------------------------
Epoch 1850 : valid_tail rank 311.7417142857143	 valid_head rank 11328.995714285715
Epoch 1850 : valid_tail HIT@10 32.2	 valid_head HIT@10 0.0
Epoch 1850 : valid_tail HIT@20 46.02857142857143	 valid_head HIT@20 0.0
------------------------------------------
Best Validation Epoch till now Epoch 1850, tail rank: 311.7417142857143, head rank: 11328.995714285715
------------------------------------------
Epoch 1900 : valid_tail rank 311.9005714285714	 valid_head rank 11328.025714285714
Epoch 1900 : valid_tail HIT@10 32.2	 valid_head HIT@10 0.0
Epoch 1900 : valid_tail HIT@20 46.17142857142857	 valid_head HIT@20 0.0
------------------------------------------
Best Validation Epoch till now Epoch 1900, tail rank: 311.9005714285714, head rank: 11328.025714285714
------------------------------------------
Epoch 1950 : valid_tail rank 311.688	 valid_head rank 11324.777142857143
Epoch 1950 : valid_tail HIT@10 32.114285714285714	 valid_head HIT@10 0.0
Epoch 1950 : valid_tail HIT@20 46.02857142857143	 valid_head HIT@20 0.0
------------------------------------------
Best Validation Epoch till now Epoch 1950, tail rank: 311.688, head rank: 11324.777142857143
------------------------------------------
Traceback (most recent call last):
  File "/home/adityad/HyTE/HyTE-master/result_eval.py", line 16, in <module>
    model_output_head = open('results/'+args.model+'/'+args.eval_mode+'_head_pred_{}.txt'.format(k))
FileNotFoundError: [Errno 2] No such file or directory: 'results/yago_type1_lit_data_model/valid_head_pred_2000.txt'
