WARNING:tensorflow:From /home/adityad/HyTE/HyTE-master/time_proj_tdns_scope.py:512: calling reduce_sum (from tensorflow.python.ops.math_ops) with keep_dims is deprecated and will be removed in a future version.
Instructions for updating:
keep_dims is deprecated, use keepdims instead
WARNING:tensorflow:From /home/adityad/HyTE/HyTE-master/time_proj_tdns_scope.py:531: calling l2_normalize (from tensorflow.python.ops.nn_impl) with dim is deprecated and will be removed in a future version.
Instructions for updating:
dim is deprecated, use axis instead
2023-11-30 12:31:30.973879: I tensorflow/core/platform/cpu_feature_guard.cc:141] Your CPU supports instructions that this TensorFlow binary was not compiled to use: AVX2 AVX512F FMA
here in main
model done
model object created
enter fitting
start fitting
Epoch 0	Loss 499234.28125	 model yago_type1_lit_data_temporal_scoping_model_30_11_2023_12:31:17
Epoch 5	Loss 486782.46875	 model yago_type1_lit_data_temporal_scoping_model_30_11_2023_12:31:17
Epoch 10	Loss 474482.9375	 model yago_type1_lit_data_temporal_scoping_model_30_11_2023_12:31:17
Epoch 15	Loss 462036.21875	 model yago_type1_lit_data_temporal_scoping_model_30_11_2023_12:31:17
Epoch 20	Loss 449400.34375	 model yago_type1_lit_data_temporal_scoping_model_30_11_2023_12:31:17
Epoch 25	Loss 436583.21875	 model yago_type1_lit_data_temporal_scoping_model_30_11_2023_12:31:17
0. no of valid_triples complete
1000. no of valid_triples complete
2000. no of valid_triples complete
3000. no of valid_triples complete
Validation Ended
Epoch 30	Loss 423618.71875	 model yago_type1_lit_data_temporal_scoping_model_30_11_2023_12:31:17
Epoch 35	Loss 410488.53125	 model yago_type1_lit_data_temporal_scoping_model_30_11_2023_12:31:17
Epoch 40	Loss 397258.34375	 model yago_type1_lit_data_temporal_scoping_model_30_11_2023_12:31:17
Epoch 45	Loss 383893.5625	 model yago_type1_lit_data_temporal_scoping_model_30_11_2023_12:31:17
Epoch 50	Loss 370424.03125	 model yago_type1_lit_data_temporal_scoping_model_30_11_2023_12:31:17
0. no of valid_triples complete
1000. no of valid_triples complete
2000. no of valid_triples complete
3000. no of valid_triples complete
Validation Ended
Epoch 55	Loss 356845.65625	 model yago_type1_lit_data_temporal_scoping_model_30_11_2023_12:31:17
Epoch 60	Loss 343149.21875	 model yago_type1_lit_data_temporal_scoping_model_30_11_2023_12:31:17
Epoch 65	Loss 329505.15625	 model yago_type1_lit_data_temporal_scoping_model_30_11_2023_12:31:17
Epoch 70	Loss 315920.96875	 model yago_type1_lit_data_temporal_scoping_model_30_11_2023_12:31:17
Epoch 75	Loss 303406.75	 model yago_type1_lit_data_temporal_scoping_model_30_11_2023_12:31:17
0. no of valid_triples complete
1000. no of valid_triples complete
2000. no of valid_triples complete
3000. no of valid_triples complete
Validation Ended
Epoch 80	Loss 292225.25	 model yago_type1_lit_data_temporal_scoping_model_30_11_2023_12:31:17
Epoch 85	Loss 282475.96875	 model yago_type1_lit_data_temporal_scoping_model_30_11_2023_12:31:17
Epoch 90	Loss 273842.28125	 model yago_type1_lit_data_temporal_scoping_model_30_11_2023_12:31:17
Epoch 95	Loss 265891.84375	 model yago_type1_lit_data_temporal_scoping_model_30_11_2023_12:31:17
Epoch 100	Loss 258556.46875	 model yago_type1_lit_data_temporal_scoping_model_30_11_2023_12:31:17
0. no of valid_triples complete
1000. no of valid_triples complete
2000. no of valid_triples complete
3000. no of valid_triples complete
Validation Ended
Epoch 105	Loss 251733.25	 model yago_type1_lit_data_temporal_scoping_model_30_11_2023_12:31:17
Epoch 110	Loss 245198.703125	 model yago_type1_lit_data_temporal_scoping_model_30_11_2023_12:31:17
Epoch 115	Loss 238932.328125	 model yago_type1_lit_data_temporal_scoping_model_30_11_2023_12:31:17
Epoch 120	Loss 232868.859375	 model yago_type1_lit_data_temporal_scoping_model_30_11_2023_12:31:17
Epoch 125	Loss 226997.140625	 model yago_type1_lit_data_temporal_scoping_model_30_11_2023_12:31:17
0. no of valid_triples complete
1000. no of valid_triples complete
2000. no of valid_triples complete
3000. no of valid_triples complete
Validation Ended
Epoch 130	Loss 221197.953125	 model yago_type1_lit_data_temporal_scoping_model_30_11_2023_12:31:17
Epoch 135	Loss 215562.484375	 model yago_type1_lit_data_temporal_scoping_model_30_11_2023_12:31:17
Epoch 140	Loss 210269.359375	 model yago_type1_lit_data_temporal_scoping_model_30_11_2023_12:31:17
Epoch 145	Loss 205057.09375	 model yago_type1_lit_data_temporal_scoping_model_30_11_2023_12:31:17
Epoch 150	Loss 200240.90625	 model yago_type1_lit_data_temporal_scoping_model_30_11_2023_12:31:17
0. no of valid_triples complete
1000. no of valid_triples complete
2000. no of valid_triples complete
3000. no of valid_triples complete
Validation Ended
Epoch 155	Loss 195652.828125	 model yago_type1_lit_data_temporal_scoping_model_30_11_2023_12:31:17
Epoch 160	Loss 191263.640625	 model yago_type1_lit_data_temporal_scoping_model_30_11_2023_12:31:17
Epoch 165	Loss 187224.78125	 model yago_type1_lit_data_temporal_scoping_model_30_11_2023_12:31:17
Epoch 170	Loss 183324.203125	 model yago_type1_lit_data_temporal_scoping_model_30_11_2023_12:31:17
Epoch 175	Loss 179638.625	 model yago_type1_lit_data_temporal_scoping_model_30_11_2023_12:31:17
0. no of valid_triples complete
1000. no of valid_triples complete
2000. no of valid_triples complete
3000. no of valid_triples complete
Validation Ended
Epoch 180	Loss 176054.75	 model yago_type1_lit_data_temporal_scoping_model_30_11_2023_12:31:17
Epoch 185	Loss 172707.390625	 model yago_type1_lit_data_temporal_scoping_model_30_11_2023_12:31:17
Epoch 190	Loss 169493.46875	 model yago_type1_lit_data_temporal_scoping_model_30_11_2023_12:31:17
Epoch 195	Loss 166442.875	 model yago_type1_lit_data_temporal_scoping_model_30_11_2023_12:31:17
Epoch 200	Loss 163447.5	 model yago_type1_lit_data_temporal_scoping_model_30_11_2023_12:31:17
0. no of valid_triples complete
1000. no of valid_triples complete
2000. no of valid_triples complete
3000. no of valid_triples complete
Validation Ended
Epoch 205	Loss 160599.625	 model yago_type1_lit_data_temporal_scoping_model_30_11_2023_12:31:17
Epoch 210	Loss 157820.015625	 model yago_type1_lit_data_temporal_scoping_model_30_11_2023_12:31:17
Epoch 215	Loss 155174.03125	 model yago_type1_lit_data_temporal_scoping_model_30_11_2023_12:31:17
Epoch 220	Loss 152559.09375	 model yago_type1_lit_data_temporal_scoping_model_30_11_2023_12:31:17
Epoch 225	Loss 150092.09375	 model yago_type1_lit_data_temporal_scoping_model_30_11_2023_12:31:17
0. no of valid_triples complete
1000. no of valid_triples complete
2000. no of valid_triples complete
3000. no of valid_triples complete
Validation Ended
Epoch 230	Loss 147725.234375	 model yago_type1_lit_data_temporal_scoping_model_30_11_2023_12:31:17
Epoch 235	Loss 145251.5	 model yago_type1_lit_data_temporal_scoping_model_30_11_2023_12:31:17
Epoch 240	Loss 143016.296875	 model yago_type1_lit_data_temporal_scoping_model_30_11_2023_12:31:17
Epoch 245	Loss 140758.671875	 model yago_type1_lit_data_temporal_scoping_model_30_11_2023_12:31:17
Epoch 250	Loss 138537.78125	 model yago_type1_lit_data_temporal_scoping_model_30_11_2023_12:31:17
0. no of valid_triples complete
1000. no of valid_triples complete
2000. no of valid_triples complete
3000. no of valid_triples complete
Validation Ended
Epoch 255	Loss 136455.703125	 model yago_type1_lit_data_temporal_scoping_model_30_11_2023_12:31:17
Epoch 260	Loss 134307.5	 model yago_type1_lit_data_temporal_scoping_model_30_11_2023_12:31:17
Epoch 265	Loss 132318.875	 model yago_type1_lit_data_temporal_scoping_model_30_11_2023_12:31:17
Epoch 270	Loss 130297.296875	 model yago_type1_lit_data_temporal_scoping_model_30_11_2023_12:31:17
Epoch 275	Loss 128287.75	 model yago_type1_lit_data_temporal_scoping_model_30_11_2023_12:31:17
0. no of valid_triples complete
1000. no of valid_triples complete
2000. no of valid_triples complete
3000. no of valid_triples complete
Validation Ended
Epoch 280	Loss 126402.8671875	 model yago_type1_lit_data_temporal_scoping_model_30_11_2023_12:31:17
Epoch 285	Loss 124507.796875	 model yago_type1_lit_data_temporal_scoping_model_30_11_2023_12:31:17
Epoch 290	Loss 122566.5625	 model yago_type1_lit_data_temporal_scoping_model_30_11_2023_12:31:17
Epoch 295	Loss 120754.7109375	 model yago_type1_lit_data_temporal_scoping_model_30_11_2023_12:31:17
Epoch 300	Loss 118931.5390625	 model yago_type1_lit_data_temporal_scoping_model_30_11_2023_12:31:17
0. no of valid_triples complete
1000. no of valid_triples complete
2000. no of valid_triples complete
3000. no of valid_triples complete
Validation Ended
Epoch 305	Loss 117130.515625	 model yago_type1_lit_data_temporal_scoping_model_30_11_2023_12:31:17
Epoch 310	Loss 115405.4375	 model yago_type1_lit_data_temporal_scoping_model_30_11_2023_12:31:17
Epoch 315	Loss 113647.421875	 model yago_type1_lit_data_temporal_scoping_model_30_11_2023_12:31:17
Epoch 320	Loss 111939.140625	 model yago_type1_lit_data_temporal_scoping_model_30_11_2023_12:31:17
Epoch 325	Loss 110227.328125	 model yago_type1_lit_data_temporal_scoping_model_30_11_2023_12:31:17
0. no of valid_triples complete
1000. no of valid_triples complete
2000. no of valid_triples complete
3000. no of valid_triples complete
Validation Ended
Epoch 330	Loss 108511.4375	 model yago_type1_lit_data_temporal_scoping_model_30_11_2023_12:31:17
Epoch 335	Loss 106878.5859375	 model yago_type1_lit_data_temporal_scoping_model_30_11_2023_12:31:17
Epoch 340	Loss 105270.1796875	 model yago_type1_lit_data_temporal_scoping_model_30_11_2023_12:31:17
Epoch 345	Loss 103587.234375	 model yago_type1_lit_data_temporal_scoping_model_30_11_2023_12:31:17
Epoch 350	Loss 102022.0859375	 model yago_type1_lit_data_temporal_scoping_model_30_11_2023_12:31:17
0. no of valid_triples complete
1000. no of valid_triples complete
2000. no of valid_triples complete
3000. no of valid_triples complete
Validation Ended
Epoch 355	Loss 100435.015625	 model yago_type1_lit_data_temporal_scoping_model_30_11_2023_12:31:17
Epoch 360	Loss 98835.5859375	 model yago_type1_lit_data_temporal_scoping_model_30_11_2023_12:31:17
Epoch 365	Loss 97250.7421875	 model yago_type1_lit_data_temporal_scoping_model_30_11_2023_12:31:17
Epoch 370	Loss 95720.171875	 model yago_type1_lit_data_temporal_scoping_model_30_11_2023_12:31:17
Epoch 375	Loss 94183.2734375	 model yago_type1_lit_data_temporal_scoping_model_30_11_2023_12:31:17
0. no of valid_triples complete
1000. no of valid_triples complete
2000. no of valid_triples complete
3000. no of valid_triples complete
Validation Ended
Epoch 380	Loss 92665.5	 model yago_type1_lit_data_temporal_scoping_model_30_11_2023_12:31:17
Epoch 385	Loss 91158.234375	 model yago_type1_lit_data_temporal_scoping_model_30_11_2023_12:31:17
Epoch 390	Loss 89696.8125	 model yago_type1_lit_data_temporal_scoping_model_30_11_2023_12:31:17
Epoch 395	Loss 88175.109375	 model yago_type1_lit_data_temporal_scoping_model_30_11_2023_12:31:17
Epoch 400	Loss 86754.9140625	 model yago_type1_lit_data_temporal_scoping_model_30_11_2023_12:31:17
0. no of valid_triples complete
1000. no of valid_triples complete
2000. no of valid_triples complete
3000. no of valid_triples complete
Validation Ended
Epoch 405	Loss 85237.546875	 model yago_type1_lit_data_temporal_scoping_model_30_11_2023_12:31:17
Epoch 410	Loss 83825.2265625	 model yago_type1_lit_data_temporal_scoping_model_30_11_2023_12:31:17
Epoch 415	Loss 82348.078125	 model yago_type1_lit_data_temporal_scoping_model_30_11_2023_12:31:17
Epoch 420	Loss 80942.2734375	 model yago_type1_lit_data_temporal_scoping_model_30_11_2023_12:31:17
Epoch 425	Loss 79539.859375	 model yago_type1_lit_data_temporal_scoping_model_30_11_2023_12:31:17
0. no of valid_triples complete
1000. no of valid_triples complete
2000. no of valid_triples complete
3000. no of valid_triples complete
Validation Ended
Epoch 430	Loss 78172.171875	 model yago_type1_lit_data_temporal_scoping_model_30_11_2023_12:31:17
Epoch 435	Loss 76726.7421875	 model yago_type1_lit_data_temporal_scoping_model_30_11_2023_12:31:17
Epoch 440	Loss 75412.2734375	 model yago_type1_lit_data_temporal_scoping_model_30_11_2023_12:31:17
Epoch 445	Loss 74056.5234375	 model yago_type1_lit_data_temporal_scoping_model_30_11_2023_12:31:17
Epoch 450	Loss 72678.5234375	 model yago_type1_lit_data_temporal_scoping_model_30_11_2023_12:31:17
0. no of valid_triples complete
1000. no of valid_triples complete
2000. no of valid_triples complete
3000. no of valid_triples complete
Validation Ended
Epoch 455	Loss 71369.78125	 model yago_type1_lit_data_temporal_scoping_model_30_11_2023_12:31:17
Epoch 460	Loss 70041.9140625	 model yago_type1_lit_data_temporal_scoping_model_30_11_2023_12:31:17
Epoch 465	Loss 68729.046875	 model yago_type1_lit_data_temporal_scoping_model_30_11_2023_12:31:17
Epoch 470	Loss 67432.1015625	 model yago_type1_lit_data_temporal_scoping_model_30_11_2023_12:31:17
Epoch 475	Loss 66139.734375	 model yago_type1_lit_data_temporal_scoping_model_30_11_2023_12:31:17
0. no of valid_triples complete
1000. no of valid_triples complete
2000. no of valid_triples complete
3000. no of valid_triples complete
Validation Ended
Epoch 480	Loss 64856.73046875	 model yago_type1_lit_data_temporal_scoping_model_30_11_2023_12:31:17
Epoch 485	Loss 63615.40234375	 model yago_type1_lit_data_temporal_scoping_model_30_11_2023_12:31:17
Epoch 490	Loss 62371.88671875	 model yago_type1_lit_data_temporal_scoping_model_30_11_2023_12:31:17
Epoch 495	Loss 61121.33203125	 model yago_type1_lit_data_temporal_scoping_model_30_11_2023_12:31:17
Epoch 500	Loss 59907.49609375	 model yago_type1_lit_data_temporal_scoping_model_30_11_2023_12:31:17
0. no of valid_triples complete
1000. no of valid_triples complete
2000. no of valid_triples complete
3000. no of valid_triples complete
Validation Ended
Epoch 505	Loss 58669.41015625	 model yago_type1_lit_data_temporal_scoping_model_30_11_2023_12:31:17
Epoch 510	Loss 57507.29296875	 model yago_type1_lit_data_temporal_scoping_model_30_11_2023_12:31:17
Epoch 515	Loss 56318.3671875	 model yago_type1_lit_data_temporal_scoping_model_30_11_2023_12:31:17
Epoch 520	Loss 55134.11328125	 model yago_type1_lit_data_temporal_scoping_model_30_11_2023_12:31:17
Epoch 525	Loss 53992.54296875	 model yago_type1_lit_data_temporal_scoping_model_30_11_2023_12:31:17
0. no of valid_triples complete
1000. no of valid_triples complete
2000. no of valid_triples complete
3000. no of valid_triples complete
Validation Ended
Epoch 530	Loss 52853.8203125	 model yago_type1_lit_data_temporal_scoping_model_30_11_2023_12:31:17
Epoch 535	Loss 51715.18359375	 model yago_type1_lit_data_temporal_scoping_model_30_11_2023_12:31:17
Epoch 540	Loss 50587.0	 model yago_type1_lit_data_temporal_scoping_model_30_11_2023_12:31:17
Epoch 545	Loss 49500.32421875	 model yago_type1_lit_data_temporal_scoping_model_30_11_2023_12:31:17
Epoch 550	Loss 48434.39453125	 model yago_type1_lit_data_temporal_scoping_model_30_11_2023_12:31:17
0. no of valid_triples complete
1000. no of valid_triples complete
2000. no of valid_triples complete
3000. no of valid_triples complete
Validation Ended
Epoch 555	Loss 47347.80859375	 model yago_type1_lit_data_temporal_scoping_model_30_11_2023_12:31:17
Epoch 560	Loss 46287.19140625	 model yago_type1_lit_data_temporal_scoping_model_30_11_2023_12:31:17
Epoch 565	Loss 45262.16796875	 model yago_type1_lit_data_temporal_scoping_model_30_11_2023_12:31:17
Epoch 570	Loss 44162.24609375	 model yago_type1_lit_data_temporal_scoping_model_30_11_2023_12:31:17
Epoch 575	Loss 43190.5703125	 model yago_type1_lit_data_temporal_scoping_model_30_11_2023_12:31:17
0. no of valid_triples complete
1000. no of valid_triples complete
2000. no of valid_triples complete
3000. no of valid_triples complete
Validation Ended
Epoch 580	Loss 42183.5078125	 model yago_type1_lit_data_temporal_scoping_model_30_11_2023_12:31:17
Epoch 585	Loss 41194.7578125	 model yago_type1_lit_data_temporal_scoping_model_30_11_2023_12:31:17
Epoch 590	Loss 40245.91796875	 model yago_type1_lit_data_temporal_scoping_model_30_11_2023_12:31:17
Epoch 595	Loss 39294.91796875	 model yago_type1_lit_data_temporal_scoping_model_30_11_2023_12:31:17
Epoch 600	Loss 38321.85546875	 model yago_type1_lit_data_temporal_scoping_model_30_11_2023_12:31:17
0. no of valid_triples complete
1000. no of valid_triples complete
2000. no of valid_triples complete
3000. no of valid_triples complete
Validation Ended
Epoch 605	Loss 37376.1171875	 model yago_type1_lit_data_temporal_scoping_model_30_11_2023_12:31:17
Epoch 610	Loss 36470.89453125	 model yago_type1_lit_data_temporal_scoping_model_30_11_2023_12:31:17
Epoch 615	Loss 35555.8203125	 model yago_type1_lit_data_temporal_scoping_model_30_11_2023_12:31:17
Epoch 620	Loss 34693.88671875	 model yago_type1_lit_data_temporal_scoping_model_30_11_2023_12:31:17
Epoch 625	Loss 33793.46484375	 model yago_type1_lit_data_temporal_scoping_model_30_11_2023_12:31:17
0. no of valid_triples complete
1000. no of valid_triples complete
2000. no of valid_triples complete
3000. no of valid_triples complete
Validation Ended
Epoch 630	Loss 32944.88671875	 model yago_type1_lit_data_temporal_scoping_model_30_11_2023_12:31:17
Epoch 635	Loss 32092.064453125	 model yago_type1_lit_data_temporal_scoping_model_30_11_2023_12:31:17
Epoch 640	Loss 31227.05078125	 model yago_type1_lit_data_temporal_scoping_model_30_11_2023_12:31:17
Epoch 645	Loss 30477.93359375	 model yago_type1_lit_data_temporal_scoping_model_30_11_2023_12:31:17
Epoch 650	Loss 29661.78125	 model yago_type1_lit_data_temporal_scoping_model_30_11_2023_12:31:17
0. no of valid_triples complete
1000. no of valid_triples complete
2000. no of valid_triples complete
3000. no of valid_triples complete
Validation Ended
Epoch 655	Loss 28872.587890625	 model yago_type1_lit_data_temporal_scoping_model_30_11_2023_12:31:17
Epoch 660	Loss 28125.712890625	 model yago_type1_lit_data_temporal_scoping_model_30_11_2023_12:31:17
Epoch 665	Loss 27359.09765625	 model yago_type1_lit_data_temporal_scoping_model_30_11_2023_12:31:17
Epoch 670	Loss 26616.591796875	 model yago_type1_lit_data_temporal_scoping_model_30_11_2023_12:31:17
Epoch 675	Loss 25905.625	 model yago_type1_lit_data_temporal_scoping_model_30_11_2023_12:31:17
0. no of valid_triples complete
1000. no of valid_triples complete
2000. no of valid_triples complete
3000. no of valid_triples complete
Validation Ended
Epoch 680	Loss 25200.265625	 model yago_type1_lit_data_temporal_scoping_model_30_11_2023_12:31:17
Epoch 685	Loss 24523.0625	 model yago_type1_lit_data_temporal_scoping_model_30_11_2023_12:31:17
Epoch 690	Loss 23828.025390625	 model yago_type1_lit_data_temporal_scoping_model_30_11_2023_12:31:17
Epoch 695	Loss 23156.744140625	 model yago_type1_lit_data_temporal_scoping_model_30_11_2023_12:31:17
Epoch 700	Loss 22499.958984375	 model yago_type1_lit_data_temporal_scoping_model_30_11_2023_12:31:17
0. no of valid_triples complete
1000. no of valid_triples complete
2000. no of valid_triples complete
3000. no of valid_triples complete
Validation Ended
Epoch 705	Loss 21869.18359375	 model yago_type1_lit_data_temporal_scoping_model_30_11_2023_12:31:17
Epoch 710	Loss 21221.1875	 model yago_type1_lit_data_temporal_scoping_model_30_11_2023_12:31:17
Epoch 715	Loss 20617.17578125	 model yago_type1_lit_data_temporal_scoping_model_30_11_2023_12:31:17
Epoch 720	Loss 20027.724609375	 model yago_type1_lit_data_temporal_scoping_model_30_11_2023_12:31:17
Epoch 725	Loss 19446.384765625	 model yago_type1_lit_data_temporal_scoping_model_30_11_2023_12:31:17
0. no of valid_triples complete
1000. no of valid_triples complete
2000. no of valid_triples complete
3000. no of valid_triples complete
Validation Ended
Epoch 730	Loss 18859.75	 model yago_type1_lit_data_temporal_scoping_model_30_11_2023_12:31:17
Epoch 735	Loss 18323.732421875	 model yago_type1_lit_data_temporal_scoping_model_30_11_2023_12:31:17
Epoch 740	Loss 17775.119140625	 model yago_type1_lit_data_temporal_scoping_model_30_11_2023_12:31:17
Epoch 745	Loss 17243.349609375	 model yago_type1_lit_data_temporal_scoping_model_30_11_2023_12:31:17
Epoch 750	Loss 16719.86328125	 model yago_type1_lit_data_temporal_scoping_model_30_11_2023_12:31:17
0. no of valid_triples complete
1000. no of valid_triples complete
2000. no of valid_triples complete
3000. no of valid_triples complete
Validation Ended
Epoch 755	Loss 16214.4755859375	 model yago_type1_lit_data_temporal_scoping_model_30_11_2023_12:31:17
Epoch 760	Loss 15717.578125	 model yago_type1_lit_data_temporal_scoping_model_30_11_2023_12:31:17
Epoch 765	Loss 15232.6689453125	 model yago_type1_lit_data_temporal_scoping_model_30_11_2023_12:31:17
Epoch 770	Loss 14772.3984375	 model yago_type1_lit_data_temporal_scoping_model_30_11_2023_12:31:17
Epoch 775	Loss 14278.029296875	 model yago_type1_lit_data_temporal_scoping_model_30_11_2023_12:31:17
0. no of valid_triples complete
1000. no of valid_triples complete
2000. no of valid_triples complete
3000. no of valid_triples complete
Validation Ended
Epoch 780	Loss 13846.1708984375	 model yago_type1_lit_data_temporal_scoping_model_30_11_2023_12:31:17
Epoch 785	Loss 13426.6025390625	 model yago_type1_lit_data_temporal_scoping_model_30_11_2023_12:31:17
Epoch 790	Loss 12993.810546875	 model yago_type1_lit_data_temporal_scoping_model_30_11_2023_12:31:17
Epoch 795	Loss 12588.908203125	 model yago_type1_lit_data_temporal_scoping_model_30_11_2023_12:31:17
Epoch 800	Loss 12192.9677734375	 model yago_type1_lit_data_temporal_scoping_model_30_11_2023_12:31:17
0. no of valid_triples complete
1000. no of valid_triples complete
2000. no of valid_triples complete
3000. no of valid_triples complete
Validation Ended
Epoch 805	Loss 11789.8525390625	 model yago_type1_lit_data_temporal_scoping_model_30_11_2023_12:31:17
Epoch 810	Loss 11416.2841796875	 model yago_type1_lit_data_temporal_scoping_model_30_11_2023_12:31:17
Epoch 815	Loss 11049.6708984375	 model yago_type1_lit_data_temporal_scoping_model_30_11_2023_12:31:17
Epoch 820	Loss 10695.7294921875	 model yago_type1_lit_data_temporal_scoping_model_30_11_2023_12:31:17
Epoch 825	Loss 10331.181640625	 model yago_type1_lit_data_temporal_scoping_model_30_11_2023_12:31:17
0. no of valid_triples complete
1000. no of valid_triples complete
2000. no of valid_triples complete
3000. no of valid_triples complete
Validation Ended
Epoch 830	Loss 9983.5400390625	 model yago_type1_lit_data_temporal_scoping_model_30_11_2023_12:31:17
Epoch 835	Loss 9663.341796875	 model yago_type1_lit_data_temporal_scoping_model_30_11_2023_12:31:17
Epoch 840	Loss 9320.65234375	 model yago_type1_lit_data_temporal_scoping_model_30_11_2023_12:31:17
Epoch 845	Loss 9022.4296875	 model yago_type1_lit_data_temporal_scoping_model_30_11_2023_12:31:17
Epoch 850	Loss 8733.02734375	 model yago_type1_lit_data_temporal_scoping_model_30_11_2023_12:31:17
0. no of valid_triples complete
1000. no of valid_triples complete
2000. no of valid_triples complete
3000. no of valid_triples complete
Validation Ended
Epoch 855	Loss 8440.6943359375	 model yago_type1_lit_data_temporal_scoping_model_30_11_2023_12:31:17
Epoch 860	Loss 8140.1728515625	 model yago_type1_lit_data_temporal_scoping_model_30_11_2023_12:31:17
Epoch 865	Loss 7861.2685546875	 model yago_type1_lit_data_temporal_scoping_model_30_11_2023_12:31:17
Epoch 870	Loss 7599.51806640625	 model yago_type1_lit_data_temporal_scoping_model_30_11_2023_12:31:17
Epoch 875	Loss 7333.8662109375	 model yago_type1_lit_data_temporal_scoping_model_30_11_2023_12:31:17
0. no of valid_triples complete
1000. no of valid_triples complete
2000. no of valid_triples complete
3000. no of valid_triples complete
Validation Ended
Epoch 880	Loss 7081.40625	 model yago_type1_lit_data_temporal_scoping_model_30_11_2023_12:31:17
Epoch 885	Loss 6840.35205078125	 model yago_type1_lit_data_temporal_scoping_model_30_11_2023_12:31:17
Epoch 890	Loss 6603.76953125	 model yago_type1_lit_data_temporal_scoping_model_30_11_2023_12:31:17
Epoch 895	Loss 6378.14208984375	 model yago_type1_lit_data_temporal_scoping_model_30_11_2023_12:31:17
Epoch 900	Loss 6145.3818359375	 model yago_type1_lit_data_temporal_scoping_model_30_11_2023_12:31:17
0. no of valid_triples complete
1000. no of valid_triples complete
2000. no of valid_triples complete
3000. no of valid_triples complete
Validation Ended
Epoch 905	Loss 5925.82177734375	 model yago_type1_lit_data_temporal_scoping_model_30_11_2023_12:31:17
Epoch 910	Loss 5724.53125	 model yago_type1_lit_data_temporal_scoping_model_30_11_2023_12:31:17
Epoch 915	Loss 5516.32177734375	 model yago_type1_lit_data_temporal_scoping_model_30_11_2023_12:31:17
Epoch 920	Loss 5318.32275390625	 model yago_type1_lit_data_temporal_scoping_model_30_11_2023_12:31:17
Epoch 925	Loss 5126.92919921875	 model yago_type1_lit_data_temporal_scoping_model_30_11_2023_12:31:17
0. no of valid_triples complete
1000. no of valid_triples complete
2000. no of valid_triples complete
3000. no of valid_triples complete
Validation Ended
Epoch 930	Loss 4946.33056640625	 model yago_type1_lit_data_temporal_scoping_model_30_11_2023_12:31:17
Epoch 935	Loss 4763.75048828125	 model yago_type1_lit_data_temporal_scoping_model_30_11_2023_12:31:17
Epoch 940	Loss 4590.7373046875	 model yago_type1_lit_data_temporal_scoping_model_30_11_2023_12:31:17
Epoch 945	Loss 4429.2294921875	 model yago_type1_lit_data_temporal_scoping_model_30_11_2023_12:31:17
Epoch 950	Loss 4263.90478515625	 model yago_type1_lit_data_temporal_scoping_model_30_11_2023_12:31:17
0. no of valid_triples complete
1000. no of valid_triples complete
2000. no of valid_triples complete
3000. no of valid_triples complete
Validation Ended
Epoch 955	Loss 4116.36767578125	 model yago_type1_lit_data_temporal_scoping_model_30_11_2023_12:31:17
Epoch 960	Loss 3954.514404296875	 model yago_type1_lit_data_temporal_scoping_model_30_11_2023_12:31:17
Epoch 965	Loss 3817.923583984375	 model yago_type1_lit_data_temporal_scoping_model_30_11_2023_12:31:17
Epoch 970	Loss 3660.669921875	 model yago_type1_lit_data_temporal_scoping_model_30_11_2023_12:31:17
Epoch 975	Loss 3537.505126953125	 model yago_type1_lit_data_temporal_scoping_model_30_11_2023_12:31:17
0. no of valid_triples complete
1000. no of valid_triples complete
2000. no of valid_triples complete
3000. no of valid_triples complete
Validation Ended
Epoch 980	Loss 3396.262939453125	 model yago_type1_lit_data_temporal_scoping_model_30_11_2023_12:31:17
Epoch 985	Loss 3275.44091796875	 model yago_type1_lit_data_temporal_scoping_model_30_11_2023_12:31:17
Epoch 990	Loss 3150.63818359375	 model yago_type1_lit_data_temporal_scoping_model_30_11_2023_12:31:17
Epoch 995	Loss 3031.579345703125	 model yago_type1_lit_data_temporal_scoping_model_30_11_2023_12:31:17
Epoch 1000	Loss 2912.948486328125	 model yago_type1_lit_data_temporal_scoping_model_30_11_2023_12:31:17
0. no of valid_triples complete
1000. no of valid_triples complete
2000. no of valid_triples complete
3000. no of valid_triples complete
Validation Ended
Epoch 1005	Loss 2806.97314453125	 model yago_type1_lit_data_temporal_scoping_model_30_11_2023_12:31:17
Epoch 1010	Loss 2699.01171875	 model yago_type1_lit_data_temporal_scoping_model_30_11_2023_12:31:17
Epoch 1015	Loss 2598.838134765625	 model yago_type1_lit_data_temporal_scoping_model_30_11_2023_12:31:17
Epoch 1020	Loss 2508.02734375	 model yago_type1_lit_data_temporal_scoping_model_30_11_2023_12:31:17
Epoch 1025	Loss 2405.748291015625	 model yago_type1_lit_data_temporal_scoping_model_30_11_2023_12:31:17
0. no of valid_triples complete
1000. no of valid_triples complete
2000. no of valid_triples complete
3000. no of valid_triples complete
Validation Ended
Epoch 1030	Loss 2310.422607421875	 model yago_type1_lit_data_temporal_scoping_model_30_11_2023_12:31:17
Epoch 1035	Loss 2222.129150390625	 model yago_type1_lit_data_temporal_scoping_model_30_11_2023_12:31:17
Epoch 1040	Loss 2137.705810546875	 model yago_type1_lit_data_temporal_scoping_model_30_11_2023_12:31:17
Epoch 1045	Loss 2063.694580078125	 model yago_type1_lit_data_temporal_scoping_model_30_11_2023_12:31:17
Epoch 1050	Loss 1977.5096435546875	 model yago_type1_lit_data_temporal_scoping_model_30_11_2023_12:31:17
0. no of valid_triples complete
1000. no of valid_triples complete
2000. no of valid_triples complete
3000. no of valid_triples complete
Validation Ended
Epoch 1055	Loss 1903.2928466796875	 model yago_type1_lit_data_temporal_scoping_model_30_11_2023_12:31:17
Epoch 1060	Loss 1826.8330078125	 model yago_type1_lit_data_temporal_scoping_model_30_11_2023_12:31:17
Epoch 1065	Loss 1758.7325439453125	 model yago_type1_lit_data_temporal_scoping_model_30_11_2023_12:31:17
Epoch 1070	Loss 1689.5262451171875	 model yago_type1_lit_data_temporal_scoping_model_30_11_2023_12:31:17
Epoch 1075	Loss 1622.666748046875	 model yago_type1_lit_data_temporal_scoping_model_30_11_2023_12:31:17
0. no of valid_triples complete
1000. no of valid_triples complete
2000. no of valid_triples complete
3000. no of valid_triples complete
Validation Ended
Epoch 1080	Loss 1561.5079345703125	 model yago_type1_lit_data_temporal_scoping_model_30_11_2023_12:31:17
Epoch 1085	Loss 1495.6744384765625	 model yago_type1_lit_data_temporal_scoping_model_30_11_2023_12:31:17
Epoch 1090	Loss 1440.236328125	 model yago_type1_lit_data_temporal_scoping_model_30_11_2023_12:31:17
Epoch 1095	Loss 1385.1484375	 model yago_type1_lit_data_temporal_scoping_model_30_11_2023_12:31:17
Epoch 1100	Loss 1330.591552734375	 model yago_type1_lit_data_temporal_scoping_model_30_11_2023_12:31:17
0. no of valid_triples complete
1000. no of valid_triples complete
2000. no of valid_triples complete
3000. no of valid_triples complete
Validation Ended
Epoch 1105	Loss 1281.5780029296875	 model yago_type1_lit_data_temporal_scoping_model_30_11_2023_12:31:17
Epoch 1110	Loss 1235.461669921875	 model yago_type1_lit_data_temporal_scoping_model_30_11_2023_12:31:17
Epoch 1115	Loss 1184.326416015625	 model yago_type1_lit_data_temporal_scoping_model_30_11_2023_12:31:17
Epoch 1120	Loss 1139.513427734375	 model yago_type1_lit_data_temporal_scoping_model_30_11_2023_12:31:17
Epoch 1125	Loss 1089.488037109375	 model yago_type1_lit_data_temporal_scoping_model_30_11_2023_12:31:17
0. no of valid_triples complete
1000. no of valid_triples complete
2000. no of valid_triples complete
3000. no of valid_triples complete
Validation Ended
Epoch 1130	Loss 1052.9063720703125	 model yago_type1_lit_data_temporal_scoping_model_30_11_2023_12:31:17
Epoch 1135	Loss 1010.7061767578125	 model yago_type1_lit_data_temporal_scoping_model_30_11_2023_12:31:17
Epoch 1140	Loss 969.2518310546875	 model yago_type1_lit_data_temporal_scoping_model_30_11_2023_12:31:17
Epoch 1145	Loss 933.2549438476562	 model yago_type1_lit_data_temporal_scoping_model_30_11_2023_12:31:17
Epoch 1150	Loss 901.74267578125	 model yago_type1_lit_data_temporal_scoping_model_30_11_2023_12:31:17
0. no of valid_triples complete
1000. no of valid_triples complete
2000. no of valid_triples complete
3000. no of valid_triples complete
Validation Ended
Epoch 1155	Loss 861.5386352539062	 model yago_type1_lit_data_temporal_scoping_model_30_11_2023_12:31:17
Epoch 1160	Loss 833.2738037109375	 model yago_type1_lit_data_temporal_scoping_model_30_11_2023_12:31:17
Epoch 1165	Loss 798.4699096679688	 model yago_type1_lit_data_temporal_scoping_model_30_11_2023_12:31:17
Epoch 1170	Loss 767.4406127929688	 model yago_type1_lit_data_temporal_scoping_model_30_11_2023_12:31:17
Epoch 1175	Loss 732.8921508789062	 model yago_type1_lit_data_temporal_scoping_model_30_11_2023_12:31:17
0. no of valid_triples complete
1000. no of valid_triples complete
2000. no of valid_triples complete
3000. no of valid_triples complete
Validation Ended
Epoch 1180	Loss 711.91357421875	 model yago_type1_lit_data_temporal_scoping_model_30_11_2023_12:31:17
Epoch 1185	Loss 679.9894409179688	 model yago_type1_lit_data_temporal_scoping_model_30_11_2023_12:31:17
Epoch 1190	Loss 650.328125	 model yago_type1_lit_data_temporal_scoping_model_30_11_2023_12:31:17
Epoch 1195	Loss 628.6564331054688	 model yago_type1_lit_data_temporal_scoping_model_30_11_2023_12:31:17
Epoch 1200	Loss 603.9542846679688	 model yago_type1_lit_data_temporal_scoping_model_30_11_2023_12:31:17
0. no of valid_triples complete
1000. no of valid_triples complete
2000. no of valid_triples complete
3000. no of valid_triples complete
Validation Ended
Epoch 1205	Loss 576.0946044921875	 model yago_type1_lit_data_temporal_scoping_model_30_11_2023_12:31:17
Epoch 1210	Loss 556.4376831054688	 model yago_type1_lit_data_temporal_scoping_model_30_11_2023_12:31:17
Epoch 1215	Loss 536.4064331054688	 model yago_type1_lit_data_temporal_scoping_model_30_11_2023_12:31:17
Epoch 1220	Loss 514.8036499023438	 model yago_type1_lit_data_temporal_scoping_model_30_11_2023_12:31:17
Epoch 1225	Loss 492.16705322265625	 model yago_type1_lit_data_temporal_scoping_model_30_11_2023_12:31:17
0. no of valid_triples complete
1000. no of valid_triples complete
2000. no of valid_triples complete
3000. no of valid_triples complete
Validation Ended
Epoch 1230	Loss 474.8578796386719	 model yago_type1_lit_data_temporal_scoping_model_30_11_2023_12:31:17
Epoch 1235	Loss 456.4892272949219	 model yago_type1_lit_data_temporal_scoping_model_30_11_2023_12:31:17
Epoch 1240	Loss 438.1302795410156	 model yago_type1_lit_data_temporal_scoping_model_30_11_2023_12:31:17
Epoch 1245	Loss 421.34783935546875	 model yago_type1_lit_data_temporal_scoping_model_30_11_2023_12:31:17
Epoch 1250	Loss 403.1614074707031	 model yago_type1_lit_data_temporal_scoping_model_30_11_2023_12:31:17
0. no of valid_triples complete
1000. no of valid_triples complete
2000. no of valid_triples complete
3000. no of valid_triples complete
Validation Ended
Epoch 1255	Loss 389.6460876464844	 model yago_type1_lit_data_temporal_scoping_model_30_11_2023_12:31:17
Epoch 1260	Loss 375.0866394042969	 model yago_type1_lit_data_temporal_scoping_model_30_11_2023_12:31:17
Epoch 1265	Loss 356.9700622558594	 model yago_type1_lit_data_temporal_scoping_model_30_11_2023_12:31:17
Epoch 1270	Loss 342.41552734375	 model yago_type1_lit_data_temporal_scoping_model_30_11_2023_12:31:17
Epoch 1275	Loss 329.59210205078125	 model yago_type1_lit_data_temporal_scoping_model_30_11_2023_12:31:17
0. no of valid_triples complete
1000. no of valid_triples complete
2000. no of valid_triples complete
3000. no of valid_triples complete
Validation Ended
Epoch 1280	Loss 316.66998291015625	 model yago_type1_lit_data_temporal_scoping_model_30_11_2023_12:31:17
Epoch 1285	Loss 304.4615783691406	 model yago_type1_lit_data_temporal_scoping_model_30_11_2023_12:31:17
Epoch 1290	Loss 292.0295104980469	 model yago_type1_lit_data_temporal_scoping_model_30_11_2023_12:31:17
Epoch 1295	Loss 280.826171875	 model yago_type1_lit_data_temporal_scoping_model_30_11_2023_12:31:17
Epoch 1300	Loss 269.1533508300781	 model yago_type1_lit_data_temporal_scoping_model_30_11_2023_12:31:17
0. no of valid_triples complete
1000. no of valid_triples complete
2000. no of valid_triples complete
3000. no of valid_triples complete
Validation Ended
Epoch 1305	Loss 259.4737854003906	 model yago_type1_lit_data_temporal_scoping_model_30_11_2023_12:31:17
Epoch 1310	Loss 245.98202514648438	 model yago_type1_lit_data_temporal_scoping_model_30_11_2023_12:31:17
Epoch 1315	Loss 237.8662567138672	 model yago_type1_lit_data_temporal_scoping_model_30_11_2023_12:31:17
Epoch 1320	Loss 229.18727111816406	 model yago_type1_lit_data_temporal_scoping_model_30_11_2023_12:31:17
Epoch 1325	Loss 219.37521362304688	 model yago_type1_lit_data_temporal_scoping_model_30_11_2023_12:31:17
0. no of valid_triples complete
1000. no of valid_triples complete
2000. no of valid_triples complete
3000. no of valid_triples complete
Validation Ended
Epoch 1330	Loss 210.0172576904297	 model yago_type1_lit_data_temporal_scoping_model_30_11_2023_12:31:17
Epoch 1335	Loss 201.30810546875	 model yago_type1_lit_data_temporal_scoping_model_30_11_2023_12:31:17
Epoch 1340	Loss 193.27719116210938	 model yago_type1_lit_data_temporal_scoping_model_30_11_2023_12:31:17
Epoch 1345	Loss 184.1333770751953	 model yago_type1_lit_data_temporal_scoping_model_30_11_2023_12:31:17
Epoch 1350	Loss 178.3287353515625	 model yago_type1_lit_data_temporal_scoping_model_30_11_2023_12:31:17
0. no of valid_triples complete
1000. no of valid_triples complete
2000. no of valid_triples complete
3000. no of valid_triples complete
Validation Ended
Epoch 1355	Loss 169.88479614257812	 model yago_type1_lit_data_temporal_scoping_model_30_11_2023_12:31:17
Epoch 1360	Loss 164.1084442138672	 model yago_type1_lit_data_temporal_scoping_model_30_11_2023_12:31:17
Epoch 1365	Loss 156.9589385986328	 model yago_type1_lit_data_temporal_scoping_model_30_11_2023_12:31:17
Epoch 1370	Loss 150.72024536132812	 model yago_type1_lit_data_temporal_scoping_model_30_11_2023_12:31:17
Epoch 1375	Loss 143.3013916015625	 model yago_type1_lit_data_temporal_scoping_model_30_11_2023_12:31:17
0. no of valid_triples complete
1000. no of valid_triples complete
2000. no of valid_triples complete
3000. no of valid_triples complete
Validation Ended
Epoch 1380	Loss 137.417236328125	 model yago_type1_lit_data_temporal_scoping_model_30_11_2023_12:31:17
Epoch 1385	Loss 131.9620819091797	 model yago_type1_lit_data_temporal_scoping_model_30_11_2023_12:31:17
Epoch 1390	Loss 128.15977478027344	 model yago_type1_lit_data_temporal_scoping_model_30_11_2023_12:31:17
Epoch 1395	Loss 122.88761138916016	 model yago_type1_lit_data_temporal_scoping_model_30_11_2023_12:31:17
Epoch 1400	Loss 117.13690948486328	 model yago_type1_lit_data_temporal_scoping_model_30_11_2023_12:31:17
0. no of valid_triples complete
1000. no of valid_triples complete
2000. no of valid_triples complete
3000. no of valid_triples complete
Validation Ended
Epoch 1405	Loss 111.91272735595703	 model yago_type1_lit_data_temporal_scoping_model_30_11_2023_12:31:17
Epoch 1410	Loss 108.25030517578125	 model yago_type1_lit_data_temporal_scoping_model_30_11_2023_12:31:17
Epoch 1415	Loss 103.3492431640625	 model yago_type1_lit_data_temporal_scoping_model_30_11_2023_12:31:17
Epoch 1420	Loss 99.21537780761719	 model yago_type1_lit_data_temporal_scoping_model_30_11_2023_12:31:17
Epoch 1425	Loss 96.08441925048828	 model yago_type1_lit_data_temporal_scoping_model_30_11_2023_12:31:17
0. no of valid_triples complete
1000. no of valid_triples complete
2000. no of valid_triples complete
3000. no of valid_triples complete
Validation Ended
Epoch 1430	Loss 91.80665588378906	 model yago_type1_lit_data_temporal_scoping_model_30_11_2023_12:31:17
Epoch 1435	Loss 87.42687225341797	 model yago_type1_lit_data_temporal_scoping_model_30_11_2023_12:31:17
Epoch 1440	Loss 83.66834259033203	 model yago_type1_lit_data_temporal_scoping_model_30_11_2023_12:31:17
Epoch 1445	Loss 81.28186798095703	 model yago_type1_lit_data_temporal_scoping_model_30_11_2023_12:31:17
Epoch 1450	Loss 78.02935791015625	 model yago_type1_lit_data_temporal_scoping_model_30_11_2023_12:31:17
0. no of valid_triples complete
1000. no of valid_triples complete
2000. no of valid_triples complete
3000. no of valid_triples complete
Validation Ended
Epoch 1455	Loss 74.45875549316406	 model yago_type1_lit_data_temporal_scoping_model_30_11_2023_12:31:17
Epoch 1460	Loss 71.27725982666016	 model yago_type1_lit_data_temporal_scoping_model_30_11_2023_12:31:17
Epoch 1465	Loss 68.86737823486328	 model yago_type1_lit_data_temporal_scoping_model_30_11_2023_12:31:17
Epoch 1470	Loss 66.08731842041016	 model yago_type1_lit_data_temporal_scoping_model_30_11_2023_12:31:17
Epoch 1475	Loss 61.87017822265625	 model yago_type1_lit_data_temporal_scoping_model_30_11_2023_12:31:17
0. no of valid_triples complete
1000. no of valid_triples complete
2000. no of valid_triples complete
3000. no of valid_triples complete
Validation Ended
Epoch 1480	Loss 60.55636215209961	 model yago_type1_lit_data_temporal_scoping_model_30_11_2023_12:31:17
Epoch 1485	Loss 58.619850158691406	 model yago_type1_lit_data_temporal_scoping_model_30_11_2023_12:31:17
Epoch 1490	Loss 55.48888397216797	 model yago_type1_lit_data_temporal_scoping_model_30_11_2023_12:31:17
Epoch 1495	Loss 54.20701217651367	 model yago_type1_lit_data_temporal_scoping_model_30_11_2023_12:31:17
Epoch 1500	Loss 51.225311279296875	 model yago_type1_lit_data_temporal_scoping_model_30_11_2023_12:31:17
0. no of valid_triples complete
1000. no of valid_triples complete
2000. no of valid_triples complete
3000. no of valid_triples complete
Validation Ended
Epoch 1505	Loss 49.840145111083984	 model yago_type1_lit_data_temporal_scoping_model_30_11_2023_12:31:17
Epoch 1510	Loss 47.173240661621094	 model yago_type1_lit_data_temporal_scoping_model_30_11_2023_12:31:17
Epoch 1515	Loss 45.710670471191406	 model yago_type1_lit_data_temporal_scoping_model_30_11_2023_12:31:17
Epoch 1520	Loss 43.568328857421875	 model yago_type1_lit_data_temporal_scoping_model_30_11_2023_12:31:17
Epoch 1525	Loss 42.17216873168945	 model yago_type1_lit_data_temporal_scoping_model_30_11_2023_12:31:17
0. no of valid_triples complete
1000. no of valid_triples complete
2000. no of valid_triples complete
3000. no of valid_triples complete
Validation Ended
Epoch 1530	Loss 40.36142349243164	 model yago_type1_lit_data_temporal_scoping_model_30_11_2023_12:31:17
Epoch 1535	Loss 38.21759033203125	 model yago_type1_lit_data_temporal_scoping_model_30_11_2023_12:31:17
Epoch 1540	Loss 36.26980209350586	 model yago_type1_lit_data_temporal_scoping_model_30_11_2023_12:31:17
Epoch 1545	Loss 35.521541595458984	 model yago_type1_lit_data_temporal_scoping_model_30_11_2023_12:31:17
Epoch 1550	Loss 33.952693939208984	 model yago_type1_lit_data_temporal_scoping_model_30_11_2023_12:31:17
0. no of valid_triples complete
1000. no of valid_triples complete
2000. no of valid_triples complete
3000. no of valid_triples complete
Validation Ended
Epoch 1555	Loss 31.805057525634766	 model yago_type1_lit_data_temporal_scoping_model_30_11_2023_12:31:17
Epoch 1560	Loss 30.6790771484375	 model yago_type1_lit_data_temporal_scoping_model_30_11_2023_12:31:17
Epoch 1565	Loss 29.57662582397461	 model yago_type1_lit_data_temporal_scoping_model_30_11_2023_12:31:17
Epoch 1570	Loss 27.76480484008789	 model yago_type1_lit_data_temporal_scoping_model_30_11_2023_12:31:17
Epoch 1575	Loss 26.97718620300293	 model yago_type1_lit_data_temporal_scoping_model_30_11_2023_12:31:17
0. no of valid_triples complete
1000. no of valid_triples complete
2000. no of valid_triples complete
3000. no of valid_triples complete
Validation Ended
Epoch 1580	Loss 25.753986358642578	 model yago_type1_lit_data_temporal_scoping_model_30_11_2023_12:31:17
Epoch 1585	Loss 24.428186416625977	 model yago_type1_lit_data_temporal_scoping_model_30_11_2023_12:31:17
Epoch 1590	Loss 22.64067268371582	 model yago_type1_lit_data_temporal_scoping_model_30_11_2023_12:31:17
Epoch 1595	Loss 22.29075813293457	 model yago_type1_lit_data_temporal_scoping_model_30_11_2023_12:31:17
Epoch 1600	Loss 21.146804809570312	 model yago_type1_lit_data_temporal_scoping_model_30_11_2023_12:31:17
0. no of valid_triples complete
1000. no of valid_triples complete
2000. no of valid_triples complete
3000. no of valid_triples complete
Validation Ended
Epoch 1605	Loss 20.162479400634766	 model yago_type1_lit_data_temporal_scoping_model_30_11_2023_12:31:17
Epoch 1610	Loss 19.113601684570312	 model yago_type1_lit_data_temporal_scoping_model_30_11_2023_12:31:17
Epoch 1615	Loss 18.639690399169922	 model yago_type1_lit_data_temporal_scoping_model_30_11_2023_12:31:17
Epoch 1620	Loss 17.748456954956055	 model yago_type1_lit_data_temporal_scoping_model_30_11_2023_12:31:17
Epoch 1625	Loss 16.892602920532227	 model yago_type1_lit_data_temporal_scoping_model_30_11_2023_12:31:17
0. no of valid_triples complete
1000. no of valid_triples complete
2000. no of valid_triples complete
3000. no of valid_triples complete
Validation Ended
Epoch 1630	Loss 16.04508399963379	 model yago_type1_lit_data_temporal_scoping_model_30_11_2023_12:31:17
Epoch 1635	Loss 15.306872367858887	 model yago_type1_lit_data_temporal_scoping_model_30_11_2023_12:31:17
Epoch 1640	Loss 14.57928466796875	 model yago_type1_lit_data_temporal_scoping_model_30_11_2023_12:31:17
Epoch 1645	Loss 13.820464134216309	 model yago_type1_lit_data_temporal_scoping_model_30_11_2023_12:31:17
Epoch 1650	Loss 13.026835441589355	 model yago_type1_lit_data_temporal_scoping_model_30_11_2023_12:31:17
0. no of valid_triples complete
1000. no of valid_triples complete
2000. no of valid_triples complete
3000. no of valid_triples complete
Validation Ended
Epoch 1655	Loss 12.400076866149902	 model yago_type1_lit_data_temporal_scoping_model_30_11_2023_12:31:17
Epoch 1660	Loss 11.430183410644531	 model yago_type1_lit_data_temporal_scoping_model_30_11_2023_12:31:17
Epoch 1665	Loss 10.613844871520996	 model yago_type1_lit_data_temporal_scoping_model_30_11_2023_12:31:17
Epoch 1670	Loss 10.448478698730469	 model yago_type1_lit_data_temporal_scoping_model_30_11_2023_12:31:17
Epoch 1675	Loss 9.848663330078125	 model yago_type1_lit_data_temporal_scoping_model_30_11_2023_12:31:17
0. no of valid_triples complete
1000. no of valid_triples complete
2000. no of valid_triples complete
3000. no of valid_triples complete
Validation Ended
Epoch 1680	Loss 9.33024787902832	 model yago_type1_lit_data_temporal_scoping_model_30_11_2023_12:31:17
Epoch 1685	Loss 8.771880149841309	 model yago_type1_lit_data_temporal_scoping_model_30_11_2023_12:31:17
Epoch 1690	Loss 8.301298141479492	 model yago_type1_lit_data_temporal_scoping_model_30_11_2023_12:31:17
Epoch 1695	Loss 7.871608734130859	 model yago_type1_lit_data_temporal_scoping_model_30_11_2023_12:31:17
Epoch 1700	Loss 7.39768123626709	 model yago_type1_lit_data_temporal_scoping_model_30_11_2023_12:31:17
0. no of valid_triples complete
1000. no of valid_triples complete
2000. no of valid_triples complete
3000. no of valid_triples complete
Validation Ended
Epoch 1705	Loss 5.9807047843933105	 model yago_type1_lit_data_temporal_scoping_model_30_11_2023_12:31:17
Epoch 1710	Loss 6.61210298538208	 model yago_type1_lit_data_temporal_scoping_model_30_11_2023_12:31:17
Epoch 1715	Loss 5.936302661895752	 model yago_type1_lit_data_temporal_scoping_model_30_11_2023_12:31:17
Epoch 1720	Loss 5.897881507873535	 model yago_type1_lit_data_temporal_scoping_model_30_11_2023_12:31:17
Epoch 1725	Loss 5.577958583831787	 model yago_type1_lit_data_temporal_scoping_model_30_11_2023_12:31:17
0. no of valid_triples complete
1000. no of valid_triples complete
2000. no of valid_triples complete
3000. no of valid_triples complete
Validation Ended
Epoch 1730	Loss 5.246409893035889	 model yago_type1_lit_data_temporal_scoping_model_30_11_2023_12:31:17
Epoch 1735	Loss 4.944387912750244	 model yago_type1_lit_data_temporal_scoping_model_30_11_2023_12:31:17
Epoch 1740	Loss 4.593677997589111	 model yago_type1_lit_data_temporal_scoping_model_30_11_2023_12:31:17
Epoch 1745	Loss 4.272422790527344	 model yago_type1_lit_data_temporal_scoping_model_30_11_2023_12:31:17
Epoch 1750	Loss 3.9300854206085205	 model yago_type1_lit_data_temporal_scoping_model_30_11_2023_12:31:17
0. no of valid_triples complete
1000. no of valid_triples complete
2000. no of valid_triples complete
3000. no of valid_triples complete
Validation Ended
Epoch 1755	Loss 3.6763880252838135	 model yago_type1_lit_data_temporal_scoping_model_30_11_2023_12:31:17
Epoch 1760	Loss 3.5116615295410156	 model yago_type1_lit_data_temporal_scoping_model_30_11_2023_12:31:17
Epoch 1765	Loss 3.3064308166503906	 model yago_type1_lit_data_temporal_scoping_model_30_11_2023_12:31:17
Epoch 1770	Loss 3.121816635131836	 model yago_type1_lit_data_temporal_scoping_model_30_11_2023_12:31:17
Epoch 1775	Loss 2.9107677936553955	 model yago_type1_lit_data_temporal_scoping_model_30_11_2023_12:31:17
0. no of valid_triples complete
1000. no of valid_triples complete
2000. no of valid_triples complete
3000. no of valid_triples complete
Validation Ended
Epoch 1780	Loss 2.7438876628875732	 model yago_type1_lit_data_temporal_scoping_model_30_11_2023_12:31:17
Epoch 1785	Loss 2.547250747680664	 model yago_type1_lit_data_temporal_scoping_model_30_11_2023_12:31:17
Epoch 1790	Loss 2.4381673336029053	 model yago_type1_lit_data_temporal_scoping_model_30_11_2023_12:31:17
Epoch 1795	Loss 2.2994513511657715	 model yago_type1_lit_data_temporal_scoping_model_30_11_2023_12:31:17
Epoch 1800	Loss 2.1776278018951416	 model yago_type1_lit_data_temporal_scoping_model_30_11_2023_12:31:17
0. no of valid_triples complete
1000. no of valid_triples complete
2000. no of valid_triples complete
3000. no of valid_triples complete
Validation Ended
Epoch 1805	Loss 2.017803192138672	 model yago_type1_lit_data_temporal_scoping_model_30_11_2023_12:31:17
Epoch 1810	Loss 1.9720455408096313	 model yago_type1_lit_data_temporal_scoping_model_30_11_2023_12:31:17
Epoch 1815	Loss 1.8858221769332886	 model yago_type1_lit_data_temporal_scoping_model_30_11_2023_12:31:17
Epoch 1820	Loss 1.8169087171554565	 model yago_type1_lit_data_temporal_scoping_model_30_11_2023_12:31:17
Epoch 1825	Loss 1.733508825302124	 model yago_type1_lit_data_temporal_scoping_model_30_11_2023_12:31:17
0. no of valid_triples complete
1000. no of valid_triples complete
2000. no of valid_triples complete
3000. no of valid_triples complete
Validation Ended
Epoch 1830	Loss 1.6703319549560547	 model yago_type1_lit_data_temporal_scoping_model_30_11_2023_12:31:17
Epoch 1835	Loss 1.6318687200546265	 model yago_type1_lit_data_temporal_scoping_model_30_11_2023_12:31:17
Epoch 1840	Loss 1.5670442581176758	 model yago_type1_lit_data_temporal_scoping_model_30_11_2023_12:31:17
Epoch 1845	Loss 1.5119234323501587	 model yago_type1_lit_data_temporal_scoping_model_30_11_2023_12:31:17
Epoch 1850	Loss 1.4551713466644287	 model yago_type1_lit_data_temporal_scoping_model_30_11_2023_12:31:17
0. no of valid_triples complete
1000. no of valid_triples complete
2000. no of valid_triples complete
3000. no of valid_triples complete
Validation Ended
Epoch 1855	Loss 1.3966015577316284	 model yago_type1_lit_data_temporal_scoping_model_30_11_2023_12:31:17
Epoch 1860	Loss 1.3513020277023315	 model yago_type1_lit_data_temporal_scoping_model_30_11_2023_12:31:17
Epoch 1865	Loss 1.3160288333892822	 model yago_type1_lit_data_temporal_scoping_model_30_11_2023_12:31:17
Epoch 1870	Loss 1.2541834115982056	 model yago_type1_lit_data_temporal_scoping_model_30_11_2023_12:31:17
Epoch 1875	Loss 1.2036601305007935	 model yago_type1_lit_data_temporal_scoping_model_30_11_2023_12:31:17
0. no of valid_triples complete
1000. no of valid_triples complete
2000. no of valid_triples complete
3000. no of valid_triples complete
Validation Ended
Epoch 1880	Loss 1.1674727201461792	 model yago_type1_lit_data_temporal_scoping_model_30_11_2023_12:31:17
Epoch 1885	Loss 1.1188908815383911	 model yago_type1_lit_data_temporal_scoping_model_30_11_2023_12:31:17
Epoch 1890	Loss 1.0549236536026	 model yago_type1_lit_data_temporal_scoping_model_30_11_2023_12:31:17
Epoch 1895	Loss 1.0074026584625244	 model yago_type1_lit_data_temporal_scoping_model_30_11_2023_12:31:17
Epoch 1900	Loss 0.9558653235435486	 model yago_type1_lit_data_temporal_scoping_model_30_11_2023_12:31:17
0. no of valid_triples complete
1000. no of valid_triples complete
2000. no of valid_triples complete
3000. no of valid_triples complete
Validation Ended
Epoch 1905	Loss 0.9027765989303589	 model yago_type1_lit_data_temporal_scoping_model_30_11_2023_12:31:17
Epoch 1910	Loss 0.8459502458572388	 model yago_type1_lit_data_temporal_scoping_model_30_11_2023_12:31:17
Epoch 1915	Loss 0.7118309736251831	 model yago_type1_lit_data_temporal_scoping_model_30_11_2023_12:31:17
Epoch 1920	Loss 0.7339512705802917	 model yago_type1_lit_data_temporal_scoping_model_30_11_2023_12:31:17
Epoch 1925	Loss 0.6988010406494141	 model yago_type1_lit_data_temporal_scoping_model_30_11_2023_12:31:17
0. no of valid_triples complete
1000. no of valid_triples complete
2000. no of valid_triples complete
3000. no of valid_triples complete
Validation Ended
Epoch 1930	Loss 0.64991694688797	 model yago_type1_lit_data_temporal_scoping_model_30_11_2023_12:31:17
Epoch 1935	Loss 0.6206310987472534	 model yago_type1_lit_data_temporal_scoping_model_30_11_2023_12:31:17
Epoch 1940	Loss 0.613265335559845	 model yago_type1_lit_data_temporal_scoping_model_30_11_2023_12:31:17
Epoch 1945	Loss 0.6125088930130005	 model yago_type1_lit_data_temporal_scoping_model_30_11_2023_12:31:17
Epoch 1950	Loss 0.6018036603927612	 model yago_type1_lit_data_temporal_scoping_model_30_11_2023_12:31:17
0. no of valid_triples complete
1000. no of valid_triples complete
2000. no of valid_triples complete
3000. no of valid_triples complete
Validation Ended
Epoch 1955	Loss 0.549529492855072	 model yago_type1_lit_data_temporal_scoping_model_30_11_2023_12:31:17
Epoch 1960	Loss 0.5386676788330078	 model yago_type1_lit_data_temporal_scoping_model_30_11_2023_12:31:17
Epoch 1965	Loss 0.5272373557090759	 model yago_type1_lit_data_temporal_scoping_model_30_11_2023_12:31:17
Epoch 1970	Loss 0.5131130218505859	 model yago_type1_lit_data_temporal_scoping_model_30_11_2023_12:31:17
Epoch 1975	Loss 0.49600109457969666	 model yago_type1_lit_data_temporal_scoping_model_30_11_2023_12:31:17
0. no of valid_triples complete
1000. no of valid_triples complete
2000. no of valid_triples complete
3000. no of valid_triples complete
Validation Ended
Epoch 1980	Loss 0.49630436301231384	 model yago_type1_lit_data_temporal_scoping_model_30_11_2023_12:31:17
Epoch 1985	Loss 0.4641752243041992	 model yago_type1_lit_data_temporal_scoping_model_30_11_2023_12:31:17
Epoch 1990	Loss 0.4476642608642578	 model yago_type1_lit_data_temporal_scoping_model_30_11_2023_12:31:17
Epoch 1995	Loss 0.4456336200237274	 model yago_type1_lit_data_temporal_scoping_model_30_11_2023_12:31:17
