WARNING:tensorflow:From /home/adityad/HyTE/HyTE-master/time_proj.py:439: calling reduce_sum (from tensorflow.python.ops.math_ops) with keep_dims is deprecated and will be removed in a future version.
Instructions for updating:
keep_dims is deprecated, use keepdims instead
WARNING:tensorflow:From /home/adityad/HyTE/HyTE-master/time_proj.py:462: calling l2_normalize (from tensorflow.python.ops.nn_impl) with dim is deprecated and will be removed in a future version.
Instructions for updating:
dim is deprecated, use axis instead
2023-10-23 19:56:14.503569: I tensorflow/core/platform/cpu_feature_guard.cc:141] Your CPU supports instructions that this TensorFlow binary was not compiled to use: AVX2 AVX512F FMA
here in main
model done
model object created
enter fitting
start fitting
Epoch 0	Loss 489928.96875	 model yago_data_neg_sample_5_mar_10_l2_0.00_model
0. no of valid_triples complete
500. no of valid_triples complete
1000. no of valid_triples complete
1500. no of valid_triples complete
2000. no of valid_triples complete
Validation Ended
0. no of valid_triples complete
500. no of valid_triples complete
1000. no of valid_triples complete
1500. no of valid_triples complete
2000. no of valid_triples complete
Validation Ended
0. no of valid_triples complete
500. no of valid_triples complete
1000. no of valid_triples complete
1500. no of valid_triples complete
2000. no of valid_triples complete
Validation Ended
0. no of valid_triples complete
500. no of valid_triples complete
1000. no of valid_triples complete
1500. no of valid_triples complete
2000. no of valid_triples complete
Validation Ended
0. no of valid_triples complete
500. no of valid_triples complete
1000. no of valid_triples complete
1500. no of valid_triples complete
2000. no of valid_triples complete
Validation Ended
0. no of valid_triples complete
500. no of valid_triples complete
1000. no of valid_triples complete
1500. no of valid_triples complete
2000. no of valid_triples complete
Validation Ended
0. no of valid_triples complete
500. no of valid_triples complete
1000. no of valid_triples complete
1500. no of valid_triples complete
2000. no of valid_triples complete
Validation Ended
0. no of valid_triples complete
500. no of valid_triples complete
1000. no of valid_triples complete
1500. no of valid_triples complete
2000. no of valid_triples complete
Validation Ended
0. no of valid_triples complete
500. no of valid_triples complete
1000. no of valid_triples complete
1500. no of valid_triples complete
2000. no of valid_triples complete
Validation Ended
Epoch 50	Loss 31107.294921875	 model yago_data_neg_sample_5_mar_10_l2_0.00_model
0. no of valid_triples complete
500. no of valid_triples complete
1000. no of valid_triples complete
1500. no of valid_triples complete
2000. no of valid_triples complete
Validation Ended
0. no of valid_triples complete
500. no of valid_triples complete
1000. no of valid_triples complete
1500. no of valid_triples complete
2000. no of valid_triples complete
Validation Ended
0. no of valid_triples complete
500. no of valid_triples complete
1000. no of valid_triples complete
1500. no of valid_triples complete
2000. no of valid_triples complete
Validation Ended
0. no of valid_triples complete
500. no of valid_triples complete
1000. no of valid_triples complete
1500. no of valid_triples complete
2000. no of valid_triples complete
Validation Ended
0. no of valid_triples complete
500. no of valid_triples complete
1000. no of valid_triples complete
1500. no of valid_triples complete
2000. no of valid_triples complete
Validation Ended
0. no of valid_triples complete
500. no of valid_triples complete
1000. no of valid_triples complete
1500. no of valid_triples complete
2000. no of valid_triples complete
Validation Ended
0. no of valid_triples complete
500. no of valid_triples complete
1000. no of valid_triples complete
1500. no of valid_triples complete
2000. no of valid_triples complete
Validation Ended
0. no of valid_triples complete
500. no of valid_triples complete
1000. no of valid_triples complete
1500. no of valid_triples complete
2000. no of valid_triples complete
Validation Ended
0. no of valid_triples complete
500. no of valid_triples complete
1000. no of valid_triples complete
1500. no of valid_triples complete
2000. no of valid_triples complete
Validation Ended
0. no of valid_triples complete
500. no of valid_triples complete
1000. no of valid_triples complete
1500. no of valid_triples complete
2000. no of valid_triples complete
Validation Ended
Epoch 100	Loss 10742.6162109375	 model yago_data_neg_sample_5_mar_10_l2_0.00_model
0. no of valid_triples complete
500. no of valid_triples complete
1000. no of valid_triples complete
1500. no of valid_triples complete
2000. no of valid_triples complete
Validation Ended
0. no of valid_triples complete
500. no of valid_triples complete
1000. no of valid_triples complete
1500. no of valid_triples complete
2000. no of valid_triples complete
Validation Ended
0. no of valid_triples complete
500. no of valid_triples complete
1000. no of valid_triples complete
1500. no of valid_triples complete
2000. no of valid_triples complete
Validation Ended
0. no of valid_triples complete
500. no of valid_triples complete
1000. no of valid_triples complete
1500. no of valid_triples complete
2000. no of valid_triples complete
Validation Ended
0. no of valid_triples complete
500. no of valid_triples complete
1000. no of valid_triples complete
1500. no of valid_triples complete
2000. no of valid_triples complete
Validation Ended
0. no of valid_triples complete
500. no of valid_triples complete
1000. no of valid_triples complete
1500. no of valid_triples complete
2000. no of valid_triples complete
Validation Ended
0. no of valid_triples complete
500. no of valid_triples complete
1000. no of valid_triples complete
1500. no of valid_triples complete
2000. no of valid_triples complete
Validation Ended
0. no of valid_triples complete
500. no of valid_triples complete
1000. no of valid_triples complete
1500. no of valid_triples complete
2000. no of valid_triples complete
Validation Ended
0. no of valid_triples complete
500. no of valid_triples complete
1000. no of valid_triples complete
1500. no of valid_triples complete
2000. no of valid_triples complete
Validation Ended
0. no of valid_triples complete
500. no of valid_triples complete
1000. no of valid_triples complete
1500. no of valid_triples complete
2000. no of valid_triples complete
Validation Ended
Epoch 150	Loss 4603.1650390625	 model yago_data_neg_sample_5_mar_10_l2_0.00_model
0. no of valid_triples complete
500. no of valid_triples complete
1000. no of valid_triples complete
1500. no of valid_triples complete
2000. no of valid_triples complete
Validation Ended
0. no of valid_triples complete
500. no of valid_triples complete
1000. no of valid_triples complete
1500. no of valid_triples complete
2000. no of valid_triples complete
Validation Ended
0. no of valid_triples complete
500. no of valid_triples complete
1000. no of valid_triples complete
1500. no of valid_triples complete
2000. no of valid_triples complete
Validation Ended
0. no of valid_triples complete
500. no of valid_triples complete
1000. no of valid_triples complete
1500. no of valid_triples complete
2000. no of valid_triples complete
Validation Ended
0. no of valid_triples complete
500. no of valid_triples complete
1000. no of valid_triples complete
1500. no of valid_triples complete
2000. no of valid_triples complete
Validation Ended
0. no of valid_triples complete
500. no of valid_triples complete
1000. no of valid_triples complete
1500. no of valid_triples complete
2000. no of valid_triples complete
Validation Ended
0. no of valid_triples complete
500. no of valid_triples complete
1000. no of valid_triples complete
1500. no of valid_triples complete
2000. no of valid_triples complete
Validation Ended
0. no of valid_triples complete
500. no of valid_triples complete
1000. no of valid_triples complete
1500. no of valid_triples complete
2000. no of valid_triples complete
Validation Ended
0. no of valid_triples complete
500. no of valid_triples complete
1000. no of valid_triples complete
1500. no of valid_triples complete
2000. no of valid_triples complete
Validation Ended
0. no of valid_triples complete
500. no of valid_triples complete
1000. no of valid_triples complete
1500. no of valid_triples complete
2000. no of valid_triples complete
Validation Ended
Epoch 200	Loss 1990.5928955078125	 model yago_data_neg_sample_5_mar_10_l2_0.00_model
0. no of valid_triples complete
500. no of valid_triples complete
1000. no of valid_triples complete
1500. no of valid_triples complete
2000. no of valid_triples complete
Validation Ended
0. no of valid_triples complete
500. no of valid_triples complete
1000. no of valid_triples complete
1500. no of valid_triples complete
2000. no of valid_triples complete
Validation Ended
0. no of valid_triples complete
500. no of valid_triples complete
1000. no of valid_triples complete
1500. no of valid_triples complete
2000. no of valid_triples complete
Validation Ended
0. no of valid_triples complete
500. no of valid_triples complete
1000. no of valid_triples complete
1500. no of valid_triples complete
2000. no of valid_triples complete
Validation Ended
0. no of valid_triples complete
500. no of valid_triples complete
1000. no of valid_triples complete
1500. no of valid_triples complete
2000. no of valid_triples complete
Validation Ended
0. no of valid_triples complete
500. no of valid_triples complete
1000. no of valid_triples complete
1500. no of valid_triples complete
2000. no of valid_triples complete
Validation Ended
0. no of valid_triples complete
500. no of valid_triples complete
1000. no of valid_triples complete
1500. no of valid_triples complete
2000. no of valid_triples complete
Validation Ended
0. no of valid_triples complete
500. no of valid_triples complete
1000. no of valid_triples complete
1500. no of valid_triples complete
2000. no of valid_triples complete
Validation Ended
0. no of valid_triples complete
500. no of valid_triples complete
1000. no of valid_triples complete
1500. no of valid_triples complete
2000. no of valid_triples complete
Validation Ended
0. no of valid_triples complete
500. no of valid_triples complete
1000. no of valid_triples complete
1500. no of valid_triples complete
2000. no of valid_triples complete
Validation Ended
Epoch 250	Loss 858.4146118164062	 model yago_data_neg_sample_5_mar_10_l2_0.00_model
0. no of valid_triples complete
500. no of valid_triples complete
1000. no of valid_triples complete
1500. no of valid_triples complete
2000. no of valid_triples complete
Validation Ended
0. no of valid_triples complete
500. no of valid_triples complete
1000. no of valid_triples complete
1500. no of valid_triples complete
2000. no of valid_triples complete
Validation Ended
0. no of valid_triples complete
500. no of valid_triples complete
1000. no of valid_triples complete
1500. no of valid_triples complete
2000. no of valid_triples complete
Validation Ended
0. no of valid_triples complete
500. no of valid_triples complete
1000. no of valid_triples complete
1500. no of valid_triples complete
2000. no of valid_triples complete
Validation Ended
0. no of valid_triples complete
500. no of valid_triples complete
1000. no of valid_triples complete
1500. no of valid_triples complete
2000. no of valid_triples complete
Validation Ended
0. no of valid_triples complete
500. no of valid_triples complete
1000. no of valid_triples complete
1500. no of valid_triples complete
2000. no of valid_triples complete
Validation Ended
0. no of valid_triples complete
500. no of valid_triples complete
1000. no of valid_triples complete
1500. no of valid_triples complete
2000. no of valid_triples complete
Validation Ended
0. no of valid_triples complete
500. no of valid_triples complete
1000. no of valid_triples complete
1500. no of valid_triples complete
2000. no of valid_triples complete
Validation Ended
0. no of valid_triples complete
500. no of valid_triples complete
1000. no of valid_triples complete
1500. no of valid_triples complete
2000. no of valid_triples complete
Validation Ended
0. no of valid_triples complete
500. no of valid_triples complete
1000. no of valid_triples complete
1500. no of valid_triples complete
2000. no of valid_triples complete
Validation Ended
Epoch 300	Loss 362.22222900390625	 model yago_data_neg_sample_5_mar_10_l2_0.00_model
0. no of valid_triples complete
500. no of valid_triples complete
1000. no of valid_triples complete
1500. no of valid_triples complete
2000. no of valid_triples complete
Validation Ended
0. no of valid_triples complete
500. no of valid_triples complete
1000. no of valid_triples complete
1500. no of valid_triples complete
2000. no of valid_triples complete
Validation Ended
0. no of valid_triples complete
500. no of valid_triples complete
1000. no of valid_triples complete
1500. no of valid_triples complete
2000. no of valid_triples complete
Validation Ended
0. no of valid_triples complete
500. no of valid_triples complete
1000. no of valid_triples complete
1500. no of valid_triples complete
2000. no of valid_triples complete
Validation Ended
0. no of valid_triples complete
500. no of valid_triples complete
1000. no of valid_triples complete
1500. no of valid_triples complete
2000. no of valid_triples complete
Validation Ended
0. no of valid_triples complete
500. no of valid_triples complete
1000. no of valid_triples complete
1500. no of valid_triples complete
2000. no of valid_triples complete
Validation Ended
0. no of valid_triples complete
500. no of valid_triples complete
1000. no of valid_triples complete
1500. no of valid_triples complete
2000. no of valid_triples complete
Validation Ended
0. no of valid_triples complete
500. no of valid_triples complete
1000. no of valid_triples complete
1500. no of valid_triples complete
2000. no of valid_triples complete
Validation Ended
0. no of valid_triples complete
500. no of valid_triples complete
1000. no of valid_triples complete
1500. no of valid_triples complete
2000. no of valid_triples complete
Validation Ended
0. no of valid_triples complete
500. no of valid_triples complete
1000. no of valid_triples complete
1500. no of valid_triples complete
2000. no of valid_triples complete
Validation Ended
Epoch 350	Loss 147.00479125976562	 model yago_data_neg_sample_5_mar_10_l2_0.00_model
0. no of valid_triples complete
500. no of valid_triples complete
1000. no of valid_triples complete
1500. no of valid_triples complete
2000. no of valid_triples complete
Validation Ended
0. no of valid_triples complete
500. no of valid_triples complete
1000. no of valid_triples complete
1500. no of valid_triples complete
2000. no of valid_triples complete
Validation Ended
0. no of valid_triples complete
500. no of valid_triples complete
1000. no of valid_triples complete
1500. no of valid_triples complete
2000. no of valid_triples complete
Validation Ended
0. no of valid_triples complete
500. no of valid_triples complete
1000. no of valid_triples complete
1500. no of valid_triples complete
2000. no of valid_triples complete
Validation Ended
0. no of valid_triples complete
500. no of valid_triples complete
1000. no of valid_triples complete
1500. no of valid_triples complete
2000. no of valid_triples complete
Validation Ended
0. no of valid_triples complete
500. no of valid_triples complete
1000. no of valid_triples complete
1500. no of valid_triples complete
2000. no of valid_triples complete
Validation Ended
0. no of valid_triples complete
500. no of valid_triples complete
1000. no of valid_triples complete
1500. no of valid_triples complete
2000. no of valid_triples complete
Validation Ended
0. no of valid_triples complete
500. no of valid_triples complete
1000. no of valid_triples complete
1500. no of valid_triples complete
2000. no of valid_triples complete
Validation Ended
0. no of valid_triples complete
500. no of valid_triples complete
1000. no of valid_triples complete
1500. no of valid_triples complete
2000. no of valid_triples complete
Validation Ended
0. no of valid_triples complete
500. no of valid_triples complete
1000. no of valid_triples complete
1500. no of valid_triples complete
2000. no of valid_triples complete
Validation Ended
Epoch 400	Loss 57.238792419433594	 model yago_data_neg_sample_5_mar_10_l2_0.00_model
0. no of valid_triples complete
500. no of valid_triples complete
1000. no of valid_triples complete
1500. no of valid_triples complete
2000. no of valid_triples complete
Validation Ended
0. no of valid_triples complete
500. no of valid_triples complete
1000. no of valid_triples complete
1500. no of valid_triples complete
2000. no of valid_triples complete
Validation Ended
0. no of valid_triples complete
500. no of valid_triples complete
1000. no of valid_triples complete
1500. no of valid_triples complete
2000. no of valid_triples complete
Validation Ended
0. no of valid_triples complete
500. no of valid_triples complete
1000. no of valid_triples complete
1500. no of valid_triples complete
2000. no of valid_triples complete
Validation Ended
0. no of valid_triples complete
500. no of valid_triples complete
1000. no of valid_triples complete
1500. no of valid_triples complete
2000. no of valid_triples complete
Validation Ended
0. no of valid_triples complete
500. no of valid_triples complete
1000. no of valid_triples complete
1500. no of valid_triples complete
2000. no of valid_triples complete
Validation Ended
0. no of valid_triples complete
500. no of valid_triples complete
1000. no of valid_triples complete
1500. no of valid_triples complete
2000. no of valid_triples complete
Validation Ended
0. no of valid_triples complete
500. no of valid_triples complete
1000. no of valid_triples complete
1500. no of valid_triples complete
2000. no of valid_triples complete
Validation Ended
0. no of valid_triples complete
500. no of valid_triples complete
1000. no of valid_triples complete
1500. no of valid_triples complete
2000. no of valid_triples complete
Validation Ended
0. no of valid_triples complete
500. no of valid_triples complete
1000. no of valid_triples complete
1500. no of valid_triples complete
2000. no of valid_triples complete
Validation Ended
Epoch 450	Loss 20.006908416748047	 model yago_data_neg_sample_5_mar_10_l2_0.00_model
0. no of valid_triples complete
500. no of valid_triples complete
1000. no of valid_triples complete
1500. no of valid_triples complete
2000. no of valid_triples complete
Validation Ended
0. no of valid_triples complete
500. no of valid_triples complete
1000. no of valid_triples complete
1500. no of valid_triples complete
2000. no of valid_triples complete
Validation Ended
0. no of valid_triples complete
500. no of valid_triples complete
1000. no of valid_triples complete
1500. no of valid_triples complete
2000. no of valid_triples complete
Validation Ended
0. no of valid_triples complete
500. no of valid_triples complete
1000. no of valid_triples complete
1500. no of valid_triples complete
2000. no of valid_triples complete
Validation Ended
0. no of valid_triples complete
500. no of valid_triples complete
1000. no of valid_triples complete
1500. no of valid_triples complete
2000. no of valid_triples complete
Validation Ended
0. no of valid_triples complete
500. no of valid_triples complete
1000. no of valid_triples complete
1500. no of valid_triples complete
2000. no of valid_triples complete
Validation Ended
0. no of valid_triples complete
500. no of valid_triples complete
1000. no of valid_triples complete
1500. no of valid_triples complete
2000. no of valid_triples complete
Validation Ended
0. no of valid_triples complete
500. no of valid_triples complete
1000. no of valid_triples complete
1500. no of valid_triples complete
2000. no of valid_triples complete
Validation Ended
0. no of valid_triples complete
500. no of valid_triples complete
1000. no of valid_triples complete
1500. no of valid_triples complete
2000. no of valid_triples complete
Validation Ended
0. no of valid_triples complete
500. no of valid_triples complete
1000. no of valid_triples complete
1500. no of valid_triples complete
2000. no of valid_triples complete
Validation Ended
Epoch 500	Loss 6.039700031280518	 model yago_data_neg_sample_5_mar_10_l2_0.00_model
0. no of valid_triples complete
500. no of valid_triples complete
1000. no of valid_triples complete
1500. no of valid_triples complete
2000. no of valid_triples complete
Validation Ended
0. no of valid_triples complete
500. no of valid_triples complete
1000. no of valid_triples complete
1500. no of valid_triples complete
2000. no of valid_triples complete
Validation Ended
0. no of valid_triples complete
500. no of valid_triples complete
1000. no of valid_triples complete
1500. no of valid_triples complete
2000. no of valid_triples complete
Validation Ended
0. no of valid_triples complete
500. no of valid_triples complete
1000. no of valid_triples complete
1500. no of valid_triples complete
2000. no of valid_triples complete
Validation Ended
0. no of valid_triples complete
500. no of valid_triples complete
1000. no of valid_triples complete
1500. no of valid_triples complete
2000. no of valid_triples complete
Validation Ended
0. no of valid_triples complete
500. no of valid_triples complete
1000. no of valid_triples complete
1500. no of valid_triples complete
2000. no of valid_triples complete
Validation Ended
0. no of valid_triples complete
500. no of valid_triples complete
1000. no of valid_triples complete
1500. no of valid_triples complete
2000. no of valid_triples complete
Validation Ended
0. no of valid_triples complete
500. no of valid_triples complete
1000. no of valid_triples complete
1500. no of valid_triples complete
2000. no of valid_triples complete
Validation Ended
0. no of valid_triples complete
500. no of valid_triples complete
1000. no of valid_triples complete
1500. no of valid_triples complete
2000. no of valid_triples complete
Validation Ended
0. no of valid_triples complete
500. no of valid_triples complete
1000. no of valid_triples complete
1500. no of valid_triples complete
2000. no of valid_triples complete
Validation Ended
Epoch 550	Loss 1.7615031003952026	 model yago_data_neg_sample_5_mar_10_l2_0.00_model
0. no of valid_triples complete
500. no of valid_triples complete
1000. no of valid_triples complete
1500. no of valid_triples complete
2000. no of valid_triples complete
Validation Ended
0. no of valid_triples complete
500. no of valid_triples complete
1000. no of valid_triples complete
1500. no of valid_triples complete
2000. no of valid_triples complete
Validation Ended
0. no of valid_triples complete
500. no of valid_triples complete
1000. no of valid_triples complete
1500. no of valid_triples complete
2000. no of valid_triples complete
Validation Ended
0. no of valid_triples complete
500. no of valid_triples complete
1000. no of valid_triples complete
1500. no of valid_triples complete
2000. no of valid_triples complete
Validation Ended
0. no of valid_triples complete
500. no of valid_triples complete
1000. no of valid_triples complete
1500. no of valid_triples complete
2000. no of valid_triples complete
Validation Ended
0. no of valid_triples complete
500. no of valid_triples complete
1000. no of valid_triples complete
1500. no of valid_triples complete
2000. no of valid_triples complete
Validation Ended
0. no of valid_triples complete
500. no of valid_triples complete
1000. no of valid_triples complete
1500. no of valid_triples complete
2000. no of valid_triples complete
Validation Ended
0. no of valid_triples complete
500. no of valid_triples complete
1000. no of valid_triples complete
1500. no of valid_triples complete
2000. no of valid_triples complete
Validation Ended
0. no of valid_triples complete
500. no of valid_triples complete
1000. no of valid_triples complete
1500. no of valid_triples complete
2000. no of valid_triples complete
Validation Ended
0. no of valid_triples complete
500. no of valid_triples complete
1000. no of valid_triples complete
1500. no of valid_triples complete
2000. no of valid_triples complete
Validation Ended
Epoch 600	Loss 0.7336932420730591	 model yago_data_neg_sample_5_mar_10_l2_0.00_model
0. no of valid_triples complete
500. no of valid_triples complete
1000. no of valid_triples complete
1500. no of valid_triples complete
2000. no of valid_triples complete
Validation Ended
0. no of valid_triples complete
500. no of valid_triples complete
1000. no of valid_triples complete
1500. no of valid_triples complete
2000. no of valid_triples complete
Validation Ended
0. no of valid_triples complete
500. no of valid_triples complete
1000. no of valid_triples complete
1500. no of valid_triples complete
2000. no of valid_triples complete
Validation Ended
0. no of valid_triples complete
500. no of valid_triples complete
1000. no of valid_triples complete
1500. no of valid_triples complete
2000. no of valid_triples complete
Validation Ended
0. no of valid_triples complete
500. no of valid_triples complete
1000. no of valid_triples complete
1500. no of valid_triples complete
2000. no of valid_triples complete
Validation Ended
0. no of valid_triples complete
500. no of valid_triples complete
1000. no of valid_triples complete
1500. no of valid_triples complete
2000. no of valid_triples complete
Validation Ended
0. no of valid_triples complete
500. no of valid_triples complete
1000. no of valid_triples complete
1500. no of valid_triples complete
2000. no of valid_triples complete
Validation Ended
0. no of valid_triples complete
500. no of valid_triples complete
1000. no of valid_triples complete
1500. no of valid_triples complete
2000. no of valid_triples complete
Validation Ended
0. no of valid_triples complete
500. no of valid_triples complete
1000. no of valid_triples complete
1500. no of valid_triples complete
2000. no of valid_triples complete
Validation Ended
0. no of valid_triples complete
500. no of valid_triples complete
1000. no of valid_triples complete
1500. no of valid_triples complete
2000. no of valid_triples complete
Validation Ended
Epoch 650	Loss 0.326737642288208	 model yago_data_neg_sample_5_mar_10_l2_0.00_model
0. no of valid_triples complete
500. no of valid_triples complete
1000. no of valid_triples complete
1500. no of valid_triples complete
2000. no of valid_triples complete
Validation Ended
0. no of valid_triples complete
500. no of valid_triples complete
1000. no of valid_triples complete
1500. no of valid_triples complete
2000. no of valid_triples complete
Validation Ended
0. no of valid_triples complete
500. no of valid_triples complete
1000. no of valid_triples complete
1500. no of valid_triples complete
2000. no of valid_triples complete
Validation Ended
0. no of valid_triples complete
500. no of valid_triples complete
1000. no of valid_triples complete
1500. no of valid_triples complete
2000. no of valid_triples complete
Validation Ended
0. no of valid_triples complete
500. no of valid_triples complete
1000. no of valid_triples complete
1500. no of valid_triples complete
2000. no of valid_triples complete
Validation Ended
0. no of valid_triples complete
500. no of valid_triples complete
1000. no of valid_triples complete
1500. no of valid_triples complete
2000. no of valid_triples complete
Validation Ended
0. no of valid_triples complete
500. no of valid_triples complete
1000. no of valid_triples complete
1500. no of valid_triples complete
2000. no of valid_triples complete
Validation Ended
0. no of valid_triples complete
500. no of valid_triples complete
1000. no of valid_triples complete
1500. no of valid_triples complete
2000. no of valid_triples complete
Validation Ended
0. no of valid_triples complete
500. no of valid_triples complete
1000. no of valid_triples complete
1500. no of valid_triples complete
2000. no of valid_triples complete
Validation Ended
0. no of valid_triples complete
500. no of valid_triples complete
1000. no of valid_triples complete
1500. no of valid_triples complete
2000. no of valid_triples complete
Validation Ended
Epoch 700	Loss 0.14129509031772614	 model yago_data_neg_sample_5_mar_10_l2_0.00_model
0. no of valid_triples complete
500. no of valid_triples complete
1000. no of valid_triples complete
1500. no of valid_triples complete
2000. no of valid_triples complete
Validation Ended
0. no of valid_triples complete
500. no of valid_triples complete
1000. no of valid_triples complete
1500. no of valid_triples complete
2000. no of valid_triples complete
Validation Ended
0. no of valid_triples complete
500. no of valid_triples complete
1000. no of valid_triples complete
1500. no of valid_triples complete
2000. no of valid_triples complete
Validation Ended
0. no of valid_triples complete
500. no of valid_triples complete
1000. no of valid_triples complete
1500. no of valid_triples complete
2000. no of valid_triples complete
Validation Ended
0. no of valid_triples complete
500. no of valid_triples complete
1000. no of valid_triples complete
1500. no of valid_triples complete
2000. no of valid_triples complete
Validation Ended
0. no of valid_triples complete
500. no of valid_triples complete
1000. no of valid_triples complete
1500. no of valid_triples complete
2000. no of valid_triples complete
Validation Ended
0. no of valid_triples complete
500. no of valid_triples complete
1000. no of valid_triples complete
1500. no of valid_triples complete
2000. no of valid_triples complete
Validation Ended
0. no of valid_triples complete
500. no of valid_triples complete
1000. no of valid_triples complete
1500. no of valid_triples complete
2000. no of valid_triples complete
Validation Ended
0. no of valid_triples complete
500. no of valid_triples complete
1000. no of valid_triples complete
1500. no of valid_triples complete
2000. no of valid_triples complete
Validation Ended
0. no of valid_triples complete
500. no of valid_triples complete
1000. no of valid_triples complete
1500. no of valid_triples complete
2000. no of valid_triples complete
Validation Ended
Epoch 750	Loss 0.067217618227005	 model yago_data_neg_sample_5_mar_10_l2_0.00_model
0. no of valid_triples complete
500. no of valid_triples complete
1000. no of valid_triples complete
1500. no of valid_triples complete
2000. no of valid_triples complete
Validation Ended
0. no of valid_triples complete
500. no of valid_triples complete
1000. no of valid_triples complete
1500. no of valid_triples complete
2000. no of valid_triples complete
Validation Ended
0. no of valid_triples complete
500. no of valid_triples complete
1000. no of valid_triples complete
1500. no of valid_triples complete
2000. no of valid_triples complete
Validation Ended
0. no of valid_triples complete
500. no of valid_triples complete
1000. no of valid_triples complete
1500. no of valid_triples complete
2000. no of valid_triples complete
Validation Ended
0. no of valid_triples complete
500. no of valid_triples complete
1000. no of valid_triples complete
1500. no of valid_triples complete
2000. no of valid_triples complete
Validation Ended
0. no of valid_triples complete
500. no of valid_triples complete
1000. no of valid_triples complete
1500. no of valid_triples complete
2000. no of valid_triples complete
Validation Ended
0. no of valid_triples complete
500. no of valid_triples complete
1000. no of valid_triples complete
1500. no of valid_triples complete
2000. no of valid_triples complete
Validation Ended
0. no of valid_triples complete
500. no of valid_triples complete
1000. no of valid_triples complete
1500. no of valid_triples complete
2000. no of valid_triples complete
Validation Ended
0. no of valid_triples complete
500. no of valid_triples complete
1000. no of valid_triples complete
1500. no of valid_triples complete
2000. no of valid_triples complete
Validation Ended
0. no of valid_triples complete
500. no of valid_triples complete
1000. no of valid_triples complete
1500. no of valid_triples complete
2000. no of valid_triples complete
Validation Ended
Epoch 800	Loss 0.053603872656822205	 model yago_data_neg_sample_5_mar_10_l2_0.00_model
0. no of valid_triples complete
500. no of valid_triples complete
1000. no of valid_triples complete
1500. no of valid_triples complete
2000. no of valid_triples complete
Validation Ended
0. no of valid_triples complete
500. no of valid_triples complete
1000. no of valid_triples complete
1500. no of valid_triples complete
2000. no of valid_triples complete
Validation Ended
0. no of valid_triples complete
500. no of valid_triples complete
1000. no of valid_triples complete
1500. no of valid_triples complete
2000. no of valid_triples complete
Validation Ended
0. no of valid_triples complete
500. no of valid_triples complete
1000. no of valid_triples complete
1500. no of valid_triples complete
2000. no of valid_triples complete
Validation Ended
0. no of valid_triples complete
500. no of valid_triples complete
1000. no of valid_triples complete
1500. no of valid_triples complete
2000. no of valid_triples complete
Validation Ended
0. no of valid_triples complete
500. no of valid_triples complete
1000. no of valid_triples complete
1500. no of valid_triples complete
2000. no of valid_triples complete
Validation Ended
0. no of valid_triples complete
500. no of valid_triples complete
1000. no of valid_triples complete
1500. no of valid_triples complete
2000. no of valid_triples complete
Validation Ended
0. no of valid_triples complete
500. no of valid_triples complete
1000. no of valid_triples complete
1500. no of valid_triples complete
2000. no of valid_triples complete
Validation Ended
0. no of valid_triples complete
500. no of valid_triples complete
1000. no of valid_triples complete
1500. no of valid_triples complete
2000. no of valid_triples complete
Validation Ended
0. no of valid_triples complete
500. no of valid_triples complete
1000. no of valid_triples complete
1500. no of valid_triples complete
2000. no of valid_triples complete
Validation Ended
Epoch 850	Loss 0.023486413061618805	 model yago_data_neg_sample_5_mar_10_l2_0.00_model
0. no of valid_triples complete
500. no of valid_triples complete
1000. no of valid_triples complete
1500. no of valid_triples complete
2000. no of valid_triples complete
Validation Ended
0. no of valid_triples complete
500. no of valid_triples complete
1000. no of valid_triples complete
1500. no of valid_triples complete
2000. no of valid_triples complete
Validation Ended
0. no of valid_triples complete
500. no of valid_triples complete
1000. no of valid_triples complete
1500. no of valid_triples complete
2000. no of valid_triples complete
Validation Ended
0. no of valid_triples complete
500. no of valid_triples complete
1000. no of valid_triples complete
1500. no of valid_triples complete
2000. no of valid_triples complete
Validation Ended
0. no of valid_triples complete
500. no of valid_triples complete
1000. no of valid_triples complete
1500. no of valid_triples complete
2000. no of valid_triples complete
Validation Ended
0. no of valid_triples complete
500. no of valid_triples complete
1000. no of valid_triples complete
1500. no of valid_triples complete
2000. no of valid_triples complete
Validation Ended
0. no of valid_triples complete
500. no of valid_triples complete
1000. no of valid_triples complete
1500. no of valid_triples complete
2000. no of valid_triples complete
Validation Ended
0. no of valid_triples complete
500. no of valid_triples complete
1000. no of valid_triples complete
1500. no of valid_triples complete
2000. no of valid_triples complete
Validation Ended
0. no of valid_triples complete
500. no of valid_triples complete
1000. no of valid_triples complete
1500. no of valid_triples complete
2000. no of valid_triples complete
Validation Ended
0. no of valid_triples complete
500. no of valid_triples complete
1000. no of valid_triples complete
1500. no of valid_triples complete
2000. no of valid_triples complete
Validation Ended
Epoch 900	Loss 0.0	 model yago_data_neg_sample_5_mar_10_l2_0.00_model
0. no of valid_triples complete
500. no of valid_triples complete
1000. no of valid_triples complete
1500. no of valid_triples complete
2000. no of valid_triples complete
Validation Ended
0. no of valid_triples complete
500. no of valid_triples complete
1000. no of valid_triples complete
1500. no of valid_triples complete
2000. no of valid_triples complete
Validation Ended
0. no of valid_triples complete
500. no of valid_triples complete
1000. no of valid_triples complete
1500. no of valid_triples complete
2000. no of valid_triples complete
Validation Ended
0. no of valid_triples complete
500. no of valid_triples complete
1000. no of valid_triples complete
1500. no of valid_triples complete
2000. no of valid_triples complete
Validation Ended
0. no of valid_triples complete
500. no of valid_triples complete
1000. no of valid_triples complete
1500. no of valid_triples complete
2000. no of valid_triples complete
Validation Ended
0. no of valid_triples complete
500. no of valid_triples complete
1000. no of valid_triples complete
1500. no of valid_triples complete
2000. no of valid_triples complete
Validation Ended
0. no of valid_triples complete
500. no of valid_triples complete
1000. no of valid_triples complete
1500. no of valid_triples complete
2000. no of valid_triples complete
Validation Ended
0. no of valid_triples complete
500. no of valid_triples complete
1000. no of valid_triples complete
1500. no of valid_triples complete
2000. no of valid_triples complete
Validation Ended
0. no of valid_triples complete
500. no of valid_triples complete
1000. no of valid_triples complete
1500. no of valid_triples complete
2000. no of valid_triples complete
Validation Ended
0. no of valid_triples complete
500. no of valid_triples complete
1000. no of valid_triples complete
1500. no of valid_triples complete
2000. no of valid_triples complete
Validation Ended
Epoch 950	Loss 0.0	 model yago_data_neg_sample_5_mar_10_l2_0.00_model
0. no of valid_triples complete
500. no of valid_triples complete
1000. no of valid_triples complete
1500. no of valid_triples complete
2000. no of valid_triples complete
Validation Ended
0. no of valid_triples complete
500. no of valid_triples complete
1000. no of valid_triples complete
1500. no of valid_triples complete
2000. no of valid_triples complete
Validation Ended
0. no of valid_triples complete
500. no of valid_triples complete
1000. no of valid_triples complete
1500. no of valid_triples complete
2000. no of valid_triples complete
Validation Ended
0. no of valid_triples complete
500. no of valid_triples complete
1000. no of valid_triples complete
1500. no of valid_triples complete
2000. no of valid_triples complete
Validation Ended
0. no of valid_triples complete
500. no of valid_triples complete
1000. no of valid_triples complete
1500. no of valid_triples complete
2000. no of valid_triples complete
Validation Ended
0. no of valid_triples complete
500. no of valid_triples complete
1000. no of valid_triples complete
1500. no of valid_triples complete
2000. no of valid_triples complete
Validation Ended
0. no of valid_triples complete
500. no of valid_triples complete
1000. no of valid_triples complete
1500. no of valid_triples complete
2000. no of valid_triples complete
Validation Ended
0. no of valid_triples complete
500. no of valid_triples complete
1000. no of valid_triples complete
1500. no of valid_triples complete
2000. no of valid_triples complete
Validation Ended
0. no of valid_triples complete
500. no of valid_triples complete
1000. no of valid_triples complete
1500. no of valid_triples complete
2000. no of valid_triples complete
Validation Ended
0. no of valid_triples complete
500. no of valid_triples complete
1000. no of valid_triples complete
1500. no of valid_triples complete
2000. no of valid_triples complete
Validation Ended
Epoch 1000	Loss 0.0	 model yago_data_neg_sample_5_mar_10_l2_0.00_model
0. no of valid_triples complete
500. no of valid_triples complete
1000. no of valid_triples complete
1500. no of valid_triples complete
2000. no of valid_triples complete
Validation Ended
0. no of valid_triples complete
500. no of valid_triples complete
1000. no of valid_triples complete
1500. no of valid_triples complete
2000. no of valid_triples complete
Validation Ended
0. no of valid_triples complete
500. no of valid_triples complete
1000. no of valid_triples complete
1500. no of valid_triples complete
2000. no of valid_triples complete
Validation Ended
0. no of valid_triples complete
500. no of valid_triples complete
1000. no of valid_triples complete
1500. no of valid_triples complete
2000. no of valid_triples complete
Validation Ended
0. no of valid_triples complete
500. no of valid_triples complete
1000. no of valid_triples complete
1500. no of valid_triples complete
2000. no of valid_triples complete
Validation Ended
0. no of valid_triples complete
500. no of valid_triples complete
1000. no of valid_triples complete
1500. no of valid_triples complete
2000. no of valid_triples complete
Validation Ended
0. no of valid_triples complete
500. no of valid_triples complete
1000. no of valid_triples complete
1500. no of valid_triples complete
2000. no of valid_triples complete
Validation Ended
0. no of valid_triples complete
500. no of valid_triples complete
1000. no of valid_triples complete
1500. no of valid_triples complete
2000. no of valid_triples complete
Validation Ended
0. no of valid_triples complete
500. no of valid_triples complete
1000. no of valid_triples complete
1500. no of valid_triples complete
2000. no of valid_triples complete
Validation Ended
0. no of valid_triples complete
500. no of valid_triples complete
1000. no of valid_triples complete
1500. no of valid_triples complete
2000. no of valid_triples complete
Validation Ended
Epoch 1050	Loss 0.0	 model yago_data_neg_sample_5_mar_10_l2_0.00_model
0. no of valid_triples complete
500. no of valid_triples complete
1000. no of valid_triples complete
1500. no of valid_triples complete
2000. no of valid_triples complete
Validation Ended
0. no of valid_triples complete
500. no of valid_triples complete
1000. no of valid_triples complete
1500. no of valid_triples complete
2000. no of valid_triples complete
Validation Ended
0. no of valid_triples complete
500. no of valid_triples complete
1000. no of valid_triples complete
1500. no of valid_triples complete
2000. no of valid_triples complete
Validation Ended
0. no of valid_triples complete
500. no of valid_triples complete
1000. no of valid_triples complete
1500. no of valid_triples complete
2000. no of valid_triples complete
Validation Ended
0. no of valid_triples complete
500. no of valid_triples complete
1000. no of valid_triples complete
1500. no of valid_triples complete
2000. no of valid_triples complete
Validation Ended
0. no of valid_triples complete
500. no of valid_triples complete
1000. no of valid_triples complete
1500. no of valid_triples complete
2000. no of valid_triples complete
Validation Ended
0. no of valid_triples complete
500. no of valid_triples complete
1000. no of valid_triples complete
1500. no of valid_triples complete
2000. no of valid_triples complete
Validation Ended
0. no of valid_triples complete
500. no of valid_triples complete
1000. no of valid_triples complete
1500. no of valid_triples complete
2000. no of valid_triples complete
Validation Ended
0. no of valid_triples complete
500. no of valid_triples complete
1000. no of valid_triples complete
1500. no of valid_triples complete
2000. no of valid_triples complete
Validation Ended
0. no of valid_triples complete
500. no of valid_triples complete
1000. no of valid_triples complete
1500. no of valid_triples complete
2000. no of valid_triples complete
Validation Ended
Epoch 1100	Loss 0.0	 model yago_data_neg_sample_5_mar_10_l2_0.00_model
0. no of valid_triples complete
500. no of valid_triples complete
1000. no of valid_triples complete
1500. no of valid_triples complete
2000. no of valid_triples complete
Validation Ended
0. no of valid_triples complete
500. no of valid_triples complete
1000. no of valid_triples complete
1500. no of valid_triples complete
2000. no of valid_triples complete
Validation Ended
0. no of valid_triples complete
500. no of valid_triples complete
1000. no of valid_triples complete
1500. no of valid_triples complete
2000. no of valid_triples complete
Validation Ended
0. no of valid_triples complete
500. no of valid_triples complete
1000. no of valid_triples complete
1500. no of valid_triples complete
2000. no of valid_triples complete
Validation Ended
0. no of valid_triples complete
500. no of valid_triples complete
1000. no of valid_triples complete
1500. no of valid_triples complete
2000. no of valid_triples complete
Validation Ended
0. no of valid_triples complete
500. no of valid_triples complete
1000. no of valid_triples complete
1500. no of valid_triples complete
2000. no of valid_triples complete
Validation Ended
0. no of valid_triples complete
500. no of valid_triples complete
1000. no of valid_triples complete
1500. no of valid_triples complete
2000. no of valid_triples complete
Validation Ended
0. no of valid_triples complete
500. no of valid_triples complete
1000. no of valid_triples complete
1500. no of valid_triples complete
2000. no of valid_triples complete
Validation Ended
0. no of valid_triples complete
500. no of valid_triples complete
1000. no of valid_triples complete
1500. no of valid_triples complete
2000. no of valid_triples complete
Validation Ended
0. no of valid_triples complete
500. no of valid_triples complete
1000. no of valid_triples complete
1500. no of valid_triples complete
2000. no of valid_triples complete
Validation Ended
Epoch 1150	Loss 0.0	 model yago_data_neg_sample_5_mar_10_l2_0.00_model
0. no of valid_triples complete
500. no of valid_triples complete
1000. no of valid_triples complete
1500. no of valid_triples complete
2000. no of valid_triples complete
Validation Ended
0. no of valid_triples complete
500. no of valid_triples complete
1000. no of valid_triples complete
1500. no of valid_triples complete
2000. no of valid_triples complete
Validation Ended
0. no of valid_triples complete
500. no of valid_triples complete
1000. no of valid_triples complete
1500. no of valid_triples complete
2000. no of valid_triples complete
Validation Ended
0. no of valid_triples complete
500. no of valid_triples complete
1000. no of valid_triples complete
1500. no of valid_triples complete
2000. no of valid_triples complete
Validation Ended
0. no of valid_triples complete
500. no of valid_triples complete
1000. no of valid_triples complete
1500. no of valid_triples complete
2000. no of valid_triples complete
Validation Ended
0. no of valid_triples complete
500. no of valid_triples complete
1000. no of valid_triples complete
1500. no of valid_triples complete
2000. no of valid_triples complete
Validation Ended
0. no of valid_triples complete
500. no of valid_triples complete
1000. no of valid_triples complete
1500. no of valid_triples complete
2000. no of valid_triples complete
Validation Ended
0. no of valid_triples complete
500. no of valid_triples complete
1000. no of valid_triples complete
1500. no of valid_triples complete
2000. no of valid_triples complete
Validation Ended
0. no of valid_triples complete
500. no of valid_triples complete
1000. no of valid_triples complete
1500. no of valid_triples complete
2000. no of valid_triples complete
Validation Ended
0. no of valid_triples complete
500. no of valid_triples complete
1000. no of valid_triples complete
1500. no of valid_triples complete
2000. no of valid_triples complete
Validation Ended
Epoch 1200	Loss 0.0	 model yago_data_neg_sample_5_mar_10_l2_0.00_model
0. no of valid_triples complete
500. no of valid_triples complete
1000. no of valid_triples complete
1500. no of valid_triples complete
2000. no of valid_triples complete
Validation Ended
0. no of valid_triples complete
500. no of valid_triples complete
1000. no of valid_triples complete
1500. no of valid_triples complete
2000. no of valid_triples complete
Validation Ended
0. no of valid_triples complete
500. no of valid_triples complete
1000. no of valid_triples complete
1500. no of valid_triples complete
2000. no of valid_triples complete
Validation Ended
0. no of valid_triples complete
500. no of valid_triples complete
1000. no of valid_triples complete
1500. no of valid_triples complete
2000. no of valid_triples complete
Validation Ended
0. no of valid_triples complete
500. no of valid_triples complete
1000. no of valid_triples complete
1500. no of valid_triples complete
2000. no of valid_triples complete
Validation Ended
0. no of valid_triples complete
500. no of valid_triples complete
1000. no of valid_triples complete
1500. no of valid_triples complete
2000. no of valid_triples complete
Validation Ended
0. no of valid_triples complete
500. no of valid_triples complete
1000. no of valid_triples complete
1500. no of valid_triples complete
2000. no of valid_triples complete
Validation Ended
0. no of valid_triples complete
500. no of valid_triples complete
1000. no of valid_triples complete
1500. no of valid_triples complete
2000. no of valid_triples complete
Validation Ended
0. no of valid_triples complete
500. no of valid_triples complete
1000. no of valid_triples complete
1500. no of valid_triples complete
2000. no of valid_triples complete
Validation Ended
0. no of valid_triples complete
500. no of valid_triples complete
1000. no of valid_triples complete
1500. no of valid_triples complete
2000. no of valid_triples complete
Validation Ended
Epoch 1250	Loss 0.0	 model yago_data_neg_sample_5_mar_10_l2_0.00_model
0. no of valid_triples complete
500. no of valid_triples complete
1000. no of valid_triples complete
1500. no of valid_triples complete
2000. no of valid_triples complete
Validation Ended
0. no of valid_triples complete
500. no of valid_triples complete
1000. no of valid_triples complete
1500. no of valid_triples complete
2000. no of valid_triples complete
Validation Ended
0. no of valid_triples complete
500. no of valid_triples complete
1000. no of valid_triples complete
1500. no of valid_triples complete
2000. no of valid_triples complete
Validation Ended
0. no of valid_triples complete
500. no of valid_triples complete
1000. no of valid_triples complete
1500. no of valid_triples complete
2000. no of valid_triples complete
Validation Ended
0. no of valid_triples complete
500. no of valid_triples complete
1000. no of valid_triples complete
1500. no of valid_triples complete
2000. no of valid_triples complete
Validation Ended
0. no of valid_triples complete
500. no of valid_triples complete
1000. no of valid_triples complete
1500. no of valid_triples complete
2000. no of valid_triples complete
Validation Ended
0. no of valid_triples complete
500. no of valid_triples complete
1000. no of valid_triples complete
1500. no of valid_triples complete
2000. no of valid_triples complete
Validation Ended
0. no of valid_triples complete
500. no of valid_triples complete
1000. no of valid_triples complete
1500. no of valid_triples complete
2000. no of valid_triples complete
Validation Ended
0. no of valid_triples complete
500. no of valid_triples complete
1000. no of valid_triples complete
1500. no of valid_triples complete
2000. no of valid_triples complete
Validation Ended
0. no of valid_triples complete
500. no of valid_triples complete
1000. no of valid_triples complete
1500. no of valid_triples complete
2000. no of valid_triples complete
Validation Ended
Epoch 1300	Loss 0.0	 model yago_data_neg_sample_5_mar_10_l2_0.00_model
0. no of valid_triples complete
500. no of valid_triples complete
1000. no of valid_triples complete
1500. no of valid_triples complete
2000. no of valid_triples complete
Validation Ended
0. no of valid_triples complete
500. no of valid_triples complete
1000. no of valid_triples complete
1500. no of valid_triples complete
2000. no of valid_triples complete
Validation Ended
0. no of valid_triples complete
500. no of valid_triples complete
1000. no of valid_triples complete
1500. no of valid_triples complete
2000. no of valid_triples complete
Validation Ended
0. no of valid_triples complete
500. no of valid_triples complete
1000. no of valid_triples complete
1500. no of valid_triples complete
2000. no of valid_triples complete
Validation Ended
0. no of valid_triples complete
500. no of valid_triples complete
1000. no of valid_triples complete
1500. no of valid_triples complete
2000. no of valid_triples complete
Validation Ended
0. no of valid_triples complete
500. no of valid_triples complete
1000. no of valid_triples complete
1500. no of valid_triples complete
2000. no of valid_triples complete
Validation Ended
0. no of valid_triples complete
500. no of valid_triples complete
1000. no of valid_triples complete
1500. no of valid_triples complete
2000. no of valid_triples complete
Validation Ended
0. no of valid_triples complete
500. no of valid_triples complete
1000. no of valid_triples complete
1500. no of valid_triples complete
2000. no of valid_triples complete
Validation Ended
0. no of valid_triples complete
500. no of valid_triples complete
1000. no of valid_triples complete
1500. no of valid_triples complete
2000. no of valid_triples complete
Validation Ended
0. no of valid_triples complete
500. no of valid_triples complete
1000. no of valid_triples complete
1500. no of valid_triples complete
2000. no of valid_triples complete
Validation Ended
Epoch 1350	Loss 0.0	 model yago_data_neg_sample_5_mar_10_l2_0.00_model
0. no of valid_triples complete
500. no of valid_triples complete
1000. no of valid_triples complete
1500. no of valid_triples complete
2000. no of valid_triples complete
Validation Ended
0. no of valid_triples complete
500. no of valid_triples complete
1000. no of valid_triples complete
1500. no of valid_triples complete
2000. no of valid_triples complete
Validation Ended
0. no of valid_triples complete
500. no of valid_triples complete
1000. no of valid_triples complete
1500. no of valid_triples complete
2000. no of valid_triples complete
Validation Ended
0. no of valid_triples complete
500. no of valid_triples complete
1000. no of valid_triples complete
1500. no of valid_triples complete
2000. no of valid_triples complete
Validation Ended
0. no of valid_triples complete
500. no of valid_triples complete
1000. no of valid_triples complete
1500. no of valid_triples complete
2000. no of valid_triples complete
Validation Ended
0. no of valid_triples complete
500. no of valid_triples complete
1000. no of valid_triples complete
1500. no of valid_triples complete
2000. no of valid_triples complete
Validation Ended
0. no of valid_triples complete
500. no of valid_triples complete
1000. no of valid_triples complete
1500. no of valid_triples complete
2000. no of valid_triples complete
Validation Ended
0. no of valid_triples complete
500. no of valid_triples complete
1000. no of valid_triples complete
1500. no of valid_triples complete
2000. no of valid_triples complete
Validation Ended
0. no of valid_triples complete
500. no of valid_triples complete
1000. no of valid_triples complete
1500. no of valid_triples complete
2000. no of valid_triples complete
Validation Ended
0. no of valid_triples complete
500. no of valid_triples complete
1000. no of valid_triples complete
1500. no of valid_triples complete
2000. no of valid_triples complete
Validation Ended
Epoch 1400	Loss 0.0	 model yago_data_neg_sample_5_mar_10_l2_0.00_model
0. no of valid_triples complete
500. no of valid_triples complete
1000. no of valid_triples complete
1500. no of valid_triples complete
2000. no of valid_triples complete
Validation Ended
0. no of valid_triples complete
500. no of valid_triples complete
1000. no of valid_triples complete
1500. no of valid_triples complete
2000. no of valid_triples complete
Validation Ended
0. no of valid_triples complete
500. no of valid_triples complete
1000. no of valid_triples complete
1500. no of valid_triples complete
2000. no of valid_triples complete
Validation Ended
0. no of valid_triples complete
500. no of valid_triples complete
1000. no of valid_triples complete
1500. no of valid_triples complete
2000. no of valid_triples complete
Validation Ended
0. no of valid_triples complete
500. no of valid_triples complete
1000. no of valid_triples complete
1500. no of valid_triples complete
2000. no of valid_triples complete
Validation Ended
0. no of valid_triples complete
500. no of valid_triples complete
1000. no of valid_triples complete
1500. no of valid_triples complete
2000. no of valid_triples complete
Validation Ended
0. no of valid_triples complete
500. no of valid_triples complete
1000. no of valid_triples complete
1500. no of valid_triples complete
2000. no of valid_triples complete
Validation Ended
0. no of valid_triples complete
500. no of valid_triples complete
1000. no of valid_triples complete
1500. no of valid_triples complete
2000. no of valid_triples complete
Validation Ended
0. no of valid_triples complete
500. no of valid_triples complete
1000. no of valid_triples complete
1500. no of valid_triples complete
2000. no of valid_triples complete
Validation Ended
0. no of valid_triples complete
500. no of valid_triples complete
1000. no of valid_triples complete
1500. no of valid_triples complete
2000. no of valid_triples complete
Validation Ended
Epoch 1450	Loss 0.0	 model yago_data_neg_sample_5_mar_10_l2_0.00_model
0. no of valid_triples complete
500. no of valid_triples complete
1000. no of valid_triples complete
1500. no of valid_triples complete
2000. no of valid_triples complete
Validation Ended
0. no of valid_triples complete
500. no of valid_triples complete
1000. no of valid_triples complete
1500. no of valid_triples complete
2000. no of valid_triples complete
Validation Ended
0. no of valid_triples complete
500. no of valid_triples complete
1000. no of valid_triples complete
1500. no of valid_triples complete
2000. no of valid_triples complete
Validation Ended
0. no of valid_triples complete
500. no of valid_triples complete
1000. no of valid_triples complete
1500. no of valid_triples complete
2000. no of valid_triples complete
Validation Ended
0. no of valid_triples complete
500. no of valid_triples complete
1000. no of valid_triples complete
1500. no of valid_triples complete
2000. no of valid_triples complete
Validation Ended
0. no of valid_triples complete
500. no of valid_triples complete
1000. no of valid_triples complete
1500. no of valid_triples complete
2000. no of valid_triples complete
Validation Ended
0. no of valid_triples complete
500. no of valid_triples complete
1000. no of valid_triples complete
1500. no of valid_triples complete
2000. no of valid_triples complete
Validation Ended
0. no of valid_triples complete
500. no of valid_triples complete
1000. no of valid_triples complete
1500. no of valid_triples complete
2000. no of valid_triples complete
Validation Ended
0. no of valid_triples complete
500. no of valid_triples complete
1000. no of valid_triples complete
1500. no of valid_triples complete
2000. no of valid_triples complete
Validation Ended
0. no of valid_triples complete
500. no of valid_triples complete
1000. no of valid_triples complete
1500. no of valid_triples complete
2000. no of valid_triples complete
Validation Ended
Epoch 1500	Loss 0.0	 model yago_data_neg_sample_5_mar_10_l2_0.00_model
0. no of valid_triples complete
500. no of valid_triples complete
1000. no of valid_triples complete
1500. no of valid_triples complete
2000. no of valid_triples complete
Validation Ended
0. no of valid_triples complete
500. no of valid_triples complete
1000. no of valid_triples complete
1500. no of valid_triples complete
2000. no of valid_triples complete
Validation Ended
0. no of valid_triples complete
500. no of valid_triples complete
1000. no of valid_triples complete
1500. no of valid_triples complete
2000. no of valid_triples complete
Validation Ended
0. no of valid_triples complete
500. no of valid_triples complete
1000. no of valid_triples complete
1500. no of valid_triples complete
2000. no of valid_triples complete
Validation Ended
0. no of valid_triples complete
500. no of valid_triples complete
1000. no of valid_triples complete
1500. no of valid_triples complete
2000. no of valid_triples complete
Validation Ended
0. no of valid_triples complete
500. no of valid_triples complete
1000. no of valid_triples complete
1500. no of valid_triples complete
2000. no of valid_triples complete
Validation Ended
0. no of valid_triples complete
500. no of valid_triples complete
1000. no of valid_triples complete
1500. no of valid_triples complete
2000. no of valid_triples complete
Validation Ended
0. no of valid_triples complete
500. no of valid_triples complete
1000. no of valid_triples complete
1500. no of valid_triples complete
2000. no of valid_triples complete
Validation Ended
0. no of valid_triples complete
500. no of valid_triples complete
1000. no of valid_triples complete
1500. no of valid_triples complete
2000. no of valid_triples complete
Validation Ended
0. no of valid_triples complete
500. no of valid_triples complete
1000. no of valid_triples complete
1500. no of valid_triples complete
2000. no of valid_triples complete
Validation Ended
Epoch 1550	Loss 0.0	 model yago_data_neg_sample_5_mar_10_l2_0.00_model
0. no of valid_triples complete
500. no of valid_triples complete
1000. no of valid_triples complete
1500. no of valid_triples complete
2000. no of valid_triples complete
Validation Ended
0. no of valid_triples complete
500. no of valid_triples complete
1000. no of valid_triples complete
1500. no of valid_triples complete
2000. no of valid_triples complete
Validation Ended
0. no of valid_triples complete
500. no of valid_triples complete
1000. no of valid_triples complete
1500. no of valid_triples complete
2000. no of valid_triples complete
Validation Ended
0. no of valid_triples complete
500. no of valid_triples complete
1000. no of valid_triples complete
1500. no of valid_triples complete
2000. no of valid_triples complete
Validation Ended
0. no of valid_triples complete
500. no of valid_triples complete
1000. no of valid_triples complete
1500. no of valid_triples complete
2000. no of valid_triples complete
Validation Ended
0. no of valid_triples complete
500. no of valid_triples complete
1000. no of valid_triples complete
1500. no of valid_triples complete
2000. no of valid_triples complete
Validation Ended
0. no of valid_triples complete
500. no of valid_triples complete
1000. no of valid_triples complete
1500. no of valid_triples complete
2000. no of valid_triples complete
Validation Ended
0. no of valid_triples complete
500. no of valid_triples complete
1000. no of valid_triples complete
1500. no of valid_triples complete
2000. no of valid_triples complete
Validation Ended
0. no of valid_triples complete
500. no of valid_triples complete
1000. no of valid_triples complete
1500. no of valid_triples complete
2000. no of valid_triples complete
Validation Ended
0. no of valid_triples complete
500. no of valid_triples complete
1000. no of valid_triples complete
1500. no of valid_triples complete
2000. no of valid_triples complete
Validation Ended
Epoch 1600	Loss 0.0	 model yago_data_neg_sample_5_mar_10_l2_0.00_model
0. no of valid_triples complete
500. no of valid_triples complete
1000. no of valid_triples complete
1500. no of valid_triples complete
2000. no of valid_triples complete
Validation Ended
0. no of valid_triples complete
500. no of valid_triples complete
1000. no of valid_triples complete
1500. no of valid_triples complete
2000. no of valid_triples complete
Validation Ended
0. no of valid_triples complete
500. no of valid_triples complete
1000. no of valid_triples complete
1500. no of valid_triples complete
2000. no of valid_triples complete
Validation Ended
0. no of valid_triples complete
500. no of valid_triples complete
1000. no of valid_triples complete
1500. no of valid_triples complete
2000. no of valid_triples complete
Validation Ended
0. no of valid_triples complete
500. no of valid_triples complete
1000. no of valid_triples complete
1500. no of valid_triples complete
2000. no of valid_triples complete
Validation Ended
0. no of valid_triples complete
500. no of valid_triples complete
1000. no of valid_triples complete
1500. no of valid_triples complete
2000. no of valid_triples complete
Validation Ended
0. no of valid_triples complete
500. no of valid_triples complete
1000. no of valid_triples complete
1500. no of valid_triples complete
2000. no of valid_triples complete
Validation Ended
0. no of valid_triples complete
500. no of valid_triples complete
1000. no of valid_triples complete
1500. no of valid_triples complete
2000. no of valid_triples complete
Validation Ended
0. no of valid_triples complete
500. no of valid_triples complete
1000. no of valid_triples complete
1500. no of valid_triples complete
2000. no of valid_triples complete
Validation Ended
0. no of valid_triples complete
500. no of valid_triples complete
1000. no of valid_triples complete
1500. no of valid_triples complete
2000. no of valid_triples complete
Validation Ended
Epoch 1650	Loss 0.0	 model yago_data_neg_sample_5_mar_10_l2_0.00_model
0. no of valid_triples complete
500. no of valid_triples complete
1000. no of valid_triples complete
1500. no of valid_triples complete
2000. no of valid_triples complete
Validation Ended
0. no of valid_triples complete
500. no of valid_triples complete
1000. no of valid_triples complete
1500. no of valid_triples complete
2000. no of valid_triples complete
Validation Ended
0. no of valid_triples complete
500. no of valid_triples complete
1000. no of valid_triples complete
1500. no of valid_triples complete
2000. no of valid_triples complete
Validation Ended
0. no of valid_triples complete
500. no of valid_triples complete
1000. no of valid_triples complete
1500. no of valid_triples complete
2000. no of valid_triples complete
Validation Ended
0. no of valid_triples complete
500. no of valid_triples complete
1000. no of valid_triples complete
1500. no of valid_triples complete
2000. no of valid_triples complete
Validation Ended
0. no of valid_triples complete
500. no of valid_triples complete
1000. no of valid_triples complete
1500. no of valid_triples complete
2000. no of valid_triples complete
Validation Ended
0. no of valid_triples complete
500. no of valid_triples complete
1000. no of valid_triples complete
1500. no of valid_triples complete
2000. no of valid_triples complete
Validation Ended
0. no of valid_triples complete
500. no of valid_triples complete
1000. no of valid_triples complete
1500. no of valid_triples complete
2000. no of valid_triples complete
Validation Ended
0. no of valid_triples complete
500. no of valid_triples complete
1000. no of valid_triples complete
1500. no of valid_triples complete
2000. no of valid_triples complete
Validation Ended
0. no of valid_triples complete
500. no of valid_triples complete
1000. no of valid_triples complete
1500. no of valid_triples complete
2000. no of valid_triples complete
Validation Ended
Epoch 1700	Loss 0.0	 model yago_data_neg_sample_5_mar_10_l2_0.00_model
0. no of valid_triples complete
500. no of valid_triples complete
1000. no of valid_triples complete
1500. no of valid_triples complete
2000. no of valid_triples complete
Validation Ended
0. no of valid_triples complete
500. no of valid_triples complete
1000. no of valid_triples complete
1500. no of valid_triples complete
2000. no of valid_triples complete
Validation Ended
0. no of valid_triples complete
500. no of valid_triples complete
1000. no of valid_triples complete
1500. no of valid_triples complete
2000. no of valid_triples complete
Validation Ended
0. no of valid_triples complete
500. no of valid_triples complete
1000. no of valid_triples complete
1500. no of valid_triples complete
2000. no of valid_triples complete
Validation Ended
0. no of valid_triples complete
500. no of valid_triples complete
1000. no of valid_triples complete
1500. no of valid_triples complete
2000. no of valid_triples complete
Validation Ended
0. no of valid_triples complete
500. no of valid_triples complete
1000. no of valid_triples complete
1500. no of valid_triples complete
2000. no of valid_triples complete
Validation Ended
0. no of valid_triples complete
500. no of valid_triples complete
1000. no of valid_triples complete
1500. no of valid_triples complete
2000. no of valid_triples complete
Validation Ended
0. no of valid_triples complete
500. no of valid_triples complete
1000. no of valid_triples complete
1500. no of valid_triples complete
2000. no of valid_triples complete
Validation Ended
0. no of valid_triples complete
500. no of valid_triples complete
1000. no of valid_triples complete
1500. no of valid_triples complete
2000. no of valid_triples complete
Validation Ended
0. no of valid_triples complete
500. no of valid_triples complete
1000. no of valid_triples complete
1500. no of valid_triples complete
2000. no of valid_triples complete
Validation Ended
Epoch 1750	Loss 0.0	 model yago_data_neg_sample_5_mar_10_l2_0.00_model
0. no of valid_triples complete
500. no of valid_triples complete
1000. no of valid_triples complete
1500. no of valid_triples complete
2000. no of valid_triples complete
Validation Ended
0. no of valid_triples complete
500. no of valid_triples complete
1000. no of valid_triples complete
1500. no of valid_triples complete
2000. no of valid_triples complete
Validation Ended
0. no of valid_triples complete
500. no of valid_triples complete
1000. no of valid_triples complete
1500. no of valid_triples complete
2000. no of valid_triples complete
Validation Ended
0. no of valid_triples complete
500. no of valid_triples complete
1000. no of valid_triples complete
1500. no of valid_triples complete
2000. no of valid_triples complete
Validation Ended
0. no of valid_triples complete
500. no of valid_triples complete
1000. no of valid_triples complete
1500. no of valid_triples complete
2000. no of valid_triples complete
Validation Ended
0. no of valid_triples complete
500. no of valid_triples complete
1000. no of valid_triples complete
1500. no of valid_triples complete
2000. no of valid_triples complete
Validation Ended
0. no of valid_triples complete
500. no of valid_triples complete
1000. no of valid_triples complete
1500. no of valid_triples complete
2000. no of valid_triples complete
Validation Ended
0. no of valid_triples complete
500. no of valid_triples complete
1000. no of valid_triples complete
1500. no of valid_triples complete
2000. no of valid_triples complete
Validation Ended
0. no of valid_triples complete
500. no of valid_triples complete
1000. no of valid_triples complete
1500. no of valid_triples complete
2000. no of valid_triples complete
Validation Ended
0. no of valid_triples complete
500. no of valid_triples complete
1000. no of valid_triples complete
1500. no of valid_triples complete
2000. no of valid_triples complete
Validation Ended
Epoch 1800	Loss 0.0	 model yago_data_neg_sample_5_mar_10_l2_0.00_model
0. no of valid_triples complete
500. no of valid_triples complete
1000. no of valid_triples complete
1500. no of valid_triples complete
2000. no of valid_triples complete
Validation Ended
0. no of valid_triples complete
500. no of valid_triples complete
1000. no of valid_triples complete
1500. no of valid_triples complete
2000. no of valid_triples complete
Validation Ended
0. no of valid_triples complete
500. no of valid_triples complete
1000. no of valid_triples complete
1500. no of valid_triples complete
2000. no of valid_triples complete
Validation Ended
0. no of valid_triples complete
500. no of valid_triples complete
1000. no of valid_triples complete
1500. no of valid_triples complete
2000. no of valid_triples complete
Validation Ended
0. no of valid_triples complete
500. no of valid_triples complete
1000. no of valid_triples complete
1500. no of valid_triples complete
2000. no of valid_triples complete
Validation Ended
0. no of valid_triples complete
500. no of valid_triples complete
1000. no of valid_triples complete
1500. no of valid_triples complete
2000. no of valid_triples complete
Validation Ended
0. no of valid_triples complete
500. no of valid_triples complete
1000. no of valid_triples complete
1500. no of valid_triples complete
2000. no of valid_triples complete
Validation Ended
0. no of valid_triples complete
500. no of valid_triples complete
1000. no of valid_triples complete
1500. no of valid_triples complete
2000. no of valid_triples complete
Validation Ended
0. no of valid_triples complete
500. no of valid_triples complete
1000. no of valid_triples complete
1500. no of valid_triples complete
2000. no of valid_triples complete
Validation Ended
0. no of valid_triples complete
500. no of valid_triples complete
1000. no of valid_triples complete
1500. no of valid_triples complete
2000. no of valid_triples complete
Validation Ended
Epoch 1850	Loss 0.0	 model yago_data_neg_sample_5_mar_10_l2_0.00_model
0. no of valid_triples complete
500. no of valid_triples complete
1000. no of valid_triples complete
1500. no of valid_triples complete
2000. no of valid_triples complete
Validation Ended
0. no of valid_triples complete
500. no of valid_triples complete
1000. no of valid_triples complete
1500. no of valid_triples complete
2000. no of valid_triples complete
Validation Ended
0. no of valid_triples complete
500. no of valid_triples complete
1000. no of valid_triples complete
1500. no of valid_triples complete
2000. no of valid_triples complete
Validation Ended
0. no of valid_triples complete
500. no of valid_triples complete
1000. no of valid_triples complete
1500. no of valid_triples complete
2000. no of valid_triples complete
Validation Ended
0. no of valid_triples complete
500. no of valid_triples complete
1000. no of valid_triples complete
1500. no of valid_triples complete
2000. no of valid_triples complete
Validation Ended
0. no of valid_triples complete
500. no of valid_triples complete
1000. no of valid_triples complete
1500. no of valid_triples complete
2000. no of valid_triples complete
Validation Ended
0. no of valid_triples complete
500. no of valid_triples complete
1000. no of valid_triples complete
1500. no of valid_triples complete
2000. no of valid_triples complete
Validation Ended
0. no of valid_triples complete
500. no of valid_triples complete
1000. no of valid_triples complete
1500. no of valid_triples complete
2000. no of valid_triples complete
Validation Ended
0. no of valid_triples complete
500. no of valid_triples complete
1000. no of valid_triples complete
1500. no of valid_triples complete
2000. no of valid_triples complete
Validation Ended
0. no of valid_triples complete
500. no of valid_triples complete
1000. no of valid_triples complete
1500. no of valid_triples complete
2000. no of valid_triples complete
Validation Ended
Epoch 1900	Loss 0.0	 model yago_data_neg_sample_5_mar_10_l2_0.00_model
0. no of valid_triples complete
500. no of valid_triples complete
1000. no of valid_triples complete
1500. no of valid_triples complete
2000. no of valid_triples complete
Validation Ended
0. no of valid_triples complete
500. no of valid_triples complete
1000. no of valid_triples complete
1500. no of valid_triples complete
2000. no of valid_triples complete
Validation Ended
0. no of valid_triples complete
500. no of valid_triples complete
1000. no of valid_triples complete
1500. no of valid_triples complete
2000. no of valid_triples complete
Validation Ended
0. no of valid_triples complete
500. no of valid_triples complete
1000. no of valid_triples complete
1500. no of valid_triples complete
2000. no of valid_triples complete
Validation Ended
0. no of valid_triples complete
500. no of valid_triples complete
1000. no of valid_triples complete
1500. no of valid_triples complete
2000. no of valid_triples complete
Validation Ended
0. no of valid_triples complete
500. no of valid_triples complete
1000. no of valid_triples complete
1500. no of valid_triples complete
2000. no of valid_triples complete
Validation Ended
0. no of valid_triples complete
500. no of valid_triples complete
1000. no of valid_triples complete
1500. no of valid_triples complete
2000. no of valid_triples complete
Validation Ended
0. no of valid_triples complete
500. no of valid_triples complete
1000. no of valid_triples complete
1500. no of valid_triples complete
2000. no of valid_triples complete
Validation Ended
0. no of valid_triples complete
500. no of valid_triples complete
1000. no of valid_triples complete
1500. no of valid_triples complete
2000. no of valid_triples complete
Validation Ended
0. no of valid_triples complete
500. no of valid_triples complete
1000. no of valid_triples complete
1500. no of valid_triples complete
2000. no of valid_triples complete
Validation Ended
Epoch 1950	Loss 0.0	 model yago_data_neg_sample_5_mar_10_l2_0.00_model
0. no of valid_triples complete
500. no of valid_triples complete
1000. no of valid_triples complete
1500. no of valid_triples complete
2000. no of valid_triples complete
Validation Ended
0. no of valid_triples complete
500. no of valid_triples complete
1000. no of valid_triples complete
1500. no of valid_triples complete
2000. no of valid_triples complete
Validation Ended
0. no of valid_triples complete
500. no of valid_triples complete
1000. no of valid_triples complete
1500. no of valid_triples complete
2000. no of valid_triples complete
Validation Ended
0. no of valid_triples complete
500. no of valid_triples complete
1000. no of valid_triples complete
1500. no of valid_triples complete
2000. no of valid_triples complete
Validation Ended
0. no of valid_triples complete
500. no of valid_triples complete
1000. no of valid_triples complete
1500. no of valid_triples complete
2000. no of valid_triples complete
Validation Ended
0. no of valid_triples complete
500. no of valid_triples complete
1000. no of valid_triples complete
1500. no of valid_triples complete
2000. no of valid_triples complete
Validation Ended
0. no of valid_triples complete
500. no of valid_triples complete
1000. no of valid_triples complete
1500. no of valid_triples complete
2000. no of valid_triples complete
Validation Ended
0. no of valid_triples complete
500. no of valid_triples complete
1000. no of valid_triples complete
1500. no of valid_triples complete
2000. no of valid_triples complete
Validation Ended
0. no of valid_triples complete
500. no of valid_triples complete
1000. no of valid_triples complete
1500. no of valid_triples complete
2000. no of valid_triples complete
Validation Ended
0. no of valid_triples complete
500. no of valid_triples complete
1000. no of valid_triples complete
1500. no of valid_triples complete
2000. no of valid_triples complete
Validation Ended
