WARNING:tensorflow:From /home/adityad/HyTE/HyTE-master/time_proj.py:441: calling reduce_sum (from tensorflow.python.ops.math_ops) with keep_dims is deprecated and will be removed in a future version.
Instructions for updating:
keep_dims is deprecated, use keepdims instead
WARNING:tensorflow:From /home/adityad/HyTE/HyTE-master/time_proj.py:464: calling l2_normalize (from tensorflow.python.ops.nn_impl) with dim is deprecated and will be removed in a future version.
Instructions for updating:
dim is deprecated, use axis instead
2023-11-04 18:04:08.740163: I tensorflow/core/platform/cpu_feature_guard.cc:141] Your CPU supports instructions that this TensorFlow binary was not compiled to use: AVX2 AVX512F FMA
here in main
model done
model object created
enter fitting
start Testing
0. no of test_triples complete
500. no of test_triples complete
1000. no of test_triples complete
1500. no of test_triples complete
2000. no of test_triples complete
2500. no of test_triples complete
3000. no of test_triples complete
3500. no of test_triples complete
4000. no of test_triples complete
Test ended
