yago_data_temporal_scoping_model_24_10_2023_18:32:31
Epoch 25 :  time_rank 17.965298142717497
Epoch 50 :  time_rank 17.140273704789834
Epoch 75 :  time_rank 16.2316715542522
Epoch 100 :  time_rank 15.667644183773216
Epoch 125 :  time_rank 14.546432062561095
Epoch 150 :  time_rank 12.866080156402736
Epoch 175 :  time_rank 11.609970674486803
Epoch 200 :  time_rank 11.097262952101662
Epoch 225 :  time_rank 10.409579667644184
Epoch 250 :  time_rank 9.99364613880743
Epoch 275 :  time_rank 9.714565004887586
Epoch 300 :  time_rank 9.58455522971652
Epoch 325 :  time_rank 9.469208211143695
Epoch 350 :  time_rank 9.375366568914956
Epoch 375 :  time_rank 9.303030303030303
Epoch 400 :  time_rank 9.267350928641251
Epoch 425 :  time_rank 9.210654936461388
Epoch 450 :  time_rank 9.142228739002933
Epoch 475 :  time_rank 9.0791788856305
Epoch 500 :  time_rank 9.047409579667644
Epoch 525 :  time_rank 9.021016617790812
Epoch 550 :  time_rank 8.982404692082111
Epoch 575 :  time_rank 8.933040078201369
Epoch 600 :  time_rank 8.907624633431086
Epoch 625 :  time_rank 8.868523949169111
Epoch 650 :  time_rank 8.833333333333334
Epoch 675 :  time_rank 8.803519061583577
Epoch 700 :  time_rank 8.77859237536657
Epoch 725 :  time_rank 8.763440860215054
Epoch 750 :  time_rank 8.72434017595308
Epoch 775 :  time_rank 8.714565004887586
Epoch 800 :  time_rank 8.70576735092864
Epoch 825 :  time_rank 8.683284457478006
Epoch 850 :  time_rank 8.691104594330401
Epoch 875 :  time_rank 8.712609970674487
Epoch 900 :  time_rank 8.70869990224829
Epoch 925 :  time_rank 8.701857282502443
Epoch 950 :  time_rank 8.68670576735093
Epoch 975 :  time_rank 8.695014662756599
Epoch 1000 :  time_rank 8.678396871945258
Epoch 1025 :  time_rank 8.643206256109481
Epoch 1050 :  time_rank 8.631476050830889
Epoch 1075 :  time_rank 8.6158357771261
Epoch 1100 :  time_rank 8.59481915933529
Epoch 1125 :  time_rank 8.59481915933529
Epoch 1150 :  time_rank 8.588465298142717
Epoch 1175 :  time_rank 8.579667644183774
Epoch 1200 :  time_rank 8.568426197458455
Epoch 1225 :  time_rank 8.552785923753666
Epoch 1250 :  time_rank 8.53763440860215
Epoch 1275 :  time_rank 8.520527859237538
Epoch 1300 :  time_rank 8.511241446725318
Epoch 1325 :  time_rank 8.52199413489736
Epoch 1350 :  time_rank 8.525904203323558
Epoch 1375 :  time_rank 8.50928641251222
Epoch 1400 :  time_rank 8.501955034213099
Epoch 1425 :  time_rank 8.495601173020528
Epoch 1450 :  time_rank 8.487292277614857
Epoch 1475 :  time_rank 8.50733137829912
Epoch 1500 :  time_rank 8.509775171065494
Epoch 1525 :  time_rank 8.513196480938417
Epoch 1550 :  time_rank 8.513685239491691
Epoch 1575 :  time_rank 8.51564027370479
Epoch 1600 :  time_rank 8.520039100684262
Epoch 1625 :  time_rank 8.523949169110459
Epoch 1650 :  time_rank 8.512707722385143
Epoch 1675 :  time_rank 8.520527859237538
Epoch 1700 :  time_rank 8.532746823069404
Epoch 1725 :  time_rank 8.534701857282503
Epoch 1750 :  time_rank 8.528347996089932
Epoch 1775 :  time_rank 8.537145650048876
Epoch 1800 :  time_rank 8.523460410557185
Epoch 1825 :  time_rank 8.528347996089932
Epoch 1850 :  time_rank 8.525415444770283
Epoch 1875 :  time_rank 8.517595307917889
Epoch 1900 :  time_rank 8.519550342130987
Epoch 1925 :  time_rank 8.500488758553274
Epoch 1950 :  time_rank 8.488269794721408
Epoch 1975 :  time_rank 8.47702834799609
Traceback (most recent call last):
  File "/home/adityad/HyTE/HyTE-master/result_eval_time.py", line 16, in <module>
    model_time = open('/home/adityad/temp_scope/'+args.model+'/valid_time_pred_{}.txt'.format(k))
FileNotFoundError: [Errno 2] No such file or directory: '/home/adityad/temp_scope/yago_data_temporal_scoping_model_24_10_2023_18:32:31/valid_time_pred_2000.txt'
