lit_comb_sle_yago_data_model
Epoch 50 : valid_tail rank 897.374274854971	 valid_head rank 7713.730346069214
Epoch 50 : valid_tail HIT@10 59.57191438287658	 valid_head HIT@10 0.7601520304060811
Epoch 50 : valid_tail HIT@20 63.35267053410683	 valid_head HIT@20 1.7203440688137628
------------------------------------------
Best Validation Epoch till now Epoch 50, tail rank: 897.374274854971, head rank: 7713.730346069214
------------------------------------------
Epoch 100 : valid_tail rank 397.6485297059412	 valid_head rank 7079.369073814763
Epoch 100 : valid_tail HIT@10 61.43228645729146	 valid_head HIT@10 1.180236047209442
Epoch 100 : valid_tail HIT@20 65.17303460692139	 valid_head HIT@20 2.000400080016003
------------------------------------------
Best Validation Epoch till now Epoch 100, tail rank: 397.6485297059412, head rank: 7079.369073814763
------------------------------------------
Epoch 150 : valid_tail rank 168.19663932786557	 valid_head rank 6687.178835767153
Epoch 150 : valid_tail HIT@10 62.9125825165033	 valid_head HIT@10 1.7803560712142428
Epoch 150 : valid_tail HIT@20 66.35327065413082	 valid_head HIT@20 3.320664132826565
------------------------------------------
Best Validation Epoch till now Epoch 150, tail rank: 168.19663932786557, head rank: 6687.178835767153
------------------------------------------
Epoch 200 : valid_tail rank 178.25265053010602	 valid_head rank 6769.3974794958995
Epoch 200 : valid_tail HIT@10 63.13262652530506	 valid_head HIT@10 1.980396079215843
Epoch 200 : valid_tail HIT@20 67.25345069013802	 valid_head HIT@20 4.040808161632326
------------------------------------------
Best Validation Epoch till now Epoch 150, tail rank: 168.19663932786557, head rank: 6687.178835767153
------------------------------------------
Epoch 250 : valid_tail rank 189.92158431686337	 valid_head rank 6893.0158031606325
Epoch 250 : valid_tail HIT@10 63.452690538107625	 valid_head HIT@10 2.2204440888177635
Epoch 250 : valid_tail HIT@20 67.73354670934187	 valid_head HIT@20 4.460892178435687
------------------------------------------
Best Validation Epoch till now Epoch 150, tail rank: 168.19663932786557, head rank: 6687.178835767153
------------------------------------------
Epoch 300 : valid_tail rank 196.84276855371075	 valid_head rank 6943.550910182036
Epoch 300 : valid_tail HIT@10 63.092618523704736	 valid_head HIT@10 2.2804560912182437
Epoch 300 : valid_tail HIT@20 67.99359871974396	 valid_head HIT@20 4.540908181636327
------------------------------------------
Best Validation Epoch till now Epoch 150, tail rank: 168.19663932786557, head rank: 6687.178835767153
------------------------------------------
Epoch 350 : valid_tail rank 204.20624124824965	 valid_head rank 6976.80376075215
Epoch 350 : valid_tail HIT@10 62.77255451090218	 valid_head HIT@10 2.2404480896179235
Epoch 350 : valid_tail HIT@20 67.9135827165433	 valid_head HIT@20 4.540908181636327
------------------------------------------
Best Validation Epoch till now Epoch 150, tail rank: 168.19663932786557, head rank: 6687.178835767153
------------------------------------------
Epoch 400 : valid_tail rank 208.04240848169633	 valid_head rank 6987.284256851371
Epoch 400 : valid_tail HIT@10 62.63252650530106	 valid_head HIT@10 2.3004600920184037
Epoch 400 : valid_tail HIT@20 67.79355871174235	 valid_head HIT@20 4.580916183236647
------------------------------------------
Best Validation Epoch till now Epoch 150, tail rank: 168.19663932786557, head rank: 6687.178835767153
------------------------------------------
Epoch 450 : valid_tail rank 207.76855371074214	 valid_head rank 6992.871374274855
Epoch 450 : valid_tail HIT@10 62.63252650530106	 valid_head HIT@10 2.3004600920184037
Epoch 450 : valid_tail HIT@20 67.75355071014204	 valid_head HIT@20 4.560912182436487
------------------------------------------
Best Validation Epoch till now Epoch 150, tail rank: 168.19663932786557, head rank: 6687.178835767153
------------------------------------------
Epoch 500 : valid_tail rank 206.64112822564513	 valid_head rank 6994.931186237248
Epoch 500 : valid_tail HIT@10 62.7125425085017	 valid_head HIT@10 2.2204440888177635
Epoch 500 : valid_tail HIT@20 67.75355071014204	 valid_head HIT@20 4.540908181636327
------------------------------------------
Best Validation Epoch till now Epoch 150, tail rank: 168.19663932786557, head rank: 6687.178835767153
------------------------------------------
Epoch 550 : valid_tail rank 206.50230046009202	 valid_head rank 6993.5719143828765
Epoch 550 : valid_tail HIT@10 62.792558511702346	 valid_head HIT@10 2.2604520904180836
Epoch 550 : valid_tail HIT@20 67.71354270854171	 valid_head HIT@20 4.500900180036007
------------------------------------------
Best Validation Epoch till now Epoch 150, tail rank: 168.19663932786557, head rank: 6687.178835767153
------------------------------------------
Epoch 600 : valid_tail rank 207.11462292458492	 valid_head rank 6994.502700540108
Epoch 600 : valid_tail HIT@10 62.792558511702346	 valid_head HIT@10 2.2404480896179235
Epoch 600 : valid_tail HIT@20 67.59351870374076	 valid_head HIT@20 4.540908181636327
------------------------------------------
Best Validation Epoch till now Epoch 150, tail rank: 168.19663932786557, head rank: 6687.178835767153
------------------------------------------
Epoch 650 : valid_tail rank 204.0350070014003	 valid_head rank 6996.962192438487
Epoch 650 : valid_tail HIT@10 62.792558511702346	 valid_head HIT@10 2.320464092818564
Epoch 650 : valid_tail HIT@20 67.57351470294059	 valid_head HIT@20 4.540908181636327
------------------------------------------
Best Validation Epoch till now Epoch 150, tail rank: 168.19663932786557, head rank: 6687.178835767153
------------------------------------------
Epoch 700 : valid_tail rank 205.26965393078615	 valid_head rank 6996.980596119224
Epoch 700 : valid_tail HIT@10 62.752550510102026	 valid_head HIT@10 2.320464092818564
Epoch 700 : valid_tail HIT@20 67.67353470694138	 valid_head HIT@20 4.580916183236647
------------------------------------------
Best Validation Epoch till now Epoch 150, tail rank: 168.19663932786557, head rank: 6687.178835767153
------------------------------------------
Epoch 750 : valid_tail rank 204.97939587917583	 valid_head rank 7005.211442288458
Epoch 750 : valid_tail HIT@10 62.85257051410282	 valid_head HIT@10 2.2804560912182437
Epoch 750 : valid_tail HIT@20 67.61352270454091	 valid_head HIT@20 4.640928185637128
------------------------------------------
Best Validation Epoch till now Epoch 150, tail rank: 168.19663932786557, head rank: 6687.178835767153
------------------------------------------
Epoch 800 : valid_tail rank 205.34146829365872	 valid_head rank 7001.044408881777
Epoch 800 : valid_tail HIT@10 62.8125625125025	 valid_head HIT@10 2.360472094418884
Epoch 800 : valid_tail HIT@20 67.69353870774155	 valid_head HIT@20 4.6209241848369675
------------------------------------------
Best Validation Epoch till now Epoch 150, tail rank: 168.19663932786557, head rank: 6687.178835767153
------------------------------------------
Epoch 850 : valid_tail rank 206.18023604720943	 valid_head rank 7006.770354070814
Epoch 850 : valid_tail HIT@10 62.792558511702346	 valid_head HIT@10 2.3404680936187234
Epoch 850 : valid_tail HIT@20 67.75355071014204	 valid_head HIT@20 4.6009201840368075
------------------------------------------
Best Validation Epoch till now Epoch 150, tail rank: 168.19663932786557, head rank: 6687.178835767153
------------------------------------------
Epoch 900 : valid_tail rank 205.59471894378876	 valid_head rank 7005.802360472095
Epoch 900 : valid_tail HIT@10 62.77255451090218	 valid_head HIT@10 2.2804560912182437
Epoch 900 : valid_tail HIT@20 67.69353870774155	 valid_head HIT@20 4.660932186437288
------------------------------------------
Best Validation Epoch till now Epoch 150, tail rank: 168.19663932786557, head rank: 6687.178835767153
------------------------------------------
Epoch 950 : valid_tail rank 205.67193438687738	 valid_head rank 7010.882376475295
Epoch 950 : valid_tail HIT@10 62.87257451490298	 valid_head HIT@10 2.2604520904180836
Epoch 950 : valid_tail HIT@20 67.73354670934187	 valid_head HIT@20 4.6009201840368075
------------------------------------------
Best Validation Epoch till now Epoch 150, tail rank: 168.19663932786557, head rank: 6687.178835767153
------------------------------------------
Traceback (most recent call last):
  File "/home/adityad/HyTE/HyTE-master/result_eval.py", line 16, in <module>
    model_output_head = open('results/'+args.model+'/'+args.eval_mode+'_head_pred_{}.txt'.format(k))
FileNotFoundError: [Errno 2] No such file or directory: 'results/lit_comb_sle_yago_data_model/valid_head_pred_1000.txt'
