WARNING:tensorflow:From /home/adityad/HyTE/HyTE-master/time_proj_tdns_scope_1.py:512: calling reduce_sum (from tensorflow.python.ops.math_ops) with keep_dims is deprecated and will be removed in a future version.
Instructions for updating:
keep_dims is deprecated, use keepdims instead
WARNING:tensorflow:From /home/adityad/HyTE/HyTE-master/time_proj_tdns_scope_1.py:531: calling l2_normalize (from tensorflow.python.ops.nn_impl) with dim is deprecated and will be removed in a future version.
Instructions for updating:
dim is deprecated, use axis instead
2023-12-07 04:05:03.949128: I tensorflow/core/platform/cpu_feature_guard.cc:141] Your CPU supports instructions that this TensorFlow binary was not compiled to use: AVX2 AVX512F FMA
here in main
model done
model object created
enter fitting
start fitting
Epoch 0	Loss 489425.625	 model lit_comb_sle_temporal_07_12_2023_03:57:22
Epoch 10	Loss 276066.5625	 model lit_comb_sle_temporal_07_12_2023_03:57:22
Epoch 20	Loss 227353.03125	 model lit_comb_sle_temporal_07_12_2023_03:57:22
Epoch 30	Loss 213664.078125	 model lit_comb_sle_temporal_07_12_2023_03:57:22
Epoch 40	Loss 202468.171875	 model lit_comb_sle_temporal_07_12_2023_03:57:22
Epoch 50	Loss 191473.875	 model lit_comb_sle_temporal_07_12_2023_03:57:22
0. no of valid_triples complete
1000. no of valid_triples complete
2000. no of valid_triples complete
3000. no of valid_triples complete
4000. no of valid_triples complete
Validation Ended
Epoch 60	Loss 180166.59375	 model lit_comb_sle_temporal_07_12_2023_03:57:22
Epoch 70	Loss 170533.25	 model lit_comb_sle_temporal_07_12_2023_03:57:22
Epoch 80	Loss 163277.96875	 model lit_comb_sle_temporal_07_12_2023_03:57:22
Epoch 90	Loss 158467.390625	 model lit_comb_sle_temporal_07_12_2023_03:57:22
Epoch 100	Loss 154944.984375	 model lit_comb_sle_temporal_07_12_2023_03:57:22
0. no of valid_triples complete
1000. no of valid_triples complete
2000. no of valid_triples complete
3000. no of valid_triples complete
4000. no of valid_triples complete
Validation Ended
Epoch 110	Loss 152051.3125	 model lit_comb_sle_temporal_07_12_2023_03:57:22
Epoch 120	Loss 149546.859375	 model lit_comb_sle_temporal_07_12_2023_03:57:22
Epoch 130	Loss 147316.0625	 model lit_comb_sle_temporal_07_12_2023_03:57:22
Epoch 140	Loss 145374.359375	 model lit_comb_sle_temporal_07_12_2023_03:57:22
Epoch 150	Loss 143627.609375	 model lit_comb_sle_temporal_07_12_2023_03:57:22
0. no of valid_triples complete
1000. no of valid_triples complete
2000. no of valid_triples complete
3000. no of valid_triples complete
4000. no of valid_triples complete
Validation Ended
Epoch 160	Loss 142091.625	 model lit_comb_sle_temporal_07_12_2023_03:57:22
Epoch 170	Loss 140714.8125	 model lit_comb_sle_temporal_07_12_2023_03:57:22
Epoch 180	Loss 139521.734375	 model lit_comb_sle_temporal_07_12_2023_03:57:22
Epoch 190	Loss 138455.6875	 model lit_comb_sle_temporal_07_12_2023_03:57:22
Epoch 200	Loss 137502.4375	 model lit_comb_sle_temporal_07_12_2023_03:57:22
0. no of valid_triples complete
1000. no of valid_triples complete
2000. no of valid_triples complete
3000. no of valid_triples complete
4000. no of valid_triples complete
Validation Ended
Epoch 210	Loss 136635.0625	 model lit_comb_sle_temporal_07_12_2023_03:57:22
Epoch 220	Loss 135828.71875	 model lit_comb_sle_temporal_07_12_2023_03:57:22
Epoch 230	Loss 135094.859375	 model lit_comb_sle_temporal_07_12_2023_03:57:22
Epoch 240	Loss 134398.3125	 model lit_comb_sle_temporal_07_12_2023_03:57:22
Epoch 250	Loss 133741.84375	 model lit_comb_sle_temporal_07_12_2023_03:57:22
0. no of valid_triples complete
1000. no of valid_triples complete
2000. no of valid_triples complete
3000. no of valid_triples complete
4000. no of valid_triples complete
Validation Ended
Epoch 260	Loss 133064.8125	 model lit_comb_sle_temporal_07_12_2023_03:57:22
Epoch 270	Loss 132469.109375	 model lit_comb_sle_temporal_07_12_2023_03:57:22
Epoch 280	Loss 131840.3125	 model lit_comb_sle_temporal_07_12_2023_03:57:22
Epoch 290	Loss 131282.5625	 model lit_comb_sle_temporal_07_12_2023_03:57:22
Epoch 300	Loss 130713.53125	 model lit_comb_sle_temporal_07_12_2023_03:57:22
0. no of valid_triples complete
1000. no of valid_triples complete
2000. no of valid_triples complete
3000. no of valid_triples complete
4000. no of valid_triples complete
Validation Ended
Epoch 310	Loss 130178.46875	 model lit_comb_sle_temporal_07_12_2023_03:57:22
Epoch 320	Loss 129646.78125	 model lit_comb_sle_temporal_07_12_2023_03:57:22
Epoch 330	Loss 129139.75	 model lit_comb_sle_temporal_07_12_2023_03:57:22
Epoch 340	Loss 128694.78125	 model lit_comb_sle_temporal_07_12_2023_03:57:22
Epoch 350	Loss 128243.78125	 model lit_comb_sle_temporal_07_12_2023_03:57:22
0. no of valid_triples complete
1000. no of valid_triples complete
2000. no of valid_triples complete
3000. no of valid_triples complete
4000. no of valid_triples complete
Validation Ended
Epoch 360	Loss 127812.96875	 model lit_comb_sle_temporal_07_12_2023_03:57:22
Epoch 370	Loss 127383.34375	 model lit_comb_sle_temporal_07_12_2023_03:57:22
Epoch 380	Loss 127002.875	 model lit_comb_sle_temporal_07_12_2023_03:57:22
Epoch 390	Loss 126606.8203125	 model lit_comb_sle_temporal_07_12_2023_03:57:22
Epoch 400	Loss 126224.7109375	 model lit_comb_sle_temporal_07_12_2023_03:57:22
0. no of valid_triples complete
1000. no of valid_triples complete
2000. no of valid_triples complete
3000. no of valid_triples complete
4000. no of valid_triples complete
Validation Ended
Epoch 410	Loss 125902.515625	 model lit_comb_sle_temporal_07_12_2023_03:57:22
Epoch 420	Loss 125556.609375	 model lit_comb_sle_temporal_07_12_2023_03:57:22
Epoch 430	Loss 125234.6953125	 model lit_comb_sle_temporal_07_12_2023_03:57:22
Epoch 440	Loss 124896.484375	 model lit_comb_sle_temporal_07_12_2023_03:57:22
Epoch 450	Loss 124608.03125	 model lit_comb_sle_temporal_07_12_2023_03:57:22
0. no of valid_triples complete
1000. no of valid_triples complete
2000. no of valid_triples complete
3000. no of valid_triples complete
4000. no of valid_triples complete
Validation Ended
Epoch 460	Loss 124308.4140625	 model lit_comb_sle_temporal_07_12_2023_03:57:22
Epoch 470	Loss 124039.609375	 model lit_comb_sle_temporal_07_12_2023_03:57:22
Epoch 480	Loss 123768.3359375	 model lit_comb_sle_temporal_07_12_2023_03:57:22
Epoch 490	Loss 123487.359375	 model lit_comb_sle_temporal_07_12_2023_03:57:22
Epoch 500	Loss 123245.9140625	 model lit_comb_sle_temporal_07_12_2023_03:57:22
0. no of valid_triples complete
1000. no of valid_triples complete
2000. no of valid_triples complete
3000. no of valid_triples complete
4000. no of valid_triples complete
Validation Ended
Epoch 510	Loss 123000.6640625	 model lit_comb_sle_temporal_07_12_2023_03:57:22
Epoch 520	Loss 122779.46875	 model lit_comb_sle_temporal_07_12_2023_03:57:22
Epoch 530	Loss 122518.3046875	 model lit_comb_sle_temporal_07_12_2023_03:57:22
Epoch 540	Loss 122321.28125	 model lit_comb_sle_temporal_07_12_2023_03:57:22
Epoch 550	Loss 122101.75	 model lit_comb_sle_temporal_07_12_2023_03:57:22
0. no of valid_triples complete
1000. no of valid_triples complete
2000. no of valid_triples complete
3000. no of valid_triples complete
4000. no of valid_triples complete
Validation Ended
Epoch 560	Loss 121895.78125	 model lit_comb_sle_temporal_07_12_2023_03:57:22
Epoch 570	Loss 121676.109375	 model lit_comb_sle_temporal_07_12_2023_03:57:22
Epoch 580	Loss 121484.5	 model lit_comb_sle_temporal_07_12_2023_03:57:22
Epoch 590	Loss 121283.890625	 model lit_comb_sle_temporal_07_12_2023_03:57:22
