lit_comb_sle_yago_data_model
Epoch 5 :  test_rel rank 2.369473894778956
Epoch 10 :  test_rel rank 2.273254650930186
Epoch 15 :  test_rel rank 2.185637127425485
Epoch 20 :  test_rel rank 2.2012402480496096
Epoch 25 :  test_rel rank 2.341468293658732
Epoch 30 :  test_rel rank 2.4130826165233046
Epoch 35 :  test_rel rank 2.4212842568513704
Epoch 40 :  test_rel rank 2.431486297259452
Epoch 45 :  test_rel rank 2.4382876575315064
Epoch 50 :  test_rel rank 2.4082816563312663
Epoch 55 :  test_rel rank 2.3922784556911383
Epoch 60 :  test_rel rank 2.3580716143228644
Epoch 65 :  test_rel rank 2.3320664132826563
Epoch 70 :  test_rel rank 2.3096619323864775
Epoch 75 :  test_rel rank 2.2800560112022406
Epoch 80 :  test_rel rank 2.2650530106021205
Epoch 85 :  test_rel rank 2.2440488097619524
Epoch 90 :  test_rel rank 2.231846369273855
Epoch 95 :  test_rel rank 2.2230446089217843
Epoch 100 :  test_rel rank 2.2052410482096416
Epoch 105 :  test_rel rank 2.181036207241448
Epoch 110 :  test_rel rank 2.157831566313263
Epoch 115 :  test_rel rank 2.138227645529106
Epoch 120 :  test_rel rank 2.118623724744949
Epoch 125 :  test_rel rank 2.1040208041608324
Epoch 130 :  test_rel rank 2.0884176835367074
Epoch 135 :  test_rel rank 2.0778155631126225
Epoch 140 :  test_rel rank 2.0626125225045007
Epoch 145 :  test_rel rank 2.0538107621524304
Epoch 150 :  test_rel rank 2.0506101220244046
Epoch 155 :  test_rel rank 2.042208441688338
Epoch 160 :  test_rel rank 2.0344068813762752
Epoch 165 :  test_rel rank 2.0306061212242446
Epoch 170 :  test_rel rank 2.027205441088218
Epoch 175 :  test_rel rank 2.0206041208241645
Epoch 180 :  test_rel rank 2.0168033606721343
Epoch 185 :  test_rel rank 2.014402880576115
Epoch 190 :  test_rel rank 2.014202840568114
Epoch 195 :  test_rel rank 2.013202640528106
Epoch 200 :  test_rel rank 2.015203040608122
Epoch 205 :  test_rel rank 2.0128025605121023
Epoch 210 :  test_rel rank 2.011402280456091
Epoch 215 :  test_rel rank 2.009201840368074
Epoch 220 :  test_rel rank 2.00620124024805
Epoch 225 :  test_rel rank 2.0018003600720142
Epoch 230 :  test_rel rank 2.002400480096019
Epoch 235 :  test_rel rank 1.9995999199839969
Epoch 240 :  test_rel rank 1.9967993598719744
Epoch 245 :  test_rel rank 1.9961992398479695
Epoch 250 :  test_rel rank 1.995999199839968
Epoch 255 :  test_rel rank 1.993998799759952
Epoch 260 :  test_rel rank 1.9945989197839569
Epoch 265 :  test_rel rank 1.992998599719944
Epoch 270 :  test_rel rank 1.9887977595519104
Epoch 275 :  test_rel rank 1.986397279455891
Epoch 280 :  test_rel rank 1.98499699939988
Epoch 285 :  test_rel rank 1.9865973194638928
Epoch 290 :  test_rel rank 1.9831966393278657
Epoch 295 :  test_rel rank 1.9845969193838768
Epoch 300 :  test_rel rank 1.9841968393678737
Epoch 305 :  test_rel rank 1.9831966393278657
Epoch 310 :  test_rel rank 1.9827965593118624
Epoch 315 :  test_rel rank 1.983396679335867
Epoch 320 :  test_rel rank 1.983996799359872
Epoch 325 :  test_rel rank 1.984396879375875
Epoch 330 :  test_rel rank 1.9817963592718544
Epoch 335 :  test_rel rank 1.9865973194638928
Epoch 340 :  test_rel rank 1.9881976395279057
Epoch 345 :  test_rel rank 1.9897979595919184
Epoch 350 :  test_rel rank 1.98999799959992
Epoch 355 :  test_rel rank 1.9921984396879377
Epoch 360 :  test_rel rank 1.992398479695939
Epoch 365 :  test_rel rank 1.992998599719944
Epoch 370 :  test_rel rank 1.995399079815963
Epoch 375 :  test_rel rank 1.9957991598319664
Epoch 380 :  test_rel rank 1.9967993598719744
Epoch 385 :  test_rel rank 1.9977995599119824
Epoch 390 :  test_rel rank 1.9995999199839969
Epoch 395 :  test_rel rank 1.9997999599919984
Epoch 400 :  test_rel rank 2.00120024004801
Epoch 405 :  test_rel rank 2.004200840168034
Epoch 410 :  test_rel rank 2.006401280256051
Epoch 415 :  test_rel rank 2.003000600120024
Epoch 420 :  test_rel rank 2.004000800160032
Epoch 425 :  test_rel rank 2.00500100020004
Epoch 430 :  test_rel rank 2.007201440288058
Epoch 435 :  test_rel rank 2.007601520304061
Epoch 440 :  test_rel rank 2.01120224044809
Epoch 445 :  test_rel rank 2.0098019603920783
Epoch 450 :  test_rel rank 2.012402480496099
Epoch 455 :  test_rel rank 2.012402480496099
Epoch 460 :  test_rel rank 2.01500300060012
Epoch 465 :  test_rel rank 2.0158031606321263
Epoch 470 :  test_rel rank 2.0178035607121423
Epoch 475 :  test_rel rank 2.0148029605921183
Epoch 480 :  test_rel rank 2.0156031206241245
Epoch 485 :  test_rel rank 2.0136027205441085
Epoch 490 :  test_rel rank 2.016403280656131
Epoch 495 :  test_rel rank 2.01620324064813
Epoch 500 :  test_rel rank 2.0186037207441485
Epoch 505 :  test_rel rank 2.0206041208241645
Epoch 510 :  test_rel rank 2.02000400080016
Epoch 515 :  test_rel rank 2.020204040808162
Epoch 520 :  test_rel rank 2.020404080816163
Epoch 525 :  test_rel rank 2.0178035607121423
Epoch 530 :  test_rel rank 2.0238047609521903
Epoch 535 :  test_rel rank 2.0250050010002
Epoch 540 :  test_rel rank 2.0250050010002
Epoch 545 :  test_rel rank 2.0256051210242045
Epoch 550 :  test_rel rank 2.0266053210642125
Epoch 555 :  test_rel rank 2.021004200840168
Epoch 560 :  test_rel rank 2.024404880976195
Epoch 565 :  test_rel rank 2.025205041008202
Epoch 570 :  test_rel rank 2.02620524104821
Epoch 575 :  test_rel rank 2.0246049209841965
Epoch 580 :  test_rel rank 2.0248049609921983
Epoch 585 :  test_rel rank 2.023004600920184
Epoch 590 :  test_rel rank 2.0238047609521903
Epoch 595 :  test_rel rank 2.022404480896179
Epoch 600 :  test_rel rank 2.023204640928186
Epoch 605 :  test_rel rank 2.0246049209841965
Epoch 610 :  test_rel rank 2.024004800960192
Epoch 615 :  test_rel rank 2.0256051210242045
Epoch 620 :  test_rel rank 2.026405281056211
Epoch 625 :  test_rel rank 2.0250050010002
Epoch 630 :  test_rel rank 2.02620524104821
Epoch 635 :  test_rel rank 2.022204440888178
Epoch 640 :  test_rel rank 2.0236047209441885
Epoch 645 :  test_rel rank 2.024204840968194
Epoch 650 :  test_rel rank 2.021404280856171
Epoch 655 :  test_rel rank 2.02000400080016
Epoch 660 :  test_rel rank 2.0216043208641725
Epoch 665 :  test_rel rank 2.021404280856171
Epoch 670 :  test_rel rank 2.023404680936187
Epoch 675 :  test_rel rank 2.023204640928186
Epoch 680 :  test_rel rank 2.0238047609521903
Epoch 685 :  test_rel rank 2.024404880976195
Epoch 690 :  test_rel rank 2.026405281056211
Epoch 695 :  test_rel rank 2.0266053210642125
Epoch 700 :  test_rel rank 2.027405481096219
Epoch 705 :  test_rel rank 2.0288057611522303
Epoch 710 :  test_rel rank 2.028005601120224
Epoch 715 :  test_rel rank 2.0276055211042205
Epoch 720 :  test_rel rank 2.0296059211842365
Epoch 725 :  test_rel rank 2.0308061612322463
Epoch 730 :  test_rel rank 2.0316063212642526
Epoch 735 :  test_rel rank 2.0328065613122623
Epoch 740 :  test_rel rank 2.0354070814162832
Epoch 745 :  test_rel rank 2.0356071214242846
Epoch 750 :  test_rel rank 2.0348069613922783
Epoch 755 :  test_rel rank 2.037007401480296
Epoch 760 :  test_rel rank 2.033206641328266
Epoch 765 :  test_rel rank 2.030406081216243
Epoch 770 :  test_rel rank 2.0306061212242446
Epoch 775 :  test_rel rank 2.0316063212642526
Epoch 780 :  test_rel rank 2.030406081216243
Epoch 785 :  test_rel rank 2.0318063612722543
Epoch 790 :  test_rel rank 2.03120624124825
Epoch 795 :  test_rel rank 2.0334066813362672
Epoch 800 :  test_rel rank 2.033006601320264
Epoch 805 :  test_rel rank 2.0336067213442686
Epoch 810 :  test_rel rank 2.0328065613122623
Epoch 815 :  test_rel rank 2.0328065613122623
Epoch 820 :  test_rel rank 2.033006601320264
Epoch 825 :  test_rel rank 2.0334066813362672
Epoch 830 :  test_rel rank 2.0314062812562512
Epoch 835 :  test_rel rank 2.0306061212242446
Epoch 840 :  test_rel rank 2.030206041208242
Epoch 845 :  test_rel rank 2.0316063212642526
Epoch 850 :  test_rel rank 2.0324064812962592
Epoch 855 :  test_rel rank 2.0348069613922783
Epoch 860 :  test_rel rank 2.0354070814162832
Epoch 865 :  test_rel rank 2.033206641328266
Epoch 870 :  test_rel rank 2.0344068813762752
Epoch 875 :  test_rel rank 2.0344068813762752
Epoch 880 :  test_rel rank 2.0336067213442686
Epoch 885 :  test_rel rank 2.0326065213042606
Epoch 890 :  test_rel rank 2.0314062812562512
Epoch 895 :  test_rel rank 2.031006201240248
Epoch 900 :  test_rel rank 2.030406081216243
Epoch 905 :  test_rel rank 2.032006401280256
Epoch 910 :  test_rel rank 2.0358071614322863
Epoch 915 :  test_rel rank 2.033006601320264
Epoch 920 :  test_rel rank 2.034006801360272
Epoch 925 :  test_rel rank 2.0314062812562512
Epoch 930 :  test_rel rank 2.0298059611922383
Epoch 935 :  test_rel rank 2.03000600120024
Epoch 940 :  test_rel rank 2.0316063212642526
Epoch 945 :  test_rel rank 2.03120624124825
Epoch 950 :  test_rel rank 2.030406081216243
Epoch 955 :  test_rel rank 2.031006201240248
Epoch 960 :  test_rel rank 2.030206041208242
Epoch 965 :  test_rel rank 2.0314062812562512
Epoch 970 :  test_rel rank 2.030206041208242
Epoch 975 :  test_rel rank 2.0324064812962592
Epoch 980 :  test_rel rank 2.034206841368274
Epoch 985 :  test_rel rank 2.0314062812562512
Epoch 990 :  test_rel rank 2.035207041408282
Epoch 995 :  test_rel rank 2.0356071214242846
Traceback (most recent call last):
  File "/home/adityad/HyTE/HyTE-master/result_eval_relation.py", line 16, in <module>
    model_output_rel = open('results/'+args.model+'/valid_rel_pred_{}.txt'.format(k))
FileNotFoundError: [Errno 2] No such file or directory: 'results/lit_comb_sle_yago_data_model/valid_rel_pred_1000.txt'
